[ 2024-07-12 00:10:36,842  97 werkzeug - WARNING -  * Debugger is active!]
[ 2024-07-12 00:10:36,850  97 werkzeug - INFO -  * Debugger PIN: 521-569-415]
[ 2024-07-12 00:10:44,564  24 COMPONENTS - INFO - Doing text preprocessing]
[ 2024-07-12 00:10:44,577  31 COMPONENTS - INFO - Text preprocessing done. After text preprocessing X is :               description
0  [best, horror, movies]]
[ 2024-07-12 00:10:44,577  32 COMPONENTS - INFO - Loading the w2vModel]
[ 2024-07-12 00:10:44,873  36 COMPONENTS - INFO - Loaded w2vModel]
[ 2024-07-12 00:10:44,873  37 COMPONENTS - INFO - Applying w2vModel on input X]
[ 2024-07-12 00:10:44,874  42 COMPONENTS - INFO - Applied w2vModel on input X. X = Empty DataFrame
Columns: [description]
Index: []]
[ 2024-07-12 00:10:44,874  43 COMPONENTS - INFO - Loading the pcaModel]
[ 2024-07-12 00:10:44,887  47 COMPONENTS - INFO - Loaded pcamodel]
[ 2024-07-12 00:10:44,888  48 COMPONENTS - INFO - Applying pcamodel on input X]
[ 2024-07-12 00:10:44,888  53 COMPONENTS - INFO - Applied pcamodel on input X. X = [[ 1.9338311e+00  2.4917886e+00 -1.2299807e+00 -4.3180346e-01
  -3.3893118e+00 -8.7307590e-01 -3.3421073e+00  3.5017405e+00
   1.5336080e+00 -4.5522070e-01  1.9226351e+00  2.3106699e+00
  -1.7451062e+00 -2.8531463e-03 -2.9479809e+00 -6.4383966e-01
   2.8544393e+00  5.8856422e-01  2.6177416e+00  5.5827796e-03
  -2.3869312e+00  3.6321287e+00  1.5885950e+00  1.9967240e+00
   2.3468542e+00  6.0681660e-02 -2.0784545e+00 -5.5294746e-01
   1.6657467e+00 -1.7726469e+00  4.6629373e-02  1.6424302e+00
  -2.3565676e+00 -1.9623157e+00 -5.3520650e-01 -9.0787876e-01
   4.5054005e-03  1.0344667e+00 -9.1627294e-01 -1.0698818e+00
  -5.0641666e-03 -8.8119978e-01 -7.5901759e-01  3.8655880e-01
  -1.0414721e+00 -4.4765857e-01  8.3114839e-01  6.7829800e-01
  -8.6854291e-01  8.0773696e-02 -2.8390303e-01  6.2159216e-01
   2.0224428e-02 -8.9232844e-01  1.1266884e-01  6.1266863e-01
   1.1611048e+00 -7.8696311e-01 -9.4800532e-01 -1.8155050e-01
  -6.1200595e-01  6.9345856e-01  5.7034564e-01  8.9415079e-01
   9.6261948e-01  8.5444862e-01  5.6802493e-01 -6.9823611e-01
  -1.3503450e+00 -7.5991118e-01  2.1714240e-01  1.9272068e+00
  -1.0944865e+00  3.7411633e-01  5.1541799e-01  2.5747504e+00
   1.1194638e+00 -9.8953091e-02  5.0618440e-01 -1.2856839e+00
   1.5352756e-01 -1.3333993e+00  7.5786996e-01 -1.9883474e+00
  -8.4479415e-01 -6.6551447e-01 -3.9744785e-01  3.5446227e-01
   5.6805980e-01  1.8478429e+00  1.3197318e+00  2.5133579e+00
   1.5867985e+00  1.4459057e+00 -5.5502385e-01 -1.8893071e+00
  -2.3581453e-01  2.2755919e+00 -3.6050907e-01  1.3643357e-01]]]
[ 2024-07-12 00:10:44,888  54 COMPONENTS - INFO - Finding top 10 similar products by calculating cosine similarity]
[ 2024-07-12 00:10:52,874  97 werkzeug - INFO - 127.0.0.1 - - [12/Jul/2024 00:10:52] "[35m[1mPOST /predict HTTP/1.1[0m" 500 -]
[ 2024-07-12 00:12:03,443  97 werkzeug - INFO -  * Detected change in '/Users/sanketsaxena/Desktop/RECOMMENDATIONSYSTEM/src/utils.py', reloading]
