[ 2024-07-12 00:25:40,995  107 dagshub - INFO - Accessing as sanket-profile]
[ 2024-07-12 00:25:41,417  107 dagshub - INFO - Initialized MLflow to track repo "sanket-profile/recommendationSystem"]
[ 2024-07-12 00:25:41,418  107 dagshub - INFO - Repository sanket-profile/recommendationSystem initialized!]
[ 2024-07-12 00:25:45,635  68 COMPONENTS - INFO - Spliting the titleDescr column into list and removing duplicate words]
[ 2024-07-12 00:25:46,866  72 COMPONENTS - INFO - Splited the titleDescr column into list and removed duplicate words]
[ 2024-07-12 00:25:46,866  73 COMPONENTS - INFO - Text Cleaning and Preprocessing completed]
[ 2024-07-12 00:25:46,866  74 COMPONENTS - INFO - Saving the transformed df into Artifact Folder]
[ 2024-07-12 00:25:51,680  78 COMPONENTS - INFO - Saved the transformed df into Artifact Folder]
[ 2024-07-12 00:25:53,628  41 COMPONENTS - INFO - Starting the training process]
[ 2024-07-12 00:25:53,629  42 COMPONENTS - INFO - Initializing W2V model with 100 feature output]
[ 2024-07-12 00:25:53,685  448 gensim.utils - INFO - Word2Vec lifecycle event {'params': 'Word2Vec<vocab=0, vector_size=100, alpha=0.03>', 'datetime': '2024-07-12T00:25:53.629946', 'gensim': '4.3.2', 'python': '3.12.0 | packaged by Anaconda, Inc. | (main, Oct  2 2023, 12:22:05) [Clang 14.0.6 ]', 'platform': 'macOS-14.2.1-arm64-arm-64bit', 'event': 'created'}]
[ 2024-07-12 00:25:53,685  54 COMPONENTS - INFO - Initialized W2V model]
[ 2024-07-12 00:25:53,685  55 COMPONENTS - INFO - Building Vocab Count]
[ 2024-07-12 00:25:53,686  582 gensim.models.word2vec - INFO - collecting all words and their counts]
[ 2024-07-12 00:25:53,686  565 gensim.models.word2vec - INFO - PROGRESS: at sentence #0, processed 0 words, keeping 0 word types]
[ 2024-07-12 00:25:53,718  565 gensim.models.word2vec - INFO - PROGRESS: at sentence #10000, processed 303438 words, keeping 46173 word types]
[ 2024-07-12 00:25:53,748  565 gensim.models.word2vec - INFO - PROGRESS: at sentence #20000, processed 610043 words, keeping 71278 word types]
[ 2024-07-12 00:25:53,780  565 gensim.models.word2vec - INFO - PROGRESS: at sentence #30000, processed 913728 words, keeping 91650 word types]
[ 2024-07-12 00:25:53,810  565 gensim.models.word2vec - INFO - PROGRESS: at sentence #40000, processed 1214370 words, keeping 109521 word types]
[ 2024-07-12 00:25:53,842  565 gensim.models.word2vec - INFO - PROGRESS: at sentence #50000, processed 1513691 words, keeping 126267 word types]
[ 2024-07-12 00:25:53,875  565 gensim.models.word2vec - INFO - PROGRESS: at sentence #60000, processed 1816805 words, keeping 142131 word types]
[ 2024-07-12 00:25:53,909  565 gensim.models.word2vec - INFO - PROGRESS: at sentence #70000, processed 2119524 words, keeping 157531 word types]
[ 2024-07-12 00:25:53,943  565 gensim.models.word2vec - INFO - PROGRESS: at sentence #80000, processed 2421663 words, keeping 172089 word types]
[ 2024-07-12 00:25:53,981  565 gensim.models.word2vec - INFO - PROGRESS: at sentence #90000, processed 2724623 words, keeping 185895 word types]
[ 2024-07-12 00:25:54,015  565 gensim.models.word2vec - INFO - PROGRESS: at sentence #100000, processed 3026260 words, keeping 199545 word types]
[ 2024-07-12 00:25:54,049  565 gensim.models.word2vec - INFO - PROGRESS: at sentence #110000, processed 3326556 words, keeping 212364 word types]
[ 2024-07-12 00:25:54,083  565 gensim.models.word2vec - INFO - PROGRESS: at sentence #120000, processed 3625932 words, keeping 225111 word types]
[ 2024-07-12 00:25:54,124  565 gensim.models.word2vec - INFO - PROGRESS: at sentence #130000, processed 3925729 words, keeping 237810 word types]
[ 2024-07-12 00:25:54,159  565 gensim.models.word2vec - INFO - PROGRESS: at sentence #140000, processed 4228640 words, keeping 250136 word types]
[ 2024-07-12 00:25:54,193  565 gensim.models.word2vec - INFO - PROGRESS: at sentence #150000, processed 4526892 words, keeping 262135 word types]
[ 2024-07-12 00:25:54,228  565 gensim.models.word2vec - INFO - PROGRESS: at sentence #160000, processed 4830454 words, keeping 274044 word types]
[ 2024-07-12 00:25:54,263  565 gensim.models.word2vec - INFO - PROGRESS: at sentence #170000, processed 5126970 words, keeping 285384 word types]
[ 2024-07-12 00:25:54,299  565 gensim.models.word2vec - INFO - PROGRESS: at sentence #180000, processed 5426563 words, keeping 297064 word types]
[ 2024-07-12 00:25:54,334  565 gensim.models.word2vec - INFO - PROGRESS: at sentence #190000, processed 5729138 words, keeping 308306 word types]
[ 2024-07-12 00:25:54,370  565 gensim.models.word2vec - INFO - PROGRESS: at sentence #200000, processed 6026054 words, keeping 318961 word types]
[ 2024-07-12 00:25:54,405  565 gensim.models.word2vec - INFO - PROGRESS: at sentence #210000, processed 6325375 words, keeping 329759 word types]
[ 2024-07-12 00:25:54,441  565 gensim.models.word2vec - INFO - PROGRESS: at sentence #220000, processed 6622834 words, keeping 340532 word types]
[ 2024-07-12 00:25:54,442  588 gensim.models.word2vec - INFO - collected 340600 word types from a corpus of 6624516 raw words and 220039 sentences]
[ 2024-07-12 00:25:54,442  637 gensim.models.word2vec - INFO - Creating a fresh vocabulary]
[ 2024-07-12 00:25:54,891  448 gensim.utils - INFO - Word2Vec lifecycle event {'msg': 'effective_min_count=1 retains 340600 unique words (100.00% of original 340600, drops 0)', 'datetime': '2024-07-12T00:25:54.890988', 'gensim': '4.3.2', 'python': '3.12.0 | packaged by Anaconda, Inc. | (main, Oct  2 2023, 12:22:05) [Clang 14.0.6 ]', 'platform': 'macOS-14.2.1-arm64-arm-64bit', 'event': 'prepare_vocab'}]
[ 2024-07-12 00:25:54,891  448 gensim.utils - INFO - Word2Vec lifecycle event {'msg': 'effective_min_count=1 leaves 6624516 word corpus (100.00% of original 6624516, drops 0)', 'datetime': '2024-07-12T00:25:54.891097', 'gensim': '4.3.2', 'python': '3.12.0 | packaged by Anaconda, Inc. | (main, Oct  2 2023, 12:22:05) [Clang 14.0.6 ]', 'platform': 'macOS-14.2.1-arm64-arm-64bit', 'event': 'prepare_vocab'}]
[ 2024-07-12 00:25:55,546  745 gensim.models.word2vec - INFO - deleting the raw counts dictionary of 340600 items]
[ 2024-07-12 00:25:55,549  748 gensim.models.word2vec - INFO - sample=0.001 downsamples 19 most-common words]
[ 2024-07-12 00:25:55,550  448 gensim.utils - INFO - Word2Vec lifecycle event {'msg': 'downsampling leaves estimated 6413668.509691262 word corpus (96.8%% of prior 6624516)', 'datetime': '2024-07-12T00:25:55.549998', 'gensim': '4.3.2', 'python': '3.12.0 | packaged by Anaconda, Inc. | (main, Oct  2 2023, 12:22:05) [Clang 14.0.6 ]', 'platform': 'macOS-14.2.1-arm64-arm-64bit', 'event': 'prepare_vocab'}]
[ 2024-07-12 00:25:56,671  805 gensim.models.word2vec - INFO - estimated required memory for 340600 words and 100 dimensions: 442780000 bytes]
[ 2024-07-12 00:25:56,671  863 gensim.models.word2vec - INFO - resetting layer weights]
[ 2024-07-12 00:25:56,777  448 gensim.utils - INFO - Word2Vec lifecycle event {'update': False, 'trim_rule': 'None', 'datetime': '2024-07-12T00:25:56.777082', 'gensim': '4.3.2', 'python': '3.12.0 | packaged by Anaconda, Inc. | (main, Oct  2 2023, 12:22:05) [Clang 14.0.6 ]', 'platform': 'macOS-14.2.1-arm64-arm-64bit', 'event': 'build_vocab'}]
[ 2024-07-12 00:25:56,777  60 COMPONENTS - INFO - Completed Building Vocab Count]
[ 2024-07-12 00:25:56,777  61 COMPONENTS - INFO - Starting training W2Vmodel]
[ 2024-07-12 00:25:56,777  448 gensim.utils - INFO - Word2Vec lifecycle event {'msg': 'training model with 8 workers on 340600 vocabulary and 100 features, using sg=0 hs=0 sample=0.001 negative=20 window=7 shrink_windows=True', 'datetime': '2024-07-12T00:25:56.777270', 'gensim': '4.3.2', 'python': '3.12.0 | packaged by Anaconda, Inc. | (main, Oct  2 2023, 12:22:05) [Clang 14.0.6 ]', 'platform': 'macOS-14.2.1-arm64-arm-64bit', 'event': 'train'}]
[ 2024-07-12 00:25:57,799  1608 gensim.models.word2vec - INFO - EPOCH 0 - PROGRESS: at 15.50% examples, 986453 words/s, in_qsize 16, out_qsize 0]
[ 2024-07-12 00:25:58,804  1608 gensim.models.word2vec - INFO - EPOCH 0 - PROGRESS: at 32.20% examples, 1026015 words/s, in_qsize 15, out_qsize 0]
[ 2024-07-12 00:25:59,805  1608 gensim.models.word2vec - INFO - EPOCH 0 - PROGRESS: at 48.28% examples, 1028478 words/s, in_qsize 15, out_qsize 0]
[ 2024-07-12 00:26:00,808  1608 gensim.models.word2vec - INFO - EPOCH 0 - PROGRESS: at 64.11% examples, 1023967 words/s, in_qsize 15, out_qsize 0]
[ 2024-07-12 00:26:01,816  1608 gensim.models.word2vec - INFO - EPOCH 0 - PROGRESS: at 80.17% examples, 1022328 words/s, in_qsize 15, out_qsize 1]
[ 2024-07-12 00:26:02,827  1608 gensim.models.word2vec - INFO - EPOCH 0 - PROGRESS: at 96.49% examples, 1023815 words/s, in_qsize 16, out_qsize 0]
[ 2024-07-12 00:26:03,018  1652 gensim.models.word2vec - INFO - EPOCH 0: training on 6624516 raw words (6413820 effective words) took 6.2s, 1028135 effective words/s]
[ 2024-07-12 00:26:04,028  1608 gensim.models.word2vec - INFO - EPOCH 1 - PROGRESS: at 15.34% examples, 988187 words/s, in_qsize 14, out_qsize 1]
[ 2024-07-12 00:26:05,034  1608 gensim.models.word2vec - INFO - EPOCH 1 - PROGRESS: at 31.00% examples, 993595 words/s, in_qsize 14, out_qsize 1]
[ 2024-07-12 00:26:06,059  1608 gensim.models.word2vec - INFO - EPOCH 1 - PROGRESS: at 45.38% examples, 963633 words/s, in_qsize 13, out_qsize 2]
[ 2024-07-12 00:26:07,074  1608 gensim.models.word2vec - INFO - EPOCH 1 - PROGRESS: at 59.61% examples, 946427 words/s, in_qsize 15, out_qsize 0]
[ 2024-07-12 00:26:08,077  1608 gensim.models.word2vec - INFO - EPOCH 1 - PROGRESS: at 75.07% examples, 955317 words/s, in_qsize 15, out_qsize 0]
[ 2024-07-12 00:26:09,091  1608 gensim.models.word2vec - INFO - EPOCH 1 - PROGRESS: at 91.34% examples, 966056 words/s, in_qsize 15, out_qsize 0]
[ 2024-07-12 00:26:09,654  1652 gensim.models.word2vec - INFO - EPOCH 1: training on 6624516 raw words (6414378 effective words) took 6.6s, 966983 effective words/s]
[ 2024-07-12 00:26:10,668  1608 gensim.models.word2vec - INFO - EPOCH 2 - PROGRESS: at 14.30% examples, 923278 words/s, in_qsize 15, out_qsize 0]
[ 2024-07-12 00:26:11,686  1608 gensim.models.word2vec - INFO - EPOCH 2 - PROGRESS: at 29.80% examples, 950440 words/s, in_qsize 16, out_qsize 0]
[ 2024-07-12 00:26:12,692  1608 gensim.models.word2vec - INFO - EPOCH 2 - PROGRESS: at 45.53% examples, 969743 words/s, in_qsize 15, out_qsize 0]
[ 2024-07-12 00:26:13,694  1608 gensim.models.word2vec - INFO - EPOCH 2 - PROGRESS: at 61.87% examples, 987403 words/s, in_qsize 16, out_qsize 0]
[ 2024-07-12 00:26:14,700  1608 gensim.models.word2vec - INFO - EPOCH 2 - PROGRESS: at 78.21% examples, 997125 words/s, in_qsize 15, out_qsize 0]
[ 2024-07-12 00:26:15,705  1608 gensim.models.word2vec - INFO - EPOCH 2 - PROGRESS: at 94.20% examples, 1000770 words/s, in_qsize 15, out_qsize 0]
[ 2024-07-12 00:26:16,042  1652 gensim.models.word2vec - INFO - EPOCH 2: training on 6624516 raw words (6413785 effective words) took 6.4s, 1005377 effective words/s]
[ 2024-07-12 00:26:17,055  1608 gensim.models.word2vec - INFO - EPOCH 3 - PROGRESS: at 15.34% examples, 985707 words/s, in_qsize 15, out_qsize 0]
[ 2024-07-12 00:26:18,063  1608 gensim.models.word2vec - INFO - EPOCH 3 - PROGRESS: at 31.75% examples, 1015314 words/s, in_qsize 15, out_qsize 0]
[ 2024-07-12 00:26:19,065  1608 gensim.models.word2vec - INFO - EPOCH 3 - PROGRESS: at 46.91% examples, 1001352 words/s, in_qsize 15, out_qsize 0]
[ 2024-07-12 00:26:20,078  1608 gensim.models.word2vec - INFO - EPOCH 3 - PROGRESS: at 63.50% examples, 1013392 words/s, in_qsize 15, out_qsize 0]
[ 2024-07-12 00:26:21,094  1608 gensim.models.word2vec - INFO - EPOCH 3 - PROGRESS: at 79.72% examples, 1014041 words/s, in_qsize 15, out_qsize 0]
[ 2024-07-12 00:26:22,096  1608 gensim.models.word2vec - INFO - EPOCH 3 - PROGRESS: at 96.17% examples, 1020007 words/s, in_qsize 16, out_qsize 0]
[ 2024-07-12 00:26:22,305  1652 gensim.models.word2vec - INFO - EPOCH 3: training on 6624516 raw words (6413770 effective words) took 6.3s, 1024627 effective words/s]
[ 2024-07-12 00:26:23,310  1608 gensim.models.word2vec - INFO - EPOCH 4 - PROGRESS: at 15.34% examples, 992926 words/s, in_qsize 16, out_qsize 0]
[ 2024-07-12 00:26:24,324  1608 gensim.models.word2vec - INFO - EPOCH 4 - PROGRESS: at 31.91% examples, 1020462 words/s, in_qsize 15, out_qsize 0]
[ 2024-07-12 00:26:25,328  1608 gensim.models.word2vec - INFO - EPOCH 4 - PROGRESS: at 47.66% examples, 1017115 words/s, in_qsize 14, out_qsize 1]
[ 2024-07-12 00:26:26,334  1608 gensim.models.word2vec - INFO - EPOCH 4 - PROGRESS: at 63.50% examples, 1014931 words/s, in_qsize 15, out_qsize 0]
[ 2024-07-12 00:26:27,350  1608 gensim.models.word2vec - INFO - EPOCH 4 - PROGRESS: at 80.17% examples, 1021031 words/s, in_qsize 15, out_qsize 0]
[ 2024-07-12 00:26:28,351  1608 gensim.models.word2vec - INFO - EPOCH 4 - PROGRESS: at 96.00% examples, 1019649 words/s, in_qsize 16, out_qsize 0]
[ 2024-07-12 00:26:28,572  1652 gensim.models.word2vec - INFO - EPOCH 4: training on 6624516 raw words (6413270 effective words) took 6.3s, 1023794 effective words/s]
[ 2024-07-12 00:26:29,587  1608 gensim.models.word2vec - INFO - EPOCH 5 - PROGRESS: at 14.45% examples, 925854 words/s, in_qsize 15, out_qsize 0]
[ 2024-07-12 00:26:30,612  1608 gensim.models.word2vec - INFO - EPOCH 5 - PROGRESS: at 28.15% examples, 891543 words/s, in_qsize 13, out_qsize 2]
[ 2024-07-12 00:26:31,614  1608 gensim.models.word2vec - INFO - EPOCH 5 - PROGRESS: at 43.13% examples, 915728 words/s, in_qsize 13, out_qsize 2]
[ 2024-07-12 00:26:32,635  1608 gensim.models.word2vec - INFO - EPOCH 5 - PROGRESS: at 59.62% examples, 944522 words/s, in_qsize 14, out_qsize 1]
[ 2024-07-12 00:26:33,643  1608 gensim.models.word2vec - INFO - EPOCH 5 - PROGRESS: at 76.29% examples, 968281 words/s, in_qsize 15, out_qsize 0]
[ 2024-07-12 00:26:34,659  1608 gensim.models.word2vec - INFO - EPOCH 5 - PROGRESS: at 93.46% examples, 985926 words/s, in_qsize 15, out_qsize 0]
[ 2024-07-12 00:26:35,027  1652 gensim.models.word2vec - INFO - EPOCH 5: training on 6624516 raw words (6414047 effective words) took 6.5s, 993985 effective words/s]
[ 2024-07-12 00:26:36,063  1608 gensim.models.word2vec - INFO - EPOCH 6 - PROGRESS: at 15.65% examples, 982296 words/s, in_qsize 16, out_qsize 1]
[ 2024-07-12 00:26:37,064  1608 gensim.models.word2vec - INFO - EPOCH 6 - PROGRESS: at 32.05% examples, 1016249 words/s, in_qsize 15, out_qsize 0]
[ 2024-07-12 00:26:38,072  1608 gensim.models.word2vec - INFO - EPOCH 6 - PROGRESS: at 47.97% examples, 1016374 words/s, in_qsize 15, out_qsize 0]
[ 2024-07-12 00:26:39,084  1608 gensim.models.word2vec - INFO - EPOCH 6 - PROGRESS: at 64.26% examples, 1019783 words/s, in_qsize 15, out_qsize 0]
[ 2024-07-12 00:26:40,096  1608 gensim.models.word2vec - INFO - EPOCH 6 - PROGRESS: at 79.86% examples, 1012497 words/s, in_qsize 15, out_qsize 0]
[ 2024-07-12 00:26:41,101  1608 gensim.models.word2vec - INFO - EPOCH 6 - PROGRESS: at 96.00% examples, 1015120 words/s, in_qsize 14, out_qsize 1]
[ 2024-07-12 00:26:41,327  1652 gensim.models.word2vec - INFO - EPOCH 6: training on 6624516 raw words (6413739 effective words) took 6.3s, 1018597 effective words/s]
[ 2024-07-12 00:26:42,335  1608 gensim.models.word2vec - INFO - EPOCH 7 - PROGRESS: at 14.30% examples, 922671 words/s, in_qsize 16, out_qsize 3]
[ 2024-07-12 00:26:43,339  1608 gensim.models.word2vec - INFO - EPOCH 7 - PROGRESS: at 30.25% examples, 970924 words/s, in_qsize 15, out_qsize 0]
[ 2024-07-12 00:26:44,351  1608 gensim.models.word2vec - INFO - EPOCH 7 - PROGRESS: at 46.00% examples, 981650 words/s, in_qsize 15, out_qsize 0]
[ 2024-07-12 00:26:45,367  1608 gensim.models.word2vec - INFO - EPOCH 7 - PROGRESS: at 61.87% examples, 985594 words/s, in_qsize 15, out_qsize 2]
[ 2024-07-12 00:26:46,381  1608 gensim.models.word2vec - INFO - EPOCH 7 - PROGRESS: at 77.10% examples, 980926 words/s, in_qsize 16, out_qsize 0]
[ 2024-07-12 00:26:47,460  1608 gensim.models.word2vec - INFO - EPOCH 7 - PROGRESS: at 91.19% examples, 954616 words/s, in_qsize 15, out_qsize 4]
[ 2024-07-12 00:26:48,041  1652 gensim.models.word2vec - INFO - EPOCH 7: training on 6624516 raw words (6412980 effective words) took 6.7s, 955534 effective words/s]
[ 2024-07-12 00:26:49,050  1608 gensim.models.word2vec - INFO - EPOCH 8 - PROGRESS: at 11.95% examples, 768656 words/s, in_qsize 16, out_qsize 0]
[ 2024-07-12 00:26:50,059  1608 gensim.models.word2vec - INFO - EPOCH 8 - PROGRESS: at 25.19% examples, 805453 words/s, in_qsize 15, out_qsize 0]
[ 2024-07-12 00:26:51,091  1608 gensim.models.word2vec - INFO - EPOCH 8 - PROGRESS: at 38.64% examples, 818108 words/s, in_qsize 15, out_qsize 0]
[ 2024-07-12 00:26:52,101  1608 gensim.models.word2vec - INFO - EPOCH 8 - PROGRESS: at 52.77% examples, 838110 words/s, in_qsize 14, out_qsize 1]
[ 2024-07-12 00:26:53,120  1608 gensim.models.word2vec - INFO - EPOCH 8 - PROGRESS: at 67.92% examples, 860195 words/s, in_qsize 15, out_qsize 0]
[ 2024-07-12 00:26:54,133  1608 gensim.models.word2vec - INFO - EPOCH 8 - PROGRESS: at 82.71% examples, 872583 words/s, in_qsize 14, out_qsize 1]
[ 2024-07-12 00:26:55,152  1608 gensim.models.word2vec - INFO - EPOCH 8 - PROGRESS: at 99.24% examples, 895628 words/s, in_qsize 5, out_qsize 1]
[ 2024-07-12 00:26:55,185  1652 gensim.models.word2vec - INFO - EPOCH 8: training on 6624516 raw words (6413936 effective words) took 7.1s, 898186 effective words/s]
[ 2024-07-12 00:26:56,197  1608 gensim.models.word2vec - INFO - EPOCH 9 - PROGRESS: at 15.04% examples, 967906 words/s, in_qsize 15, out_qsize 0]
[ 2024-07-12 00:26:57,250  1608 gensim.models.word2vec - INFO - EPOCH 9 - PROGRESS: at 30.24% examples, 946845 words/s, in_qsize 15, out_qsize 0]
[ 2024-07-12 00:26:58,256  1608 gensim.models.word2vec - INFO - EPOCH 9 - PROGRESS: at 42.67% examples, 897807 words/s, in_qsize 14, out_qsize 1]
[ 2024-07-12 00:26:59,258  1608 gensim.models.word2vec - INFO - EPOCH 9 - PROGRESS: at 56.44% examples, 892689 words/s, in_qsize 16, out_qsize 0]
[ 2024-07-12 00:27:00,281  1608 gensim.models.word2vec - INFO - EPOCH 9 - PROGRESS: at 70.93% examples, 895268 words/s, in_qsize 15, out_qsize 0]
[ 2024-07-12 00:27:01,281  1608 gensim.models.word2vec - INFO - EPOCH 9 - PROGRESS: at 85.99% examples, 906896 words/s, in_qsize 14, out_qsize 1]
[ 2024-07-12 00:27:02,148  1652 gensim.models.word2vec - INFO - EPOCH 9: training on 6624516 raw words (6414104 effective words) took 7.0s, 921598 effective words/s]
[ 2024-07-12 00:27:03,156  1608 gensim.models.word2vec - INFO - EPOCH 10 - PROGRESS: at 15.18% examples, 980878 words/s, in_qsize 15, out_qsize 0]
[ 2024-07-12 00:27:04,159  1608 gensim.models.word2vec - INFO - EPOCH 10 - PROGRESS: at 31.16% examples, 1001038 words/s, in_qsize 15, out_qsize 0]
[ 2024-07-12 00:27:05,168  1608 gensim.models.word2vec - INFO - EPOCH 10 - PROGRESS: at 47.21% examples, 1008713 words/s, in_qsize 15, out_qsize 0]
[ 2024-07-12 00:27:06,190  1608 gensim.models.word2vec - INFO - EPOCH 10 - PROGRESS: at 63.50% examples, 1011744 words/s, in_qsize 14, out_qsize 1]
[ 2024-07-12 00:27:07,198  1608 gensim.models.word2vec - INFO - EPOCH 10 - PROGRESS: at 79.72% examples, 1014277 words/s, in_qsize 15, out_qsize 0]
[ 2024-07-12 00:27:08,209  1608 gensim.models.word2vec - INFO - EPOCH 10 - PROGRESS: at 95.12% examples, 1007683 words/s, in_qsize 16, out_qsize 0]
[ 2024-07-12 00:27:08,484  1652 gensim.models.word2vec - INFO - EPOCH 10: training on 6624516 raw words (6413066 effective words) took 6.3s, 1012712 effective words/s]
[ 2024-07-12 00:27:09,494  1608 gensim.models.word2vec - INFO - EPOCH 11 - PROGRESS: at 15.50% examples, 997479 words/s, in_qsize 15, out_qsize 0]
[ 2024-07-12 00:27:10,510  1608 gensim.models.word2vec - INFO - EPOCH 11 - PROGRESS: at 31.75% examples, 1012080 words/s, in_qsize 13, out_qsize 2]
[ 2024-07-12 00:27:11,521  1608 gensim.models.word2vec - INFO - EPOCH 11 - PROGRESS: at 48.13% examples, 1022097 words/s, in_qsize 16, out_qsize 0]
[ 2024-07-12 00:27:12,539  1608 gensim.models.word2vec - INFO - EPOCH 11 - PROGRESS: at 63.06% examples, 1001343 words/s, in_qsize 16, out_qsize 0]
[ 2024-07-12 00:27:13,557  1608 gensim.models.word2vec - INFO - EPOCH 11 - PROGRESS: at 79.70% examples, 1009826 words/s, in_qsize 15, out_qsize 0]
[ 2024-07-12 00:27:14,570  1608 gensim.models.word2vec - INFO - EPOCH 11 - PROGRESS: at 96.15% examples, 1014681 words/s, in_qsize 15, out_qsize 0]
[ 2024-07-12 00:27:14,784  1652 gensim.models.word2vec - INFO - EPOCH 11: training on 6624516 raw words (6414035 effective words) took 6.3s, 1018517 effective words/s]
[ 2024-07-12 00:27:15,792  1608 gensim.models.word2vec - INFO - EPOCH 12 - PROGRESS: at 15.66% examples, 1009358 words/s, in_qsize 15, out_qsize 0]
[ 2024-07-12 00:27:16,793  1608 gensim.models.word2vec - INFO - EPOCH 12 - PROGRESS: at 31.89% examples, 1025330 words/s, in_qsize 16, out_qsize 0]
[ 2024-07-12 00:27:17,802  1608 gensim.models.word2vec - INFO - EPOCH 12 - PROGRESS: at 48.28% examples, 1031589 words/s, in_qsize 15, out_qsize 0]
[ 2024-07-12 00:27:18,816  1608 gensim.models.word2vec - INFO - EPOCH 12 - PROGRESS: at 64.41% examples, 1028335 words/s, in_qsize 16, out_qsize 0]
[ 2024-07-12 00:27:19,826  1608 gensim.models.word2vec - INFO - EPOCH 12 - PROGRESS: at 80.77% examples, 1029288 words/s, in_qsize 15, out_qsize 0]
[ 2024-07-12 00:27:20,855  1608 gensim.models.word2vec - INFO - EPOCH 12 - PROGRESS: at 97.12% examples, 1026612 words/s, in_qsize 16, out_qsize 2]
[ 2024-07-12 00:27:20,988  1652 gensim.models.word2vec - INFO - EPOCH 12: training on 6624516 raw words (6413532 effective words) took 6.2s, 1034168 effective words/s]
[ 2024-07-12 00:27:21,999  1608 gensim.models.word2vec - INFO - EPOCH 13 - PROGRESS: at 15.50% examples, 997181 words/s, in_qsize 14, out_qsize 1]
[ 2024-07-12 00:27:23,012  1608 gensim.models.word2vec - INFO - EPOCH 13 - PROGRESS: at 31.75% examples, 1013283 words/s, in_qsize 15, out_qsize 0]
[ 2024-07-12 00:27:24,023  1608 gensim.models.word2vec - INFO - EPOCH 13 - PROGRESS: at 47.66% examples, 1013424 words/s, in_qsize 14, out_qsize 1]
[ 2024-07-12 00:27:25,035  1608 gensim.models.word2vec - INFO - EPOCH 13 - PROGRESS: at 63.96% examples, 1017656 words/s, in_qsize 15, out_qsize 0]
[ 2024-07-12 00:27:26,039  1608 gensim.models.word2vec - INFO - EPOCH 13 - PROGRESS: at 80.02% examples, 1017954 words/s, in_qsize 16, out_qsize 0]
[ 2024-07-12 00:27:27,056  1608 gensim.models.word2vec - INFO - EPOCH 13 - PROGRESS: at 96.17% examples, 1017633 words/s, in_qsize 15, out_qsize 0]
[ 2024-07-12 00:27:27,258  1652 gensim.models.word2vec - INFO - EPOCH 13: training on 6624516 raw words (6413458 effective words) took 6.3s, 1023320 effective words/s]
[ 2024-07-12 00:27:28,268  1608 gensim.models.word2vec - INFO - EPOCH 14 - PROGRESS: at 15.20% examples, 978473 words/s, in_qsize 15, out_qsize 0]
[ 2024-07-12 00:27:29,269  1608 gensim.models.word2vec - INFO - EPOCH 14 - PROGRESS: at 31.74% examples, 1020064 words/s, in_qsize 14, out_qsize 1]
[ 2024-07-12 00:27:30,273  1608 gensim.models.word2vec - INFO - EPOCH 14 - PROGRESS: at 47.21% examples, 1010363 words/s, in_qsize 15, out_qsize 0]
[ 2024-07-12 00:27:31,288  1608 gensim.models.word2vec - INFO - EPOCH 14 - PROGRESS: at 62.61% examples, 1000376 words/s, in_qsize 14, out_qsize 1]
[ 2024-07-12 00:27:32,298  1608 gensim.models.word2vec - INFO - EPOCH 14 - PROGRESS: at 79.10% examples, 1008623 words/s, in_qsize 15, out_qsize 0]
[ 2024-07-12 00:27:33,307  1608 gensim.models.word2vec - INFO - EPOCH 14 - PROGRESS: at 95.57% examples, 1014437 words/s, in_qsize 15, out_qsize 0]
[ 2024-07-12 00:27:33,562  1652 gensim.models.word2vec - INFO - EPOCH 14: training on 6624516 raw words (6413560 effective words) took 6.3s, 1017789 effective words/s]
[ 2024-07-12 00:27:34,582  1608 gensim.models.word2vec - INFO - EPOCH 15 - PROGRESS: at 15.04% examples, 959856 words/s, in_qsize 14, out_qsize 1]
[ 2024-07-12 00:27:35,590  1608 gensim.models.word2vec - INFO - EPOCH 15 - PROGRESS: at 30.86% examples, 982846 words/s, in_qsize 16, out_qsize 2]
[ 2024-07-12 00:27:36,605  1608 gensim.models.word2vec - INFO - EPOCH 15 - PROGRESS: at 46.46% examples, 985302 words/s, in_qsize 14, out_qsize 1]
[ 2024-07-12 00:27:37,612  1608 gensim.models.word2vec - INFO - EPOCH 15 - PROGRESS: at 62.76% examples, 997884 words/s, in_qsize 14, out_qsize 1]
[ 2024-07-12 00:27:38,621  1608 gensim.models.word2vec - INFO - EPOCH 15 - PROGRESS: at 78.65% examples, 999156 words/s, in_qsize 15, out_qsize 0]
[ 2024-07-12 00:27:39,622  1608 gensim.models.word2vec - INFO - EPOCH 15 - PROGRESS: at 94.65% examples, 1003056 words/s, in_qsize 15, out_qsize 0]
[ 2024-07-12 00:27:39,941  1652 gensim.models.word2vec - INFO - EPOCH 15: training on 6624516 raw words (6413647 effective words) took 6.4s, 1005928 effective words/s]
[ 2024-07-12 00:27:40,944  1608 gensim.models.word2vec - INFO - EPOCH 16 - PROGRESS: at 15.04% examples, 975833 words/s, in_qsize 16, out_qsize 0]
[ 2024-07-12 00:27:41,960  1608 gensim.models.word2vec - INFO - EPOCH 16 - PROGRESS: at 31.00% examples, 991626 words/s, in_qsize 13, out_qsize 2]
[ 2024-07-12 00:27:42,970  1608 gensim.models.word2vec - INFO - EPOCH 16 - PROGRESS: at 47.35% examples, 1008692 words/s, in_qsize 15, out_qsize 0]
[ 2024-07-12 00:27:43,977  1608 gensim.models.word2vec - INFO - EPOCH 16 - PROGRESS: at 63.20% examples, 1008248 words/s, in_qsize 15, out_qsize 0]
[ 2024-07-12 00:27:44,995  1608 gensim.models.word2vec - INFO - EPOCH 16 - PROGRESS: at 79.72% examples, 1013386 words/s, in_qsize 15, out_qsize 0]
[ 2024-07-12 00:27:46,005  1608 gensim.models.word2vec - INFO - EPOCH 16 - PROGRESS: at 94.98% examples, 1005426 words/s, in_qsize 15, out_qsize 0]
[ 2024-07-12 00:27:46,294  1652 gensim.models.word2vec - INFO - EPOCH 16: training on 6624516 raw words (6413529 effective words) took 6.4s, 1009881 effective words/s]
[ 2024-07-12 00:27:47,310  1608 gensim.models.word2vec - INFO - EPOCH 17 - PROGRESS: at 15.02% examples, 963363 words/s, in_qsize 16, out_qsize 0]
[ 2024-07-12 00:27:48,326  1608 gensim.models.word2vec - INFO - EPOCH 17 - PROGRESS: at 31.30% examples, 994971 words/s, in_qsize 15, out_qsize 0]
[ 2024-07-12 00:27:49,336  1608 gensim.models.word2vec - INFO - EPOCH 17 - PROGRESS: at 47.51% examples, 1007658 words/s, in_qsize 15, out_qsize 0]
[ 2024-07-12 00:27:50,340  1608 gensim.models.word2vec - INFO - EPOCH 17 - PROGRESS: at 63.21% examples, 1005732 words/s, in_qsize 15, out_qsize 0]
[ 2024-07-12 00:27:51,349  1608 gensim.models.word2vec - INFO - EPOCH 17 - PROGRESS: at 79.26% examples, 1007530 words/s, in_qsize 16, out_qsize 0]
[ 2024-07-12 00:27:52,365  1608 gensim.models.word2vec - INFO - EPOCH 17 - PROGRESS: at 95.43% examples, 1009190 words/s, in_qsize 13, out_qsize 2]
[ 2024-07-12 00:27:52,606  1652 gensim.models.word2vec - INFO - EPOCH 17: training on 6624516 raw words (6413609 effective words) took 6.3s, 1016563 effective words/s]
[ 2024-07-12 00:27:53,625  1608 gensim.models.word2vec - INFO - EPOCH 18 - PROGRESS: at 15.66% examples, 998221 words/s, in_qsize 15, out_qsize 0]
[ 2024-07-12 00:27:54,631  1608 gensim.models.word2vec - INFO - EPOCH 18 - PROGRESS: at 32.20% examples, 1027231 words/s, in_qsize 15, out_qsize 0]
[ 2024-07-12 00:27:55,643  1608 gensim.models.word2vec - INFO - EPOCH 18 - PROGRESS: at 48.43% examples, 1028287 words/s, in_qsize 14, out_qsize 1]
[ 2024-07-12 00:27:56,646  1608 gensim.models.word2vec - INFO - EPOCH 18 - PROGRESS: at 65.01% examples, 1035987 words/s, in_qsize 15, out_qsize 0]
[ 2024-07-12 00:27:57,655  1608 gensim.models.word2vec - INFO - EPOCH 18 - PROGRESS: at 81.21% examples, 1033756 words/s, in_qsize 15, out_qsize 0]
[ 2024-07-12 00:27:58,656  1608 gensim.models.word2vec - INFO - EPOCH 18 - PROGRESS: at 98.02% examples, 1039684 words/s, in_qsize 14, out_qsize 0]
[ 2024-07-12 00:27:58,755  1652 gensim.models.word2vec - INFO - EPOCH 18: training on 6624516 raw words (6413548 effective words) took 6.1s, 1043538 effective words/s]
[ 2024-07-12 00:27:59,762  1608 gensim.models.word2vec - INFO - EPOCH 19 - PROGRESS: at 15.66% examples, 1009675 words/s, in_qsize 15, out_qsize 0]
[ 2024-07-12 00:28:00,770  1608 gensim.models.word2vec - INFO - EPOCH 19 - PROGRESS: at 29.66% examples, 950520 words/s, in_qsize 15, out_qsize 0]
[ 2024-07-12 00:28:01,778  1608 gensim.models.word2vec - INFO - EPOCH 19 - PROGRESS: at 45.07% examples, 962763 words/s, in_qsize 15, out_qsize 0]
[ 2024-07-12 00:28:02,783  1608 gensim.models.word2vec - INFO - EPOCH 19 - PROGRESS: at 61.27% examples, 979078 words/s, in_qsize 15, out_qsize 0]
[ 2024-07-12 00:28:03,786  1608 gensim.models.word2vec - INFO - EPOCH 19 - PROGRESS: at 77.89% examples, 994865 words/s, in_qsize 15, out_qsize 0]
[ 2024-07-12 00:28:04,788  1608 gensim.models.word2vec - INFO - EPOCH 19 - PROGRESS: at 94.18% examples, 1002570 words/s, in_qsize 15, out_qsize 0]
[ 2024-07-12 00:28:05,120  1652 gensim.models.word2vec - INFO - EPOCH 19: training on 6624516 raw words (6413329 effective words) took 6.4s, 1007888 effective words/s]
[ 2024-07-12 00:28:06,130  1608 gensim.models.word2vec - INFO - EPOCH 20 - PROGRESS: at 15.95% examples, 1026747 words/s, in_qsize 15, out_qsize 0]
[ 2024-07-12 00:28:07,141  1608 gensim.models.word2vec - INFO - EPOCH 20 - PROGRESS: at 32.66% examples, 1043918 words/s, in_qsize 15, out_qsize 0]
[ 2024-07-12 00:28:08,151  1608 gensim.models.word2vec - INFO - EPOCH 20 - PROGRESS: at 49.33% examples, 1049763 words/s, in_qsize 14, out_qsize 1]
[ 2024-07-12 00:28:09,161  1608 gensim.models.word2vec - INFO - EPOCH 20 - PROGRESS: at 65.96% examples, 1050230 words/s, in_qsize 15, out_qsize 0]
[ 2024-07-12 00:28:10,174  1608 gensim.models.word2vec - INFO - EPOCH 20 - PROGRESS: at 82.57% examples, 1049897 words/s, in_qsize 13, out_qsize 2]
[ 2024-07-12 00:28:11,180  1608 gensim.models.word2vec - INFO - EPOCH 20 - PROGRESS: at 99.70% examples, 1055706 words/s, in_qsize 2, out_qsize 1]
[ 2024-07-12 00:28:11,199  1652 gensim.models.word2vec - INFO - EPOCH 20: training on 6624516 raw words (6414104 effective words) took 6.1s, 1055580 effective words/s]
[ 2024-07-12 00:28:12,209  1608 gensim.models.word2vec - INFO - EPOCH 21 - PROGRESS: at 14.46% examples, 930677 words/s, in_qsize 15, out_qsize 0]
[ 2024-07-12 00:28:13,216  1608 gensim.models.word2vec - INFO - EPOCH 21 - PROGRESS: at 30.56% examples, 978607 words/s, in_qsize 16, out_qsize 1]
[ 2024-07-12 00:28:14,228  1608 gensim.models.word2vec - INFO - EPOCH 21 - PROGRESS: at 47.20% examples, 1005683 words/s, in_qsize 15, out_qsize 0]
[ 2024-07-12 00:28:15,240  1608 gensim.models.word2vec - INFO - EPOCH 21 - PROGRESS: at 62.76% examples, 999999 words/s, in_qsize 15, out_qsize 0]
[ 2024-07-12 00:28:16,242  1608 gensim.models.word2vec - INFO - EPOCH 21 - PROGRESS: at 78.94% examples, 1006211 words/s, in_qsize 15, out_qsize 0]
[ 2024-07-12 00:28:17,276  1608 gensim.models.word2vec - INFO - EPOCH 21 - PROGRESS: at 95.72% examples, 1011378 words/s, in_qsize 16, out_qsize 1]
[ 2024-07-12 00:28:17,501  1652 gensim.models.word2vec - INFO - EPOCH 21: training on 6624516 raw words (6414098 effective words) took 6.3s, 1018259 effective words/s]
[ 2024-07-12 00:28:18,510  1608 gensim.models.word2vec - INFO - EPOCH 22 - PROGRESS: at 15.66% examples, 1008035 words/s, in_qsize 15, out_qsize 0]
[ 2024-07-12 00:28:19,529  1608 gensim.models.word2vec - INFO - EPOCH 22 - PROGRESS: at 31.60% examples, 1006497 words/s, in_qsize 15, out_qsize 0]
[ 2024-07-12 00:28:20,536  1608 gensim.models.word2vec - INFO - EPOCH 22 - PROGRESS: at 47.82% examples, 1016433 words/s, in_qsize 16, out_qsize 2]
[ 2024-07-12 00:28:21,544  1608 gensim.models.word2vec - INFO - EPOCH 22 - PROGRESS: at 64.56% examples, 1028032 words/s, in_qsize 15, out_qsize 0]
[ 2024-07-12 00:28:22,562  1608 gensim.models.word2vec - INFO - EPOCH 22 - PROGRESS: at 81.36% examples, 1033057 words/s, in_qsize 15, out_qsize 0]
[ 2024-07-12 00:28:23,574  1608 gensim.models.word2vec - INFO - EPOCH 22 - PROGRESS: at 98.33% examples, 1038921 words/s, in_qsize 12, out_qsize 0]
[ 2024-07-12 00:28:23,660  1652 gensim.models.word2vec - INFO - EPOCH 22: training on 6624516 raw words (6413259 effective words) took 6.2s, 1041788 effective words/s]
[ 2024-07-12 00:28:24,671  1608 gensim.models.word2vec - INFO - EPOCH 23 - PROGRESS: at 15.66% examples, 1006286 words/s, in_qsize 15, out_qsize 0]
[ 2024-07-12 00:28:25,671  1608 gensim.models.word2vec - INFO - EPOCH 23 - PROGRESS: at 31.45% examples, 1009877 words/s, in_qsize 16, out_qsize 1]
[ 2024-07-12 00:28:26,675  1608 gensim.models.word2vec - INFO - EPOCH 23 - PROGRESS: at 47.82% examples, 1022962 words/s, in_qsize 15, out_qsize 0]
[ 2024-07-12 00:28:27,678  1608 gensim.models.word2vec - INFO - EPOCH 23 - PROGRESS: at 64.41% examples, 1032256 words/s, in_qsize 15, out_qsize 0]
[ 2024-07-12 00:28:28,684  1608 gensim.models.word2vec - INFO - EPOCH 23 - PROGRESS: at 81.06% examples, 1036926 words/s, in_qsize 14, out_qsize 1]
[ 2024-07-12 00:28:29,705  1608 gensim.models.word2vec - INFO - EPOCH 23 - PROGRESS: at 98.17% examples, 1042336 words/s, in_qsize 13, out_qsize 0]
[ 2024-07-12 00:28:29,800  1652 gensim.models.word2vec - INFO - EPOCH 23: training on 6624516 raw words (6414234 effective words) took 6.1s, 1044965 effective words/s]
[ 2024-07-12 00:28:30,812  1608 gensim.models.word2vec - INFO - EPOCH 24 - PROGRESS: at 15.95% examples, 1024539 words/s, in_qsize 15, out_qsize 0]
[ 2024-07-12 00:28:31,815  1608 gensim.models.word2vec - INFO - EPOCH 24 - PROGRESS: at 32.51% examples, 1042254 words/s, in_qsize 16, out_qsize 1]
[ 2024-07-12 00:28:32,818  1608 gensim.models.word2vec - INFO - EPOCH 24 - PROGRESS: at 48.28% examples, 1031797 words/s, in_qsize 14, out_qsize 1]
[ 2024-07-12 00:28:33,822  1608 gensim.models.word2vec - INFO - EPOCH 24 - PROGRESS: at 65.32% examples, 1045485 words/s, in_qsize 15, out_qsize 0]
[ 2024-07-12 00:28:34,833  1608 gensim.models.word2vec - INFO - EPOCH 24 - PROGRESS: at 81.97% examples, 1046696 words/s, in_qsize 15, out_qsize 0]
[ 2024-07-12 00:28:35,839  1608 gensim.models.word2vec - INFO - EPOCH 24 - PROGRESS: at 98.79% examples, 1049719 words/s, in_qsize 9, out_qsize 0]
[ 2024-07-12 00:28:35,887  1652 gensim.models.word2vec - INFO - EPOCH 24: training on 6624516 raw words (6413641 effective words) took 6.1s, 1054107 effective words/s]
[ 2024-07-12 00:28:36,907  1608 gensim.models.word2vec - INFO - EPOCH 25 - PROGRESS: at 15.66% examples, 997270 words/s, in_qsize 15, out_qsize 0]
[ 2024-07-12 00:28:37,911  1608 gensim.models.word2vec - INFO - EPOCH 25 - PROGRESS: at 32.36% examples, 1032543 words/s, in_qsize 15, out_qsize 0]
[ 2024-07-12 00:28:38,916  1608 gensim.models.word2vec - INFO - EPOCH 25 - PROGRESS: at 48.88% examples, 1040479 words/s, in_qsize 15, out_qsize 0]
[ 2024-07-12 00:28:39,930  1608 gensim.models.word2vec - INFO - EPOCH 25 - PROGRESS: at 64.56% examples, 1028149 words/s, in_qsize 13, out_qsize 2]
[ 2024-07-12 00:28:40,931  1608 gensim.models.word2vec - INFO - EPOCH 25 - PROGRESS: at 81.21% examples, 1034686 words/s, in_qsize 15, out_qsize 0]
[ 2024-07-12 00:28:41,936  1608 gensim.models.word2vec - INFO - EPOCH 25 - PROGRESS: at 98.02% examples, 1040045 words/s, in_qsize 14, out_qsize 0]
[ 2024-07-12 00:28:42,046  1652 gensim.models.word2vec - INFO - EPOCH 25: training on 6624516 raw words (6413521 effective words) took 6.2s, 1041873 effective words/s]
[ 2024-07-12 00:28:43,053  1608 gensim.models.word2vec - INFO - EPOCH 26 - PROGRESS: at 15.66% examples, 1009730 words/s, in_qsize 15, out_qsize 0]
[ 2024-07-12 00:28:44,055  1608 gensim.models.word2vec - INFO - EPOCH 26 - PROGRESS: at 32.05% examples, 1030120 words/s, in_qsize 15, out_qsize 0]
[ 2024-07-12 00:28:45,059  1608 gensim.models.word2vec - INFO - EPOCH 26 - PROGRESS: at 48.58% examples, 1039472 words/s, in_qsize 15, out_qsize 0]
[ 2024-07-12 00:28:46,077  1608 gensim.models.word2vec - INFO - EPOCH 26 - PROGRESS: at 65.01% examples, 1038523 words/s, in_qsize 15, out_qsize 0]
[ 2024-07-12 00:28:47,082  1608 gensim.models.word2vec - INFO - EPOCH 26 - PROGRESS: at 79.26% examples, 1011152 words/s, in_qsize 16, out_qsize 0]
[ 2024-07-12 00:28:48,084  1608 gensim.models.word2vec - INFO - EPOCH 26 - PROGRESS: at 93.00% examples, 988837 words/s, in_qsize 15, out_qsize 0]
[ 2024-07-12 00:28:48,562  1652 gensim.models.word2vec - INFO - EPOCH 26: training on 6624516 raw words (6413109 effective words) took 6.5s, 984539 effective words/s]
[ 2024-07-12 00:28:49,574  1608 gensim.models.word2vec - INFO - EPOCH 27 - PROGRESS: at 13.26% examples, 852037 words/s, in_qsize 15, out_qsize 0]
[ 2024-07-12 00:28:50,583  1608 gensim.models.word2vec - INFO - EPOCH 27 - PROGRESS: at 29.21% examples, 933618 words/s, in_qsize 14, out_qsize 1]
[ 2024-07-12 00:28:51,589  1608 gensim.models.word2vec - INFO - EPOCH 27 - PROGRESS: at 44.77% examples, 955237 words/s, in_qsize 15, out_qsize 0]
[ 2024-07-12 00:28:52,590  1608 gensim.models.word2vec - INFO - EPOCH 27 - PROGRESS: at 61.42% examples, 981578 words/s, in_qsize 15, out_qsize 0]
[ 2024-07-12 00:28:53,590  1608 gensim.models.word2vec - INFO - EPOCH 27 - PROGRESS: at 77.89% examples, 995462 words/s, in_qsize 15, out_qsize 0]
[ 2024-07-12 00:28:54,592  1608 gensim.models.word2vec - INFO - EPOCH 27 - PROGRESS: at 94.03% examples, 1001571 words/s, in_qsize 15, out_qsize 0]
[ 2024-07-12 00:28:54,939  1652 gensim.models.word2vec - INFO - EPOCH 27: training on 6624516 raw words (6413504 effective words) took 6.4s, 1006117 effective words/s]
[ 2024-07-12 00:28:55,961  1608 gensim.models.word2vec - INFO - EPOCH 28 - PROGRESS: at 15.81% examples, 1005812 words/s, in_qsize 15, out_qsize 0]
[ 2024-07-12 00:28:56,971  1608 gensim.models.word2vec - INFO - EPOCH 28 - PROGRESS: at 32.51% examples, 1033825 words/s, in_qsize 16, out_qsize 1]
[ 2024-07-12 00:28:57,975  1608 gensim.models.word2vec - INFO - EPOCH 28 - PROGRESS: at 49.03% examples, 1041778 words/s, in_qsize 15, out_qsize 0]
[ 2024-07-12 00:28:58,978  1608 gensim.models.word2vec - INFO - EPOCH 28 - PROGRESS: at 65.65% examples, 1046027 words/s, in_qsize 15, out_qsize 0]
[ 2024-07-12 00:28:59,979  1608 gensim.models.word2vec - INFO - EPOCH 28 - PROGRESS: at 82.25% examples, 1049109 words/s, in_qsize 15, out_qsize 0]
[ 2024-07-12 00:29:00,990  1608 gensim.models.word2vec - INFO - EPOCH 28 - PROGRESS: at 98.17% examples, 1041356 words/s, in_qsize 13, out_qsize 0]
[ 2024-07-12 00:29:01,090  1652 gensim.models.word2vec - INFO - EPOCH 28: training on 6624516 raw words (6413526 effective words) took 6.1s, 1043349 effective words/s]
[ 2024-07-12 00:29:02,103  1608 gensim.models.word2vec - INFO - EPOCH 29 - PROGRESS: at 15.34% examples, 984475 words/s, in_qsize 12, out_qsize 3]
[ 2024-07-12 00:29:03,104  1608 gensim.models.word2vec - INFO - EPOCH 29 - PROGRESS: at 32.05% examples, 1027584 words/s, in_qsize 16, out_qsize 0]
[ 2024-07-12 00:29:04,112  1608 gensim.models.word2vec - INFO - EPOCH 29 - PROGRESS: at 46.16% examples, 985299 words/s, in_qsize 15, out_qsize 0]
[ 2024-07-12 00:29:05,118  1608 gensim.models.word2vec - INFO - EPOCH 29 - PROGRESS: at 59.92% examples, 957426 words/s, in_qsize 16, out_qsize 0]
[ 2024-07-12 00:29:06,133  1608 gensim.models.word2vec - INFO - EPOCH 29 - PROGRESS: at 74.02% examples, 944884 words/s, in_qsize 15, out_qsize 0]
[ 2024-07-12 00:29:07,156  1608 gensim.models.word2vec - INFO - EPOCH 29 - PROGRESS: at 87.83% examples, 930385 words/s, in_qsize 16, out_qsize 0]
[ 2024-07-12 00:29:07,943  1652 gensim.models.word2vec - INFO - EPOCH 29: training on 6624516 raw words (6413964 effective words) took 6.9s, 936192 effective words/s]
[ 2024-07-12 00:29:07,946  448 gensim.utils - INFO - Word2Vec lifecycle event {'msg': 'training on 198735480 raw words (192410102 effective words) took 191.2s, 1006488 effective words/s', 'datetime': '2024-07-12T00:29:07.946335', 'gensim': '4.3.2', 'python': '3.12.0 | packaged by Anaconda, Inc. | (main, Oct  2 2023, 12:22:05) [Clang 14.0.6 ]', 'platform': 'macOS-14.2.1-arm64-arm-64bit', 'event': 'train'}]
[ 2024-07-12 00:31:04,119  66 COMPONENTS - INFO - Completed Training W2Vmodel]
[ 2024-07-12 00:31:04,120  67 COMPONENTS - INFO - Converting each word in titleDescr column(LIST) to feature representation]
[ 2024-07-12 00:31:07,774  71 COMPONENTS - INFO - Converted each word in titleDescr column(LIST) to feature representation]
[ 2024-07-12 00:31:07,775  72 COMPONENTS - INFO - Applying mean to titleDescr Colum to form a single sentence encoding]
[ 2024-07-12 00:31:10,715  76 COMPONENTS - INFO - Applied mean and formed the sentence embeddings]
[ 2024-07-12 00:31:10,715  77 COMPONENTS - INFO - Starting training of PCA model to conver 100 dimensions to 50 dimensions]
[ 2024-07-12 00:31:17,419  84 COMPONENTS - INFO - Trained the PCA model and saved the dimensionality reduced data]
[ 2024-07-12 00:31:17,419  85 COMPONENTS - INFO - Saving W2Vmodel and PCA model into pickle file in Artifact Folder]
[ 2024-07-12 00:31:17,823  90 COMPONENTS - INFO - Saved W2Vmodel and PCA model into pickle file]
[ 2024-07-12 00:31:17,823  91 COMPONENTS - INFO - Saving PCA data into Artifacts Folder]
[ 2024-07-12 00:31:17,864  95 COMPONENTS - INFO - Saved PCA data into Artifacts Folder]
