[ 2024-07-11 00:14:22,375  97 werkzeug - WARNING -  * Debugger is active!]
[ 2024-07-11 00:14:22,391  97 werkzeug - INFO -  * Debugger PIN: 121-992-361]
[ 2024-07-11 00:14:36,798  97 werkzeug - INFO - 127.0.0.1 - - [11/Jul/2024 00:14:36] "GET /predict HTTP/1.1" 200 -]
[ 2024-07-11 00:14:39,220  24 COMPONENTS - INFO - Doing text preprocessing]
[ 2024-07-11 00:14:39,239  31 COMPONENTS - INFO - Text preprocessing done. After text preprocessing X is :                                          description
0  [movie, dinosaurs, people, little, horror, thr...]
[ 2024-07-11 00:14:39,239  32 COMPONENTS - INFO - Loading the w2vModel]
[ 2024-07-11 00:14:39,550  36 COMPONENTS - INFO - Loaded w2vModel]
[ 2024-07-11 00:14:39,550  37 COMPONENTS - INFO - Applying w2vModel on input X]
[ 2024-07-11 00:14:39,552  42 COMPONENTS - INFO - Applied w2vModel on input X. X = Empty DataFrame
Columns: [description]
Index: []]
[ 2024-07-11 00:14:39,552  43 COMPONENTS - INFO - Loading the pcaModel]
[ 2024-07-11 00:14:39,569  47 COMPONENTS - INFO - Loaded pcamodel]
[ 2024-07-11 00:14:39,569  48 COMPONENTS - INFO - Applying pcamodel on input X]
[ 2024-07-11 00:14:39,571  53 COMPONENTS - INFO - Applied pcamodel on input X. X = [[ 0.18754405 -0.789632   -2.7328324   3.0946634  -2.690498   -0.18204921
  -0.3837613   2.5755162   1.1848258   0.07997366 -0.37928104  1.3371694
   0.4835178  -1.0768423  -0.8258082   0.63661706  0.756158    1.1726627
   2.0729277  -1.1748934  -0.98006564  0.6921027   1.8683665   0.23090042
   0.5833832  -1.2397722  -1.3462033   0.20500866  0.85556173 -1.0249736
   2.0367947   0.23246217 -0.48358065 -0.18997109  1.3664503  -0.3881832
   0.67546874 -0.01882338  0.4897199   0.20994963  0.39863428 -0.11880853
  -0.2535556   0.06013892 -0.69314414 -0.7002884   0.0672183   0.30356482
  -0.34677887 -0.62380314 -0.48202264 -0.610522    0.29232126  0.945114
  -0.7855193   0.44522956 -0.5560284  -0.9112705  -0.09956916  0.6403524
   0.8244194   0.10002303 -0.10465798  0.6392772  -0.13464688 -0.51662916
   0.45225602 -0.44232106 -0.9022305  -0.18952958  0.06550684  1.1020916
   0.5454313   0.20585233  0.03961719 -0.12775663 -0.8447232   0.02265673
  -1.5585058  -0.23346746  1.098012    0.2009306  -0.32761714 -0.6511142
  -1.2211988  -0.03699126  0.71845037 -0.7195855  -0.7285066   0.58040094
   0.34503505 -0.5683948   0.22014514 -0.5613619  -0.55809814  0.43298173
   0.6390676  -0.05351109  0.62716913 -0.05770205]]]
[ 2024-07-11 00:14:39,571  54 COMPONENTS - INFO - Finding top 10 similar products by calculating cosine similarity]
[ 2024-07-11 00:15:06,214  97 werkzeug - INFO - 127.0.0.1 - - [11/Jul/2024 00:15:06] "[35m[1mPOST /predict HTTP/1.1[0m" 500 -]
