[ 2024-07-11 00:57:36,215  97 werkzeug - WARNING -  * Debugger is active!]
[ 2024-07-11 00:57:36,225  97 werkzeug - INFO -  * Debugger PIN: 121-992-361]
[ 2024-07-11 00:57:40,668  24 COMPONENTS - INFO - Doing text preprocessing]
[ 2024-07-11 00:57:40,678  31 COMPONENTS - INFO - Text preprocessing done. After text preprocessing X is :                                          description
0  [movie, dinosaurs, people, little, horror, thr...]
[ 2024-07-11 00:57:40,678  32 COMPONENTS - INFO - Loading the w2vModel]
[ 2024-07-11 00:57:41,000  36 COMPONENTS - INFO - Loaded w2vModel]
[ 2024-07-11 00:57:41,000  37 COMPONENTS - INFO - Applying w2vModel on input X]
[ 2024-07-11 00:57:41,001  42 COMPONENTS - INFO - Applied w2vModel on input X. X = Empty DataFrame
Columns: [description]
Index: []]
[ 2024-07-11 00:57:41,001  43 COMPONENTS - INFO - Loading the pcaModel]
[ 2024-07-11 00:57:41,014  47 COMPONENTS - INFO - Loaded pcamodel]
[ 2024-07-11 00:57:41,014  48 COMPONENTS - INFO - Applying pcamodel on input X]
[ 2024-07-11 00:57:41,014  53 COMPONENTS - INFO - Applied pcamodel on input X. X = [[ 0.18754405 -0.789632   -2.7328324   3.0946634  -2.690498   -0.18204921
  -0.3837613   2.5755162   1.1848258   0.07997366 -0.37928104  1.3371694
   0.4835178  -1.0768423  -0.8258082   0.63661706  0.756158    1.1726627
   2.0729277  -1.1748934  -0.98006564  0.6921027   1.8683665   0.23090042
   0.5833832  -1.2397722  -1.3462033   0.20500866  0.85556173 -1.0249736
   2.0367947   0.23246217 -0.48358065 -0.18997109  1.3664503  -0.3881832
   0.67546874 -0.01882338  0.4897199   0.20994963  0.39863428 -0.11880853
  -0.2535556   0.06013892 -0.69314414 -0.7002884   0.0672183   0.30356482
  -0.34677887 -0.62380314 -0.48202264 -0.610522    0.29232126  0.945114
  -0.7855193   0.44522956 -0.5560284  -0.9112705  -0.09956916  0.6403524
   0.8244194   0.10002303 -0.10465798  0.6392772  -0.13464688 -0.51662916
   0.45225602 -0.44232106 -0.9022305  -0.18952958  0.06550684  1.1020916
   0.5454313   0.20585233  0.03961719 -0.12775663 -0.8447232   0.02265673
  -1.5585058  -0.23346746  1.098012    0.2009306  -0.32761714 -0.6511142
  -1.2211988  -0.03699126  0.71845037 -0.7195855  -0.7285066   0.58040094
   0.34503505 -0.5683948   0.22014514 -0.5613619  -0.55809814  0.43298173
   0.6390676  -0.05351109  0.62716913 -0.05770205]]]
[ 2024-07-11 00:57:41,014  54 COMPONENTS - INFO - Finding top 10 similar products by calculating cosine similarity]
[ 2024-07-11 00:58:09,074  47 COMPONENTS - INFO - Unnamed: 0.2                                                56157
Unnamed: 0.1                                                56157
Unnamed: 0                                                  58860
title                        Adventure at the Center of the Earth
genres                            Sci-Fi Horror Adventure Fantasy
videos                                                         []
url                         https://www.imdb.com/title/tt0126205/
poster_url      https://www.imdb.com/title/tt0126205/mediaview...
storyline       Mexican horror film with a variety of classic ...
Name: 56157, dtype: object]
[ 2024-07-11 00:58:09,075  47 COMPONENTS - INFO - Unnamed: 0.2                                                68653
Unnamed: 0.1                                                68653
Unnamed: 0                                                  72539
title                                      The Mister Burger Show
genres                                     Animation Short Comedy
videos                                                         []
url                        https://www.imdb.com/title/tt15511934/
poster_url      https://www.imdb.com/title/tt15511934/mediavie...
storyline       The Mister Burger Show is a comedic adult-them...
Name: 68653, dtype: object]
[ 2024-07-11 00:58:09,076  47 COMPONENTS - INFO - Unnamed: 0.2                                               214398
Unnamed: 0.1                                               214398
Unnamed: 0                                                 242368
title                                                Terrortory 2
genres                                                     Horror
videos                                                         []
url                         https://www.imdb.com/title/tt6802950/
poster_url      https://www.imdb.com/title/tt6802950/mediaview...
storyline       The sequel to the hit anthology film: Four chi...
Name: 214398, dtype: object]
[ 2024-07-11 00:58:09,076  47 COMPONENTS - INFO - Unnamed: 0.2                                               134430
Unnamed: 0.1                                               134430
Unnamed: 0                                                 147336
title                                                 Trashtastic
genres                                                     Horror
videos                                                         []
url                         https://www.imdb.com/title/tt5224644/
poster_url      https://www.imdb.com/title/tt5224644/mediaview...
storyline       Anthology compilation of of the most Insane, s...
Name: 134430, dtype: object]
[ 2024-07-11 00:58:09,076  47 COMPONENTS - INFO - Unnamed: 0.2                                               128144
Unnamed: 0.1                                               128144
Unnamed: 0                                                 140032
title                                 Adventures in Dinosaur City
genres                                   Adventure Family Fantasy
videos          [{'link': 'https://www.imdb.com/video/vi322055...
url                         https://www.imdb.com/title/tt0103621/
poster_url      https://www.imdb.com/title/tt0103621/mediaview...
storyline       A scientist's kids are sucked into a TV screen...
Name: 128144, dtype: object]
[ 2024-07-11 00:58:09,076  47 COMPONENTS - INFO - Unnamed: 0.2                                                45359
Unnamed: 0.1                                                45359
Unnamed: 0                                                  47154
title                                                 Blood Clots
genres                                              Comedy Horror
videos          [{'link': 'https://www.imdb.com/video/vi907655...
url                         https://www.imdb.com/title/tt8833552/
poster_url      https://www.imdb.com/title/tt8833552/mediaview...
storyline       Featuring cannibals, zombies and other funny c...
Name: 45359, dtype: object]
[ 2024-07-11 00:58:09,077  47 COMPONENTS - INFO - Unnamed: 0.2                                                83698
Unnamed: 0.1                                                83698
Unnamed: 0                                                  89232
title                                               Skipper's Jam
genres                                            Animation Short
videos                                                         []
url                         https://www.imdb.com/title/tt9568612/
poster_url      https://www.imdb.com/title/tt9568612/mediaview...
storyline       Skipper's Jam follows the story of a crazy lit...
Name: 83698, dtype: object]
[ 2024-07-11 00:58:09,077  47 COMPONENTS - INFO - Unnamed: 0.2                                               128472
Unnamed: 0.1                                               128472
Unnamed: 0                                                 140421
title                                       League of Superheroes
genres                                      Action Comedy Fantasy
videos          [{'link': 'https://www.imdb.com/video/vi125840...
url                         https://www.imdb.com/title/tt4515698/
poster_url      https://www.imdb.com/title/tt4515698/mediaview...
storyline       The ultimate underground superhero movie. Foll...
Name: 128472, dtype: object]
[ 2024-07-11 00:58:09,077  47 COMPONENTS - INFO - Unnamed: 0.2                                                50708
Unnamed: 0.1                                                50708
Unnamed: 0                                                  52921
title             Creature from Cannibal Creek - Get Me Pictures!
genres                                            Animation Short
videos                                                         []
url                        https://www.imdb.com/title/tt10502972/
poster_url      https://www.imdb.com/title/tt10502972/mediavie...
storyline       No-Z Pecker does his best to track down the Cr...
Name: 50708, dtype: object]
[ 2024-07-11 00:58:09,078  47 COMPONENTS - INFO - Unnamed: 0.2                                               126506
Unnamed: 0.1                                               126506
Unnamed: 0                                                 138162
title                            Mini Pet Pals - The Four Seasons
genres                                                  Animation
videos                                                         []
url                        https://www.imdb.com/title/tt11559464/
poster_url      https://www.imdb.com/title/tt11559464/mediavie...
storyline       The top favorite series on RAI YOYO turns into...
Name: 126506, dtype: object]
[ 2024-07-11 00:58:09,116  61 COMPONENTS - INFO - Found top 10 similar products and they are {0: {'title': 'Adventure at the Center of the Earth', 'poster_url': 'https://www.imdb.com/title/tt0126205/mediaviewer/rm1905171712', 'videos': '', 'genres': 'Sci-Fi Horror Adventure Fantasy', 'storyline': 'Mexican horror film with a variety of classic monsters, bat-like creatures, a rat-faced monster, dinosaurs and a cyclops.Mexican horror film with a variety of classic monsters, bat-like creatures, a rat-faced monster, dinosaurs and a cyclops.'}, 1: {'title': 'The Mister Burger Show', 'poster_url': 'https://www.imdb.com/title/tt15511934/mediaviewer/rm1113650689', 'videos': '', 'genres': 'Animation Short Comedy', 'storyline': 'The Mister Burger Show is a comedic adult-themed animated cartoon. Mr. Burger and his friends go into the woods to look for the legendary forest beast, "Bigfood", but end up being abducted by a group of very rude aliens. NerdNation Media. Science fiction, comedy, horror and amazing animation content for distribution to all global streaming platforms. This is the home of "Mister Burger, the animated series", "LoneStar" (live-action sci-fi series), "13 ways to survive horror movie!" (Documentary/instructional series), "The Indies" (live-action comedy series) and the feature film horror anthology, "3 past midnight". —Mac McCallsterThe Mister Burger Show is a comedic adult-themed animated cartoon. Mr. Burger and his friends go into the woods to look for the legendary forest beast, "Bigfood", but end up being abducted by a group of very rude aliens. NerdNation Media. Science fiction, comedy, horror and amazing animation content for distribution to all global streaming platforms. This is the home of "Mister Burger, the animated series", "LoneStar" (live-action sci-fi series), "13 ways to survive horror movie!" (Documentary/instructional series), "The Indies" (live-action comedy series) and the feature film horror anthology, "3 past midnight". —Mac McCallster'}, 2: {'title': 'Terrortory 2', 'poster_url': 'https://www.imdb.com/title/tt6802950/mediaviewer/rm3097248000', 'videos': '', 'genres': 'Horror', 'storyline': 'The sequel to the hit anthology film: Four chilling stories tied together by one man traveling through the terrifying land known as The Terrortory. Featuring monsters from the first film--The Midnight Clown and Smiling Jack--as well as all-new creatures.The sequel to the hit anthology film: Four chilling stories tied together by one man traveling through the terrifying land known as The Terrortory. Featuring monsters from the first film--The Midnight Clown and Smiling Jack--as well as all-new creatures.'}, 3: {'title': 'Trashtastic', 'poster_url': 'https://www.imdb.com/title/tt5224644/mediaviewer/rm2097224448', 'videos': '', 'genres': 'Horror', 'storyline': 'Anthology compilation of of the most Insane, scary, extreme and downright stupid. Independent Low-Budget Movie Trailers from across the globe.Anthology compilation of of the most Insane, scary, extreme and downright stupid. Independent Low-Budget Movie Trailers from across the globe.'}, 4: {'title': 'Adventures in Dinosaur City', 'poster_url': 'https://www.imdb.com/title/tt0103621/mediaviewer/rm173775872', 'videos': 'https://www.imdb.com/video/vi3220554521', 'genres': 'Adventure Family Fantasy', 'storyline': "A scientist's kids are sucked into a TV screen and wind up in the Stone Age with cavemen and dinosaurs.A scientist's kids are sucked into a TV screen and wind up in the Stone Age with cavemen and dinosaurs."}, 5: {'title': 'Blood Clots', 'poster_url': 'https://www.imdb.com/title/tt8833552/mediaviewer/rm4169315329', 'videos': 'https://www.imdb.com/video/vi907655961', 'genres': 'Comedy Horror', 'storyline': 'Featuring cannibals, zombies and other funny creatures, Blood Clots consists of seven carefully curated, bloody horror stories by seven different filmmakers.Featuring cannibals, zombies and other funny creatures, Blood Clots consists of seven carefully curated, bloody horror stories by seven different filmmakers.'}, 6: {'title': "Skipper's Jam", 'poster_url': 'https://www.imdb.com/title/tt9568612/mediaviewer/rm4189159681', 'videos': '', 'genres': 'Animation Short', 'storyline': "Skipper's Jam follows the story of a crazy little creature named Skipper; who dreams of making music, but is crewing on a ship full of pirates who just don't dig it. Skipper's Jam is a hilarious and eclectic romp that is sure to entertain both children and adults alike with its off-the-wall characters and world.Skipper's Jam follows the story of a crazy little creature named Skipper; who dreams of making music, but is crewing on a ship full of pirates who just don't dig it. Skipper's Jam is a hilarious and eclectic romp that is sure to entertain both children and adults alike with its off-the-wall characters and world."}, 7: {'title': 'League of Superheroes', 'poster_url': 'https://www.imdb.com/title/tt4515698/mediaviewer/rm2304330496', 'videos': 'https://www.imdb.com/video/vi1258403865', 'genres': 'Action Comedy Fantasy', 'storyline': 'The ultimate underground superhero movie. Follow the adventures of over 20 of the most unique and outrageous heroes and villains from every corner of the galaxy. Action, adventure, humor and horror collide in this incredible homage and middle finger to the superhero blockbuster. —Wild Eye ReleasingThe ultimate underground superhero movie. Follow the adventures of over 20 of the most unique and outrageous heroes and villains from every corner of the galaxy. Action, adventure, humor and horror collide in this incredible homage and middle finger to the superhero blockbuster. —Wild Eye Releasing'}, 8: {'title': 'Creature from Cannibal Creek - Get Me Pictures!', 'poster_url': 'https://www.imdb.com/title/tt10502972/mediaviewer/rm3378288897', 'videos': '', 'genres': 'Animation Short', 'storyline': 'No-Z Pecker does his best to track down the Creature from Cannibal Creek in this animated cartoon from Survival Zombie Films.No-Z Pecker does his best to track down the Creature from Cannibal Creek in this animated cartoon from Survival Zombie Films.'}, 9: {'title': 'Mini Pet Pals - The Four Seasons', 'poster_url': 'https://www.imdb.com/title/tt11559464/mediaviewer/rm442007809', 'videos': '', 'genres': 'Animation', 'storyline': "The top favorite series on RAI YOYO turns into a feature film, so that the captivating adventure continues throughout all four seasons with the Mini Pet Pals. A wonderful playground is the setting for their amazing adventures, from which they always learn something useful. Holly the kitten; Moby the puppy; Diva the duckling; Top Hat the rabbit; Nameless the chick, and Pio the frog: they are the protagonists of this engaging movie targeted for a preschool audience. The story is divided in four parts to simplify our little viewers' understanding of how the four seasons change the playground over the course of a year, therefore affecting the environment and the Mini Pet Pals' moods.The top favorite series on RAI YOYO turns into a feature film, so that the captivating adventure continues throughout all four seasons with the Mini Pet Pals. A wonderful playground is the setting for their amazing adventures, from which they always learn something useful. Holly the kitten; Moby the puppy; Diva the duckling; Top Hat the rabbit; Nameless the chick, and Pio the frog: they are the protagonists of this engaging movie targeted for a preschool audience. The story is divided in four parts to simplify our little viewers' understanding of how the four seasons change the playground over the course of a year, therefore affecting the environment and the Mini Pet Pals' moods."}}]
[ 2024-07-11 00:58:09,278  97 werkzeug - INFO - 127.0.0.1 - - [11/Jul/2024 00:58:09] "POST /predict HTTP/1.1" 200 -]
[ 2024-07-11 00:58:45,826  97 werkzeug - INFO -  * Detected change in '/Users/sanketsaxena/Desktop/recommendationSystem/src/utils.py', reloading]
