[ 2024-07-11 23:46:08,836  24 COMPONENTS - INFO - Doing text preprocessing]
[ 2024-07-11 23:46:08,847  31 COMPONENTS - INFO - Text preprocessing done. After text preprocessing X is :         description
0  [olive, satchel]]
[ 2024-07-11 23:46:08,848  32 COMPONENTS - INFO - Loading the w2vModel]
[ 2024-07-11 23:46:09,132  36 COMPONENTS - INFO - Loaded w2vModel]
[ 2024-07-11 23:46:09,133  37 COMPONENTS - INFO - Applying w2vModel on input X]
[ 2024-07-11 23:46:09,133  42 COMPONENTS - INFO - Applied w2vModel on input X. X = Empty DataFrame
Columns: [description]
Index: []]
[ 2024-07-11 23:46:09,133  43 COMPONENTS - INFO - Loading the pcaModel]
[ 2024-07-11 23:46:09,150  47 COMPONENTS - INFO - Loaded pcamodel]
[ 2024-07-11 23:46:09,150  48 COMPONENTS - INFO - Applying pcamodel on input X]
[ 2024-07-11 23:46:09,154  53 COMPONENTS - INFO - Applied pcamodel on input X. X = [[-0.93698364  2.2812316  -3.3818908  -0.7850346   4.4046626   1.0889862
   0.6275643  -0.07994081  0.53636956  0.21861096  0.43864495 -0.04717257
  -0.4691248  -1.0934492   0.950062    0.6149937  -1.1892679   0.49581426
   1.824469    0.04024452  2.8905149  -0.7214535   2.8411968  -0.5754873
  -0.49023846 -1.9127789  -0.56307906  1.8108692   0.20203502 -0.20850393
  -1.3390487  -0.01729393 -0.5460237   0.97925043  0.561533   -0.02403113
   0.32534868 -1.852463   -0.78358144 -1.0746251  -1.6388754   0.32688197
  -0.6509885   0.6653481   0.19873418 -0.6191989   1.3956213   1.4540414
   1.0852029   0.64464515  0.2294881   0.24030729  1.8172624  -1.1067626
   0.8398861  -0.4247005  -1.2467668   0.98666555 -0.02884827 -0.0892904
  -0.72005844 -0.17996396  1.2678745  -1.0592573  -1.9546154   0.443911
   0.3724261  -0.01266912 -0.2350924   1.3168142  -0.51189244 -1.541739
  -1.5664008   0.02085043 -0.03790405  1.2822266  -0.3485624   2.686674
  -0.3140737  -1.1305727  -0.24524169 -0.85555184 -0.53400373  0.64407384
   0.5382612  -0.5657941   0.6088019   0.58536327 -0.8912869   0.38943616
   0.18698753  0.6336592  -1.681399    0.58652914  0.43443838  0.25818458
  -0.37909973  0.43771824 -0.35440123 -0.06508745]]]
[ 2024-07-11 23:46:09,155  54 COMPONENTS - INFO - Finding top 10 similar products by calculating cosine similarity]
[ 2024-07-11 23:46:14,988  61 COMPONENTS - INFO - Found top 10 similar products and they are {}]
[ 2024-07-11 23:46:34,039  97 werkzeug - INFO - [31m[1mWARNING: This is a development server. Do not use it in a production deployment. Use a production WSGI server instead.[0m
 * Running on http://127.0.0.1:5000]
[ 2024-07-11 23:46:34,039  97 werkzeug - INFO - [33mPress CTRL+C to quit[0m]
[ 2024-07-11 23:46:34,040  97 werkzeug - INFO -  * Restarting with stat]
[ 2024-07-11 23:46:35,430  97 werkzeug - WARNING -  * Debugger is active!]
[ 2024-07-11 23:46:35,440  97 werkzeug - INFO -  * Debugger PIN: 521-569-415]
[ 2024-07-11 23:46:40,766  24 COMPONENTS - INFO - Doing text preprocessing]
[ 2024-07-11 23:46:40,775  31 COMPONENTS - INFO - Text preprocessing done. After text preprocessing X is :                                     description
0  [man, goes, jungle, soon, made, mistake\r\n]]
[ 2024-07-11 23:46:40,775  32 COMPONENTS - INFO - Loading the w2vModel]
[ 2024-07-11 23:46:41,071  36 COMPONENTS - INFO - Loaded w2vModel]
[ 2024-07-11 23:46:41,071  37 COMPONENTS - INFO - Applying w2vModel on input X]
[ 2024-07-11 23:46:41,074  42 COMPONENTS - INFO - Applied w2vModel on input X. X = Empty DataFrame
Columns: [description]
Index: []]
[ 2024-07-11 23:46:41,074  43 COMPONENTS - INFO - Loading the pcaModel]
[ 2024-07-11 23:46:41,090  47 COMPONENTS - INFO - Loaded pcamodel]
[ 2024-07-11 23:46:41,090  48 COMPONENTS - INFO - Applying pcamodel on input X]
[ 2024-07-11 23:46:41,097  53 COMPONENTS - INFO - Applied pcamodel on input X. X = [[-6.88692236e+00 -4.12024081e-01 -1.84557533e+00  4.35882181e-01
   1.57107520e+00 -1.12026858e+00 -6.43769130e-02 -1.04420972e+00
   1.63304225e-01 -1.31520438e+00 -2.37252641e+00  9.88278329e-01
  -4.68376428e-01 -3.79812419e-01  1.23373532e+00  1.20602894e+00
  -1.29653418e+00  1.65331864e+00 -1.21279776e+00 -8.64654362e-01
   2.59440280e-02  3.57572734e-01  3.34703833e-01  2.62516201e-01
  -1.74038351e-01 -1.08546782e+00 -7.25655138e-01  1.19134235e+00
   7.58268535e-01  1.96235657e-01  7.91704357e-01 -4.63477314e-01
  -2.20771456e+00 -2.00280738e+00 -4.80713546e-01 -2.59629279e-01
  -5.03562510e-01  7.24608898e-01  2.86593318e-01 -3.46824825e-01
  -2.14805648e-01  9.13645148e-01  1.24291253e+00  8.11827242e-01
  -8.67699265e-01  9.22645703e-02 -1.38387394e+00  3.03985566e-01
   3.20751034e-03  3.99941087e-01 -1.88796961e+00 -1.28205478e+00
  -1.30508780e+00  7.79291153e-01 -6.18647516e-01  2.40551218e-01
  -2.89096653e-01 -3.68203610e-01  3.23955655e-01 -1.18979204e+00
   1.13442802e+00  1.47535920e+00 -7.20033705e-01 -8.52597773e-01
   5.52241683e-01  3.90101522e-01  1.65419411e-02  1.06396034e-01
   1.23060793e-01 -1.66607052e-01 -9.72371817e-01 -5.61056845e-03
   1.25298440e+00 -1.03928018e+00  7.21686900e-01  6.29012346e-01
  -8.60097229e-01 -1.04991901e+00  8.30564201e-01 -3.19945782e-01
   3.45287174e-01  1.17970514e+00  8.39223489e-02 -1.05395663e+00
   1.87829256e+00  1.36750388e+00 -6.97769165e-01 -7.99314618e-01
  -8.60297382e-01 -3.30331355e-01 -1.27964246e+00  6.15008932e-04
   5.75077832e-01 -3.31208110e-01 -1.75425619e-01 -2.46945009e-01
  -4.03789103e-01  1.13567424e+00 -7.76105642e-01 -3.94093171e-02]]]
[ 2024-07-11 23:46:41,097  54 COMPONENTS - INFO - Finding top 10 similar products by calculating cosine similarity]
[ 2024-07-11 23:46:46,534  61 COMPONENTS - INFO - Found top 10 similar products and they are {}]
[ 2024-07-11 23:46:46,609  97 werkzeug - INFO - 127.0.0.1 - - [11/Jul/2024 23:46:46] "POST /predict HTTP/1.1" 200 -]
[ 2024-07-11 23:47:19,106  97 werkzeug - INFO - 127.0.0.1 - - [11/Jul/2024 23:47:19] "GET /predict HTTP/1.1" 200 -]
[ 2024-07-11 23:47:28,014  24 COMPONENTS - INFO - Doing text preprocessing]
[ 2024-07-11 23:47:28,021  31 COMPONENTS - INFO - Text preprocessing done. After text preprocessing X is :               description
0  [best, horror, movies]]
[ 2024-07-11 23:47:28,021  32 COMPONENTS - INFO - Loading the w2vModel]
[ 2024-07-11 23:47:28,219  36 COMPONENTS - INFO - Loaded w2vModel]
[ 2024-07-11 23:47:28,219  37 COMPONENTS - INFO - Applying w2vModel on input X]
[ 2024-07-11 23:47:28,220  42 COMPONENTS - INFO - Applied w2vModel on input X. X = Empty DataFrame
Columns: [description]
Index: []]
[ 2024-07-11 23:47:28,220  43 COMPONENTS - INFO - Loading the pcaModel]
[ 2024-07-11 23:47:28,220  47 COMPONENTS - INFO - Loaded pcamodel]
[ 2024-07-11 23:47:28,220  48 COMPONENTS - INFO - Applying pcamodel on input X]
[ 2024-07-11 23:47:28,221  53 COMPONENTS - INFO - Applied pcamodel on input X. X = [[ 1.9338311e+00  2.4917886e+00 -1.2299807e+00 -4.3180346e-01
  -3.3893118e+00 -8.7307590e-01 -3.3421073e+00  3.5017405e+00
   1.5336080e+00 -4.5522070e-01  1.9226351e+00  2.3106699e+00
  -1.7451062e+00 -2.8531463e-03 -2.9479809e+00 -6.4383966e-01
   2.8544393e+00  5.8856422e-01  2.6177416e+00  5.5827796e-03
  -2.3869312e+00  3.6321287e+00  1.5885950e+00  1.9967240e+00
   2.3468542e+00  6.0681660e-02 -2.0784545e+00 -5.5294746e-01
   1.6657467e+00 -1.7726469e+00  4.6629373e-02  1.6424302e+00
  -2.3565676e+00 -1.9623157e+00 -5.3520650e-01 -9.0787876e-01
   4.5054005e-03  1.0344667e+00 -9.1627294e-01 -1.0698818e+00
  -5.0641666e-03 -8.8119978e-01 -7.5901759e-01  3.8655880e-01
  -1.0414721e+00 -4.4765857e-01  8.3114839e-01  6.7829800e-01
  -8.6854291e-01  8.0773696e-02 -2.8390303e-01  6.2159216e-01
   2.0224428e-02 -8.9232844e-01  1.1266884e-01  6.1266863e-01
   1.1611048e+00 -7.8696311e-01 -9.4800532e-01 -1.8155050e-01
  -6.1200595e-01  6.9345856e-01  5.7034564e-01  8.9415079e-01
   9.6261948e-01  8.5444862e-01  5.6802493e-01 -6.9823611e-01
  -1.3503450e+00 -7.5991118e-01  2.1714240e-01  1.9272068e+00
  -1.0944865e+00  3.7411633e-01  5.1541799e-01  2.5747504e+00
   1.1194638e+00 -9.8953091e-02  5.0618440e-01 -1.2856839e+00
   1.5352756e-01 -1.3333993e+00  7.5786996e-01 -1.9883474e+00
  -8.4479415e-01 -6.6551447e-01 -3.9744785e-01  3.5446227e-01
   5.6805980e-01  1.8478429e+00  1.3197318e+00  2.5133579e+00
   1.5867985e+00  1.4459057e+00 -5.5502385e-01 -1.8893071e+00
  -2.3581453e-01  2.2755919e+00 -3.6050907e-01  1.3643357e-01]]]
[ 2024-07-11 23:47:28,221  54 COMPONENTS - INFO - Finding top 10 similar products by calculating cosine similarity]
[ 2024-07-11 23:47:33,721  61 COMPONENTS - INFO - Found top 10 similar products and they are {}]
[ 2024-07-11 23:47:33,798  97 werkzeug - INFO - 127.0.0.1 - - [11/Jul/2024 23:47:33] "POST /predict HTTP/1.1" 200 -]
[ 2024-07-12 00:10:34,745  97 werkzeug - INFO -  * Detected change in '/Users/sanketsaxena/Desktop/recommendationSystem/src/utils.py', reloading]
[ 2024-07-12 00:10:34,996  97 werkzeug - INFO -  * Restarting with stat]
[ 2024-07-12 00:12:03,770  97 werkzeug - INFO -  * Restarting with stat]
[ 2024-07-12 00:14:33,489  97 werkzeug - INFO -  * Restarting with stat]
[ 2024-07-12 00:15:39,958  97 werkzeug - INFO -  * Restarting with stat]
[ 2024-07-12 00:17:30,217  97 werkzeug - INFO -  * Restarting with stat]
[ 2024-07-12 00:19:13,181  97 werkzeug - INFO -  * Restarting with stat]
