[ 2024-07-10 15:58:21,348  97 werkzeug - WARNING -  * Debugger is active!]
[ 2024-07-10 15:58:21,356  97 werkzeug - INFO -  * Debugger PIN: 121-992-361]
[ 2024-07-10 15:58:26,057  24 COMPONENTS - INFO - Doing text preprocessing]
[ 2024-07-10 15:58:26,062  31 COMPONENTS - INFO - Text preprocessing done. After text preprocessing X is :             titleDesc
0  [blue, shirt, men]]
[ 2024-07-10 15:58:26,062  32 COMPONENTS - INFO - Loading the w2vModel]
[ 2024-07-10 15:58:26,223  36 COMPONENTS - INFO - Loaded w2vModel]
[ 2024-07-10 15:58:26,223  37 COMPONENTS - INFO - Applying w2vModel on input X]
[ 2024-07-10 15:58:26,224  42 COMPONENTS - INFO - Applied w2vModel on input X. X = Empty DataFrame
Columns: [titleDesc]
Index: []]
[ 2024-07-10 15:58:26,224  43 COMPONENTS - INFO - Loading the pcaModel]
[ 2024-07-10 15:58:26,234  47 COMPONENTS - INFO - Loaded pcamodel]
[ 2024-07-10 15:58:26,234  48 COMPONENTS - INFO - Applying pcamodel on input X]
[ 2024-07-10 15:58:26,235  53 COMPONENTS - INFO - Applied pcamodel on input X. X = [[-1.493914   -2.3144119   2.889222   -2.3154283   0.73092216 -0.8310994
  -1.3744233   0.25734353 -0.5918693  -3.520612   -0.3326596   0.59639066
  -0.1667381  -1.2220843  -0.81597924 -0.18354863 -0.32036245 -0.41188452
   1.7941304  -1.2186171   0.26022512 -1.248455    0.19255017  0.44117284
  -0.07845383  0.48509082 -0.57925993  0.31551355 -0.8866385   0.64812213
  -0.07563191 -0.83574057  1.4060571   0.68034834  0.17378522 -1.4178337
   0.9118491   0.70763934  0.32304248 -0.7591      0.7270955   0.8051603
   0.40270033  1.6473464  -0.20659994  0.32287106 -1.8596966  -0.55079746
  -0.59603345 -1.2938542  -0.44980624 -0.81975436  0.58433104 -1.7722604
   0.8902322  -0.38029703 -0.5929613  -1.6500627  -1.4560841  -0.46524957
  -0.56362134 -0.556282   -1.2096697   0.24681541  0.02285546  0.25442627
   0.7796445  -2.286064    0.20522422 -0.4286787   0.69926023 -0.44221446
  -0.18122914 -0.53322417 -0.7371949  -0.5606681   0.40650913 -0.7602723
  -0.93088865 -0.16522828 -0.23500979 -0.0888831   0.93313193 -0.19510725
   0.53606313 -1.2891425   0.6268518   0.19734737  1.0638961   0.8778146
  -0.48796168  0.37352923 -0.30200475  0.02783233 -0.64461815 -0.755822
  -0.21985738 -0.5024488  -0.02626453  0.10107349]]]
[ 2024-07-10 15:58:26,235  54 COMPONENTS - INFO - Finding top 10 similar products by calculating cosine similarity]
[ 2024-07-10 15:58:35,360  61 COMPONENTS - INFO - Found top 10 similar products and they are ['sslr mens summer shirts short sleeve aloha shirt hawaiian men small blue rose 168118', 'untuckit franconia wrinkle resistant  untucked shirt men long sleeve xxlarge blue', 'grey long sleeve shirt  full shirts men 40008043 lgs greyplain', 'halloween shirt  funny shirts led light men l black', 'fommykin mens denim shirt dark blue', 'yuezoon mens button shirt shortsleeve regularfit blue casual shirts grey large', 'halloween shirt  funny shirts led light men xl black', 'varnit crafts hawaiian shirt men short sleeve vintage car blue xxl', 'rashbi mens blue dress shirt medium', 'varnit crafts hawaiian shirt men short sleeve vintage car blue 3xl']]
[ 2024-07-10 15:58:40,315  97 werkzeug - INFO - 127.0.0.1 - - [10/Jul/2024 15:58:40] "POST /predict HTTP/1.1" 200 -]
[ 2024-07-10 15:58:53,344  24 COMPONENTS - INFO - Doing text preprocessing]
[ 2024-07-10 15:58:53,349  31 COMPONENTS - INFO - Text preprocessing done. After text preprocessing X is :             titleDesc
0  [blue, jeans, men]]
[ 2024-07-10 15:58:53,349  32 COMPONENTS - INFO - Loading the w2vModel]
[ 2024-07-10 15:58:53,411  36 COMPONENTS - INFO - Loaded w2vModel]
[ 2024-07-10 15:58:53,411  37 COMPONENTS - INFO - Applying w2vModel on input X]
[ 2024-07-10 15:58:53,412  42 COMPONENTS - INFO - Applied w2vModel on input X. X = Empty DataFrame
Columns: [titleDesc]
Index: []]
[ 2024-07-10 15:58:53,412  43 COMPONENTS - INFO - Loading the pcaModel]
[ 2024-07-10 15:58:53,412  47 COMPONENTS - INFO - Loaded pcamodel]
[ 2024-07-10 15:58:53,412  48 COMPONENTS - INFO - Applying pcamodel on input X]
[ 2024-07-10 15:58:53,414  53 COMPONENTS - INFO - Applied pcamodel on input X. X = [[ 1.0011107  -2.8881476   0.15539353 -0.95543975  0.7154829  -1.7378136
   0.6785473  -1.1276485  -0.1954434  -4.137518   -2.4577637   1.496552
  -0.54206246  0.06769152 -1.1372662  -0.46989238  0.7966155  -1.9988996
   1.9653143  -0.5586847   0.03703269 -2.2101407   0.9915703  -0.7238762
  -0.81854224  1.5341555  -1.3704458   0.44891888 -2.0747678   0.9031995
  -0.12571481 -1.6796094   1.3152112   0.9716068  -0.09650271 -1.1145399
   1.2517896  -0.7113746   0.39971814 -0.94944     1.0003395  -0.4546578
   0.22910462  0.8954883  -0.823582   -0.14830953 -0.2692884   0.91914827
  -0.35767174 -0.44464839  0.6621733   0.41165176  0.8375061  -1.4021883
   1.1276908   1.0866948  -0.7394095  -1.1481254  -0.41115832 -0.7627729
  -0.7552583   0.9125386  -0.7345066   1.1301683   1.4074667  -0.20386404
  -0.277582   -1.1080309  -0.144967    0.0333256   0.50451523  0.52935374
  -1.6099098  -1.8313957  -0.61818254 -0.38492012  0.88860404 -1.03133
  -0.2128908  -0.03646476  0.07089863  0.27431667  0.0753377   0.29314363
   0.02655798 -0.69579965  0.17633821  0.02287836  0.6978735   0.9840626
   0.5399746  -0.02840764 -0.7640997  -0.34750667 -0.4683304  -0.02767554
  -0.03373374  0.08285888  0.48341146  0.09463333]]]
[ 2024-07-10 15:58:53,414  54 COMPONENTS - INFO - Finding top 10 similar products by calculating cosine similarity]
[ 2024-07-10 15:59:02,474  61 COMPONENTS - INFO - Found top 10 similar products and they are ['ne5 jeans denim jacket men young fashion breathable vintage blue jean', 'rustler  mens heavyweight denim regular fit bootcut blue jeans 31x30 dark', 'demonhunter mens slim fit jeans s831529 blue', 'heyfanee mens jeans skinny stretch slim fit men denim grey 30', 'grey jeans men skinny mens vintaged washed stretchy classic pant fit 30', 'enzo mens super stretch skinny fit jeans lightwash 32w  30l blue', 'fredd marshall mens moto biker skinny washed wrinkled stetchy denim blue jeans w38', '27 inches inseam jeans  classic 5 pocket tapered leg fit jean men 56 light blue mens 40x27', 'mens soft stretch denim jeans classic work jean w32l32 blue 32w x 32l', 'cultura azure mens jeans  skinny fit men stretch regular 10002 indigo 36w x 30l']]
[ 2024-07-10 15:59:06,486  97 werkzeug - INFO - 127.0.0.1 - - [10/Jul/2024 15:59:06] "POST /predict HTTP/1.1" 200 -]
