[ 2024-07-10 16:04:01,113  97 werkzeug - INFO - [31m[1mWARNING: This is a development server. Do not use it in a production deployment. Use a production WSGI server instead.[0m
 * Running on http://127.0.0.1:5000]
[ 2024-07-10 16:04:01,113  97 werkzeug - INFO - [33mPress CTRL+C to quit[0m]
[ 2024-07-10 16:04:01,114  97 werkzeug - INFO -  * Restarting with stat]
[ 2024-07-10 16:04:06,827  97 werkzeug - WARNING -  * Debugger is active!]
[ 2024-07-10 16:04:06,837  97 werkzeug - INFO -  * Debugger PIN: 121-992-361]
[ 2024-07-10 16:04:12,177  97 werkzeug - INFO - 127.0.0.1 - - [10/Jul/2024 16:04:12] "GET /predict HTTP/1.1" 200 -]
[ 2024-07-10 16:04:20,162  24 COMPONENTS - INFO - Doing text preprocessing]
[ 2024-07-10 16:04:20,180  31 COMPONENTS - INFO - Text preprocessing done. After text preprocessing X is :             titleDesc
0  [blue, jeans, men]]
[ 2024-07-10 16:04:20,180  32 COMPONENTS - INFO - Loading the w2vModel]
[ 2024-07-10 16:04:20,364  36 COMPONENTS - INFO - Loaded w2vModel]
[ 2024-07-10 16:04:20,364  37 COMPONENTS - INFO - Applying w2vModel on input X]
[ 2024-07-10 16:04:20,365  42 COMPONENTS - INFO - Applied w2vModel on input X. X = Empty DataFrame
Columns: [titleDesc]
Index: []]
[ 2024-07-10 16:04:20,365  43 COMPONENTS - INFO - Loading the pcaModel]
[ 2024-07-10 16:04:20,378  47 COMPONENTS - INFO - Loaded pcamodel]
[ 2024-07-10 16:04:20,378  48 COMPONENTS - INFO - Applying pcamodel on input X]
[ 2024-07-10 16:04:20,380  53 COMPONENTS - INFO - Applied pcamodel on input X. X = [[ 1.0011107  -2.8881476   0.15539353 -0.95543975  0.7154829  -1.7378136
   0.6785473  -1.1276485  -0.1954434  -4.137518   -2.4577637   1.496552
  -0.54206246  0.06769152 -1.1372662  -0.46989238  0.7966155  -1.9988996
   1.9653143  -0.5586847   0.03703269 -2.2101407   0.9915703  -0.7238762
  -0.81854224  1.5341555  -1.3704458   0.44891888 -2.0747678   0.9031995
  -0.12571481 -1.6796094   1.3152112   0.9716068  -0.09650271 -1.1145399
   1.2517896  -0.7113746   0.39971814 -0.94944     1.0003395  -0.4546578
   0.22910462  0.8954883  -0.823582   -0.14830953 -0.2692884   0.91914827
  -0.35767174 -0.44464839  0.6621733   0.41165176  0.8375061  -1.4021883
   1.1276908   1.0866948  -0.7394095  -1.1481254  -0.41115832 -0.7627729
  -0.7552583   0.9125386  -0.7345066   1.1301683   1.4074667  -0.20386404
  -0.277582   -1.1080309  -0.144967    0.0333256   0.50451523  0.52935374
  -1.6099098  -1.8313957  -0.61818254 -0.38492012  0.88860404 -1.03133
  -0.2128908  -0.03646476  0.07089863  0.27431667  0.0753377   0.29314363
   0.02655798 -0.69579965  0.17633821  0.02287836  0.6978735   0.9840626
   0.5399746  -0.02840764 -0.7640997  -0.34750667 -0.4683304  -0.02767554
  -0.03373374  0.08285888  0.48341146  0.09463333]]]
[ 2024-07-10 16:04:20,380  54 COMPONENTS - INFO - Finding top 10 similar products by calculating cosine similarity]
[ 2024-07-10 16:04:29,312  61 COMPONENTS - INFO - Found top 10 similar products and they are ['ne5 jeans denim jacket men young fashion breathable vintage blue jean', 'rustler  mens heavyweight denim regular fit bootcut blue jeans 31x30 dark', 'demonhunter mens slim fit jeans s831529 blue', 'heyfanee mens jeans skinny stretch slim fit men denim grey 30', 'grey jeans men skinny mens vintaged washed stretchy classic pant fit 30', 'enzo mens super stretch skinny fit jeans lightwash 32w  30l blue', 'fredd marshall mens moto biker skinny washed wrinkled stetchy denim blue jeans w38', '27 inches inseam jeans  classic 5 pocket tapered leg fit jean men 56 light blue mens 40x27', 'mens soft stretch denim jeans classic work jean w32l32 blue 32w x 32l', 'cultura azure mens jeans  skinny fit men stretch regular 10002 indigo 36w x 30l']]
[ 2024-07-10 16:04:34,706  97 werkzeug - INFO - 127.0.0.1 - - [10/Jul/2024 16:04:34] "POST /predict HTTP/1.1" 200 -]
[ 2024-07-10 16:07:51,210  97 werkzeug - INFO - 127.0.0.1 - - [10/Jul/2024 16:07:51] "GET /predict HTTP/1.1" 200 -]
[ 2024-07-10 16:08:05,530  24 COMPONENTS - INFO - Doing text preprocessing]
[ 2024-07-10 16:08:05,538  31 COMPONENTS - INFO - Text preprocessing done. After text preprocessing X is :              titleDesc
0  [blue, jeans, mens]]
[ 2024-07-10 16:08:05,539  32 COMPONENTS - INFO - Loading the w2vModel]
[ 2024-07-10 16:08:05,620  36 COMPONENTS - INFO - Loaded w2vModel]
[ 2024-07-10 16:08:05,620  37 COMPONENTS - INFO - Applying w2vModel on input X]
[ 2024-07-10 16:08:05,621  42 COMPONENTS - INFO - Applied w2vModel on input X. X = Empty DataFrame
Columns: [titleDesc]
Index: []]
[ 2024-07-10 16:08:05,621  43 COMPONENTS - INFO - Loading the pcaModel]
[ 2024-07-10 16:08:05,622  47 COMPONENTS - INFO - Loaded pcamodel]
[ 2024-07-10 16:08:05,622  48 COMPONENTS - INFO - Applying pcamodel on input X]
[ 2024-07-10 16:08:05,624  53 COMPONENTS - INFO - Applied pcamodel on input X. X = [[-0.78163654 -3.1821728   0.02881561 -1.7284974   0.66553396 -3.7335234
   1.4891332  -0.6593719  -0.57875645 -3.8876717  -1.6553743   0.64700663
   0.8315864   1.4268758  -1.27667    -0.40210453 -0.25341576 -0.59108305
   1.8769938  -0.24674156  0.5578306  -1.892833    0.30315235 -1.0713767
  -0.6893687   1.3767911  -0.32036546  1.0672355  -1.3841641   0.7818255
   0.5157373  -2.025694    0.26155624  0.34347016 -0.22244218 -0.72491306
   1.076301   -0.46142745  0.40269578 -0.8066828   0.8716876  -0.21308865
   0.01022998  0.32967588 -0.6244318  -0.22137499 -0.12746625  0.2741518
  -0.85666126  0.7073386   0.29380944  0.26785958 -0.01890637 -0.1520531
   1.2950528   1.4822224  -0.9447549   0.11470072 -0.11591265 -0.88914883
  -0.8941813   0.5392211  -0.32511973  0.70712477  1.8758872  -0.04520006
   0.21350797 -0.62506366 -0.07391598  0.39105666  0.04384174  0.30396667
  -1.3708324  -2.1327088  -0.34238306 -0.14556468  0.6769427  -0.8761667
   0.03142083  0.04983422  0.4504986   0.379615   -0.24693194  0.34991664
  -0.33261302 -0.26911137 -0.7261703  -0.42923653 -0.20546913  0.6645578
   0.20682734 -0.14473584  0.09257746 -0.22504987 -0.27975446  0.45929605
  -0.02177474 -0.10074771  0.03690084 -0.23455697]]]
[ 2024-07-10 16:08:05,624  54 COMPONENTS - INFO - Finding top 10 similar products by calculating cosine similarity]
[ 2024-07-10 16:08:15,019  61 COMPONENTS - INFO - Found top 10 similar products and they are ['demonhunter mens slim fit jeans s831529 blue', 'rustler  mens heavyweight denim regular fit bootcut blue jeans 31x30 dark', 'fredd marshall mens moto biker skinny washed wrinkled stetchy denim blue jeans w38', 'enzo mens super stretch skinny fit jeans lightwash 32w  30l blue', 'heyfanee mens jeans skinny stretch slim fit men denim grey 30', 'mr r mens washed ripped slim blue jeans 1805 30 tag', 'tunglung mens straight slim fit motorcylce jeans holes w36 6612 blue', 'mens soft stretch denim jeans classic work jean w32l32 blue 32w x 32l', 'mens vintage faded wash stretch straight slim fit distressed jeans blue 32', 'pishon mens distressed jeans casual bleached straight fit patched destroyed blue tag size 40us 36']]
[ 2024-07-10 16:08:19,679  97 werkzeug - INFO - 127.0.0.1 - - [10/Jul/2024 16:08:19] "POST /predict HTTP/1.1" 200 -]
[ 2024-07-10 16:09:25,236  97 werkzeug - INFO - 127.0.0.1 - - [10/Jul/2024 16:09:25] "GET /predict HTTP/1.1" 200 -]
[ 2024-07-10 16:12:13,339  97 werkzeug - INFO - 127.0.0.1 - - [10/Jul/2024 16:12:13] "GET /predict HTTP/1.1" 200 -]
[ 2024-07-10 16:12:27,775  24 COMPONENTS - INFO - Doing text preprocessing]
[ 2024-07-10 16:12:27,783  31 COMPONENTS - INFO - Text preprocessing done. After text preprocessing X is :               titleDesc
0  [black, shirt, mens]]
[ 2024-07-10 16:12:27,783  32 COMPONENTS - INFO - Loading the w2vModel]
[ 2024-07-10 16:12:27,875  36 COMPONENTS - INFO - Loaded w2vModel]
[ 2024-07-10 16:12:27,875  37 COMPONENTS - INFO - Applying w2vModel on input X]
[ 2024-07-10 16:12:27,879  42 COMPONENTS - INFO - Applied w2vModel on input X. X = Empty DataFrame
Columns: [titleDesc]
Index: []]
[ 2024-07-10 16:12:27,879  43 COMPONENTS - INFO - Loading the pcaModel]
[ 2024-07-10 16:12:27,881  47 COMPONENTS - INFO - Loaded pcamodel]
[ 2024-07-10 16:12:27,881  48 COMPONENTS - INFO - Applying pcamodel on input X]
[ 2024-07-10 16:12:27,887  53 COMPONENTS - INFO - Applied pcamodel on input X. X = [[-3.06824899e+00 -3.10340142e+00  1.93008208e+00 -3.77255893e+00
   5.80794454e-01 -2.31152177e+00 -8.02046284e-02  5.20200968e-01
  -1.42135227e+00 -2.91675210e+00  5.73310673e-01 -6.70048714e-01
   1.50728333e+00  1.64707258e-01 -1.78107589e-01 -6.42395556e-01
  -1.90429008e+00  5.92879891e-01  1.65586722e+00 -1.32458425e+00
   3.66532147e-01 -6.27709448e-01 -6.94924772e-01  2.00919658e-02
   5.35609084e-04 -5.71858101e-02  6.99594021e-01  5.34266055e-01
   4.09625947e-01  6.22687459e-01  3.22707027e-01 -2.60573059e-01
  -4.41624105e-01 -1.03094861e-01  1.80915013e-01 -4.00013149e-01
  -4.08589631e-01  7.98605978e-01  6.42160177e-01 -1.02696992e-01
   3.95851433e-01  7.40374207e-01 -8.53892982e-01  6.78375959e-01
   2.52995312e-01  3.11488472e-02 -1.41155279e+00 -7.60717928e-01
  -3.30942303e-01  2.95151442e-01 -4.47618932e-01 -7.30658472e-01
  -1.90278277e-01 -4.91648704e-01 -1.06296554e-01 -9.06065665e-03
  -1.01536500e+00 -6.41790688e-01 -9.75580886e-02  6.71369731e-02
   9.98623222e-02 -9.57461715e-01 -6.15767717e-01  3.26132596e-01
  -7.60089979e-02  3.09527725e-01  1.02127683e+00 -1.18000627e+00
   5.85629582e-01 -2.11439043e-01  5.52699983e-01 -6.65656686e-01
   1.30860105e-01  1.68853626e-01 -3.96002680e-01  5.80026954e-02
  -5.98888278e-01 -6.43655896e-01 -2.58143961e-01  1.16347253e-01
   3.50253969e-01  4.79716837e-01  2.62629122e-01 -2.18613371e-01
  -1.27049118e-01 -6.98291123e-01 -3.11404169e-01 -7.69850314e-01
  -4.01197046e-01  4.58333880e-01 -5.22827685e-01  3.37208509e-01
   1.16858256e+00  1.40721768e-01 -4.75581735e-01 -1.68953594e-02
  -2.80672222e-01 -2.45504424e-01 -5.26152432e-01 -1.83886304e-01]]]
[ 2024-07-10 16:12:27,887  54 COMPONENTS - INFO - Finding top 10 similar products by calculating cosine similarity]
[ 2024-07-10 16:12:37,082  61 COMPONENTS - INFO - Found top 10 similar products and they are ['decrum mens shirt', 'oneill mens prowl shortsleeve shirt medium black', 'cuican skulllovers shirts theloverstarotcardskull tshirt mens black medium', 'xiaojun noragami tshirts mens black', 'tcombo hubby long sleeve mens shirt black large', 'pacman mens long sleeve shirt large black', 'shop4ever wolf mens long sleeve shirt large black 0', 'cuican mens anthrax shirt cotton fashion shirts top black', 'cuican mens audioslave shirt cotton fashion shirts top black', 'stockerpoint mens traditional short sleeve shirt stephen l black']]
[ 2024-07-10 16:12:42,341  97 werkzeug - INFO - 127.0.0.1 - - [10/Jul/2024 16:12:42] "POST /predict HTTP/1.1" 200 -]
[ 2024-07-10 16:14:33,753  97 werkzeug - INFO -  * Detected change in '/Users/sanketsaxena/Desktop/recommendationSystem/application.py', reloading]
[ 2024-07-10 16:14:33,975  97 werkzeug - INFO -  * Restarting with stat]
