[ 2024-07-10 16:14:35,820  97 werkzeug - WARNING -  * Debugger is active!]
[ 2024-07-10 16:14:35,829  97 werkzeug - INFO -  * Debugger PIN: 121-992-361]
[ 2024-07-10 16:14:43,187  97 werkzeug - INFO - 127.0.0.1 - - [10/Jul/2024 16:14:43] "[32mGET / HTTP/1.1[0m" 302 -]
[ 2024-07-10 16:14:43,199  97 werkzeug - INFO - 127.0.0.1 - - [10/Jul/2024 16:14:43] "GET /predict HTTP/1.1" 200 -]
[ 2024-07-10 16:14:55,965  24 COMPONENTS - INFO - Doing text preprocessing]
[ 2024-07-10 16:14:55,979  31 COMPONENTS - INFO - Text preprocessing done. After text preprocessing X is :        titleDesc
0  [pyjama, men]]
[ 2024-07-10 16:14:55,980  32 COMPONENTS - INFO - Loading the w2vModel]
[ 2024-07-10 16:14:56,161  36 COMPONENTS - INFO - Loaded w2vModel]
[ 2024-07-10 16:14:56,161  37 COMPONENTS - INFO - Applying w2vModel on input X]
[ 2024-07-10 16:14:56,162  42 COMPONENTS - INFO - Applied w2vModel on input X. X = Empty DataFrame
Columns: [titleDesc]
Index: []]
[ 2024-07-10 16:14:56,162  43 COMPONENTS - INFO - Loading the pcaModel]
[ 2024-07-10 16:14:56,175  47 COMPONENTS - INFO - Loaded pcamodel]
[ 2024-07-10 16:14:56,175  48 COMPONENTS - INFO - Applying pcamodel on input X]
[ 2024-07-10 16:14:56,176  53 COMPONENTS - INFO - Applied pcamodel on input X. X = [[ 4.35189342e+00 -3.43198299e+00  8.35085750e-01 -2.02170372e+00
   6.97356582e-01  1.64366829e+00  1.53250337e-01 -3.93020622e-02
  -8.66548181e-01 -2.30830288e+00 -8.54447484e-01 -9.00221616e-02
  -1.16915631e+00 -9.60894883e-01 -4.63252813e-01  6.79462627e-02
  -2.61718392e-01  5.53547740e-01  1.51891875e+00 -1.62476313e+00
  -4.39167097e-02 -9.20518458e-01  2.84458190e-01  5.03181636e-01
  -4.02939677e-01  5.32644033e-01 -3.09137881e-01 -1.17019773e+00
  -3.37873936e-01  1.08373515e-01 -1.17596126e+00 -1.96023569e-01
   1.30031717e+00  9.43909526e-01 -3.73784393e-01 -6.48862898e-01
   1.34452423e-02 -1.73760629e+00  3.12275201e-01 -1.21437192e-01
   7.42905363e-02 -8.15034032e-01 -7.53821075e-01  1.13527167e+00
  -9.06287789e-01  2.24923134e-01 -3.58613342e-01  4.74656999e-01
  -6.63659036e-01 -1.02309871e+00  9.71585214e-01 -9.14283767e-02
   1.74659097e+00 -2.59431028e+00  1.13179952e-01 -1.87761679e-01
  -7.63856351e-01 -2.27481008e+00 -2.98003733e-01  3.97880115e-02
  -1.11510091e-01  2.51344770e-01 -2.30989084e-01  5.01912713e-01
   5.41523039e-01 -2.39204988e-01 -5.96910715e-01 -7.59326994e-01
  -1.27081573e-01 -1.89899936e-01  4.97304171e-01 -1.65350989e-01
  -4.23912227e-01  4.54707891e-01 -8.42265666e-01  3.15413803e-01
  -5.34354091e-01 -7.63430357e-01 -1.70124546e-01 -3.42005417e-02
   1.84765637e-01  1.06554050e-02  6.93548620e-01 -2.42716879e-01
   6.74543679e-01 -4.15478051e-01  1.11099517e+00  1.23940013e-01
   3.95356268e-01  1.23061311e+00 -3.59316796e-01  4.18330520e-01
  -9.09074187e-01 -4.07524407e-01 -9.35857177e-01 -3.02627265e-01
  -1.24504998e-01  2.97585456e-03  2.91548252e-01  5.86764574e-01]]]
[ 2024-07-10 16:14:56,176  54 COMPONENTS - INFO - Finding top 10 similar products by calculating cosine similarity]
[ 2024-07-10 16:15:05,187  61 COMPONENTS - INFO - Found top 10 similar products and they are ['yuming men 户外运动', 'groundies union men  black 43', 'camel crown hiking bootsfor men', 'night driving glasses men  feirdio mens sports vision 2266 yellow 236', 'adidas skate men busenitz vulc', 'german smart zoom reading glasses men ladies black 250', 'susenstonebracelet tai chi ying yang men women wristband', 'smart looking reading glasses men  womengrey225', 'suoso mens sunglasses polarized men women', 'stylish magnetic adjustable unisex snapon reading glasses  cheatersreaders hang neck men womencool blue 10 magnificationstrength']]
[ 2024-07-10 16:15:09,214  97 werkzeug - INFO - 127.0.0.1 - - [10/Jul/2024 16:15:09] "POST /predict HTTP/1.1" 200 -]
[ 2024-07-10 16:15:52,530  24 COMPONENTS - INFO - Doing text preprocessing]
[ 2024-07-10 16:15:52,540  31 COMPONENTS - INFO - Text preprocessing done. After text preprocessing X is :              titleDesc
0  [tracksuits, men, ]]
[ 2024-07-10 16:15:52,540  32 COMPONENTS - INFO - Loading the w2vModel]
[ 2024-07-10 16:15:52,623  36 COMPONENTS - INFO - Loaded w2vModel]
[ 2024-07-10 16:15:52,623  37 COMPONENTS - INFO - Applying w2vModel on input X]
[ 2024-07-10 16:15:52,627  42 COMPONENTS - INFO - Applied w2vModel on input X. X = Empty DataFrame
Columns: [titleDesc]
Index: []]
[ 2024-07-10 16:15:52,627  43 COMPONENTS - INFO - Loading the pcaModel]
[ 2024-07-10 16:15:52,628  47 COMPONENTS - INFO - Loaded pcamodel]
[ 2024-07-10 16:15:52,628  48 COMPONENTS - INFO - Applying pcamodel on input X]
[ 2024-07-10 16:15:52,635  53 COMPONENTS - INFO - Applied pcamodel on input X. X = [[ 3.29661    -3.6008468   0.9597649  -2.0781448  -1.3857379   0.29791036
  -0.1575438  -1.2812694  -0.73893183 -2.8897448  -0.6755446   0.93674374
  -1.7514933  -0.99123496  0.17751032 -0.190261    0.7976441  -0.3753662
   1.3025444  -1.7192193  -0.26702783 -0.2086126   0.13166828  0.14308853
  -0.196173   -0.72421     0.08926239 -1.0282322   0.10784271  0.00372504
  -1.0102868  -0.28315872  0.77106035  0.6766413  -0.24234067 -0.5379738
  -0.09184829 -1.1384406  -0.03867412  0.42560145  0.04811525 -0.78158337
  -0.40440553  0.62669545 -0.71351516  0.25340685 -0.45791447 -0.09277432
  -0.9357415  -0.8575862   0.9588767  -0.2711483   1.5253102  -1.8197665
   0.1287993  -0.34693283 -0.48235008 -1.9241374   0.37989292  0.08850936
  -0.1526072   0.55846864 -0.3755279   0.8834091   0.37601957 -0.31163147
   0.17443313 -0.562924   -0.53005505 -0.32457983  0.00566152 -0.27442318
   0.03820128  0.2914636  -0.4730114   0.71736425 -0.2647724  -0.2634775
  -0.42749447  0.18689641 -0.11076081 -0.241844    0.3747563   0.20048198
   0.21849099 -0.6649852   0.70042396 -0.44578987  0.0295505   1.0508598
  -1.0263757   0.28304616 -0.5640869  -0.10176376  0.13949239 -0.41016147
  -0.12783244 -0.45730096 -0.43178314  0.088802  ]]]
[ 2024-07-10 16:15:52,635  54 COMPONENTS - INFO - Finding top 10 similar products by calculating cosine similarity]
[ 2024-07-10 16:16:01,522  61 COMPONENTS - INFO - Found top 10 similar products and they are ['yuming men 户外运动', 'groundies union men  black 43', 'acokac basketball sweatbands set sports headbands wristband men women royal blue', 'camel crown hiking bootsfor men', 'fitness sweatpants joggers men running shorts fleece tracksuits  yourturn', 'miccostumes mens saitama cosplay costume men l yellow', 'blingsoul black leather biker jacket men  wick 3xl', 'night driving glasses men  feirdio mens sports vision 2266 yellow 236', 'bvlgari  diagono bv 3028 geometric acetate men grey blue horn5357 5517140', '3 silicone wedding ring band men metallic set crossfit climbing wods outdoor sports black  grey metalic 11']]
[ 2024-07-10 16:16:05,432  97 werkzeug - INFO - 127.0.0.1 - - [10/Jul/2024 16:16:05] "POST /predict HTTP/1.1" 200 -]
[ 2024-07-10 16:18:56,717  24 COMPONENTS - INFO - Doing text preprocessing]
[ 2024-07-10 16:18:56,726  31 COMPONENTS - INFO - Text preprocessing done. After text preprocessing X is :             titleDesc
0  [blue, jeans, men]]
[ 2024-07-10 16:18:56,726  32 COMPONENTS - INFO - Loading the w2vModel]
[ 2024-07-10 16:18:56,800  36 COMPONENTS - INFO - Loaded w2vModel]
[ 2024-07-10 16:18:56,800  37 COMPONENTS - INFO - Applying w2vModel on input X]
[ 2024-07-10 16:18:56,803  42 COMPONENTS - INFO - Applied w2vModel on input X. X = Empty DataFrame
Columns: [titleDesc]
Index: []]
[ 2024-07-10 16:18:56,803  43 COMPONENTS - INFO - Loading the pcaModel]
[ 2024-07-10 16:18:56,803  47 COMPONENTS - INFO - Loaded pcamodel]
[ 2024-07-10 16:18:56,803  48 COMPONENTS - INFO - Applying pcamodel on input X]
[ 2024-07-10 16:18:56,806  53 COMPONENTS - INFO - Applied pcamodel on input X. X = [[ 1.0011107  -2.8881476   0.15539353 -0.95543975  0.7154829  -1.7378136
   0.6785473  -1.1276485  -0.1954434  -4.137518   -2.4577637   1.496552
  -0.54206246  0.06769152 -1.1372662  -0.46989238  0.7966155  -1.9988996
   1.9653143  -0.5586847   0.03703269 -2.2101407   0.9915703  -0.7238762
  -0.81854224  1.5341555  -1.3704458   0.44891888 -2.0747678   0.9031995
  -0.12571481 -1.6796094   1.3152112   0.9716068  -0.09650271 -1.1145399
   1.2517896  -0.7113746   0.39971814 -0.94944     1.0003395  -0.4546578
   0.22910462  0.8954883  -0.823582   -0.14830953 -0.2692884   0.91914827
  -0.35767174 -0.44464839  0.6621733   0.41165176  0.8375061  -1.4021883
   1.1276908   1.0866948  -0.7394095  -1.1481254  -0.41115832 -0.7627729
  -0.7552583   0.9125386  -0.7345066   1.1301683   1.4074667  -0.20386404
  -0.277582   -1.1080309  -0.144967    0.0333256   0.50451523  0.52935374
  -1.6099098  -1.8313957  -0.61818254 -0.38492012  0.88860404 -1.03133
  -0.2128908  -0.03646476  0.07089863  0.27431667  0.0753377   0.29314363
   0.02655798 -0.69579965  0.17633821  0.02287836  0.6978735   0.9840626
   0.5399746  -0.02840764 -0.7640997  -0.34750667 -0.4683304  -0.02767554
  -0.03373374  0.08285888  0.48341146  0.09463333]]]
[ 2024-07-10 16:18:56,807  54 COMPONENTS - INFO - Finding top 10 similar products by calculating cosine similarity]
[ 2024-07-10 16:19:05,781  61 COMPONENTS - INFO - Found top 10 similar products and they are ['ne5 jeans denim jacket men young fashion breathable vintage blue jean', 'rustler  mens heavyweight denim regular fit bootcut blue jeans 31x30 dark', 'demonhunter mens slim fit jeans s831529 blue', 'heyfanee mens jeans skinny stretch slim fit men denim grey 30', 'grey jeans men skinny mens vintaged washed stretchy classic pant fit 30', 'enzo mens super stretch skinny fit jeans lightwash 32w  30l blue', 'fredd marshall mens moto biker skinny washed wrinkled stetchy denim blue jeans w38', '27 inches inseam jeans  classic 5 pocket tapered leg fit jean men 56 light blue mens 40x27', 'mens soft stretch denim jeans classic work jean w32l32 blue 32w x 32l', 'cultura azure mens jeans  skinny fit men stretch regular 10002 indigo 36w x 30l']]
[ 2024-07-10 16:19:10,235  97 werkzeug - INFO - 127.0.0.1 - - [10/Jul/2024 16:19:10] "POST /predict HTTP/1.1" 200 -]
