[ 2024-07-10 23:15:36,822  97 werkzeug - INFO - [31m[1mWARNING: This is a development server. Do not use it in a production deployment. Use a production WSGI server instead.[0m
 * Running on http://127.0.0.1:5000]
[ 2024-07-10 23:15:36,822  97 werkzeug - INFO - [33mPress CTRL+C to quit[0m]
[ 2024-07-10 23:15:36,823  97 werkzeug - INFO -  * Restarting with stat]
[ 2024-07-10 23:15:37,819  97 werkzeug - WARNING -  * Debugger is active!]
[ 2024-07-10 23:15:37,826  97 werkzeug - INFO -  * Debugger PIN: 121-992-361]
[ 2024-07-10 23:15:49,991  24 COMPONENTS - INFO - Doing text preprocessing]
[ 2024-07-10 23:15:50,003  31 COMPONENTS - INFO - Text preprocessing done. After text preprocessing X is :         description
0  [olive, satchel]]
[ 2024-07-10 23:15:50,003  32 COMPONENTS - INFO - Loading the w2vModel]
[ 2024-07-10 23:15:50,315  36 COMPONENTS - INFO - Loaded w2vModel]
[ 2024-07-10 23:15:50,315  37 COMPONENTS - INFO - Applying w2vModel on input X]
[ 2024-07-10 23:15:50,316  42 COMPONENTS - INFO - Applied w2vModel on input X. X = Empty DataFrame
Columns: [description]
Index: []]
[ 2024-07-10 23:15:50,316  43 COMPONENTS - INFO - Loading the pcaModel]
[ 2024-07-10 23:15:50,328  47 COMPONENTS - INFO - Loaded pcamodel]
[ 2024-07-10 23:15:50,329  48 COMPONENTS - INFO - Applying pcamodel on input X]
[ 2024-07-10 23:15:50,330  53 COMPONENTS - INFO - Applied pcamodel on input X. X = [[-0.93698364  2.2812316  -3.3818908  -0.7850346   4.4046626   1.0889862
   0.6275643  -0.07994081  0.53636956  0.21861096  0.43864495 -0.04717257
  -0.4691248  -1.0934492   0.950062    0.6149937  -1.1892679   0.49581426
   1.824469    0.04024452  2.8905149  -0.7214535   2.8411968  -0.5754873
  -0.49023846 -1.9127789  -0.56307906  1.8108692   0.20203502 -0.20850393
  -1.3390487  -0.01729393 -0.5460237   0.97925043  0.561533   -0.02403113
   0.32534868 -1.852463   -0.78358144 -1.0746251  -1.6388754   0.32688197
  -0.6509885   0.6653481   0.19873418 -0.6191989   1.3956213   1.4540414
   1.0852029   0.64464515  0.2294881   0.24030729  1.8172624  -1.1067626
   0.8398861  -0.4247005  -1.2467668   0.98666555 -0.02884827 -0.0892904
  -0.72005844 -0.17996396  1.2678745  -1.0592573  -1.9546154   0.443911
   0.3724261  -0.01266912 -0.2350924   1.3168142  -0.51189244 -1.541739
  -1.5664008   0.02085043 -0.03790405  1.2822266  -0.3485624   2.686674
  -0.3140737  -1.1305727  -0.24524169 -0.85555184 -0.53400373  0.64407384
   0.5382612  -0.5657941   0.6088019   0.58536327 -0.8912869   0.38943616
   0.18698753  0.6336592  -1.681399    0.58652914  0.43443838  0.25818458
  -0.37909973  0.43771824 -0.35440123 -0.06508745]]]
[ 2024-07-10 23:15:50,330  54 COMPONENTS - INFO - Finding top 10 similar products by calculating cosine similarity]
[ 2024-07-10 23:16:16,426  61 COMPONENTS - INFO - Found top 10 similar products and they are ['Axe Me Another', 'Toreadorable', 'Symphony in Spinach', 'Shoein Hosses', 'Lets You and Him Fight', 'The Anvil Chorus Girl', 'Beware of Barnacle Bill', 'Kickin the Conga Round', 'Hello How Am I', 'Quick on the Vigor']]
[ 2024-07-10 23:16:22,678  97 werkzeug - INFO - 127.0.0.1 - - [10/Jul/2024 23:16:22] "POST /predict HTTP/1.1" 200 -]
[ 2024-07-10 23:21:13,567  97 werkzeug - INFO -  * Detected change in '/Users/sanketsaxena/Desktop/recommendationSystem/src/pipelines/prediction_pipeline.py', reloading]
[ 2024-07-10 23:21:13,772  97 werkzeug - INFO -  * Restarting with stat]
[ 2024-07-10 23:57:40,873  97 werkzeug - INFO -  * Restarting with stat]
