[ 2024-07-10 23:21:15,139  97 werkzeug - WARNING -  * Debugger is active!]
[ 2024-07-10 23:21:15,176  97 werkzeug - INFO -  * Debugger PIN: 121-992-361]
[ 2024-07-10 23:21:57,698  24 COMPONENTS - INFO - Doing text preprocessing]
[ 2024-07-10 23:21:57,705  31 COMPONENTS - INFO - Text preprocessing done. After text preprocessing X is :                                          description
0  [horror, haunted, movie, like, hush, woman, ca...]
[ 2024-07-10 23:21:57,705  32 COMPONENTS - INFO - Loading the w2vModel]
[ 2024-07-10 23:21:58,057  36 COMPONENTS - INFO - Loaded w2vModel]
[ 2024-07-10 23:21:58,060  37 COMPONENTS - INFO - Applying w2vModel on input X]
[ 2024-07-10 23:21:58,066  42 COMPONENTS - INFO - Applied w2vModel on input X. X = Empty DataFrame
Columns: [description]
Index: []]
[ 2024-07-10 23:21:58,066  43 COMPONENTS - INFO - Loading the pcaModel]
[ 2024-07-10 23:21:58,082  47 COMPONENTS - INFO - Loaded pcamodel]
[ 2024-07-10 23:21:58,082  48 COMPONENTS - INFO - Applying pcamodel on input X]
[ 2024-07-10 23:21:58,084  53 COMPONENTS - INFO - Applied pcamodel on input X. X = [[-3.78269124e+00  3.20955843e-01 -1.26762974e+00  3.36382166e-02
  -7.21764743e-01 -3.15710759e+00  1.69842169e-01  2.32354832e+00
   5.54188073e-01 -6.76830351e-01 -7.19023466e-01  2.67489457e+00
  -6.62217617e-01  6.27306849e-02 -5.56334674e-01  8.56323302e-01
  -2.52849370e-01  1.17226219e+00 -3.14173996e-01 -1.71074092e+00
  -3.93344939e-01  1.98852766e+00  9.54597712e-01 -4.91299689e-01
   1.77437246e-01  4.75874424e-01 -7.69024372e-01  2.05418289e-01
   9.02433395e-01 -6.18533671e-01 -9.60814804e-02 -1.99669898e-01
  -4.67720389e-01 -9.79202628e-01  4.36490588e-02 -5.40766895e-01
   4.20243263e-01  8.41994107e-01  1.11061084e+00 -2.56911904e-01
  -1.25585461e+00  3.56228240e-02 -8.51514161e-01 -2.69846350e-01
  -4.72411513e-01  9.74291563e-01 -1.19956814e-01  1.16434842e-01
  -1.71973497e-01 -2.24364586e-02 -6.91393614e-01 -1.32062054e+00
   8.41329545e-02 -3.51922423e-01 -6.71321988e-01 -2.83038497e-01
  -7.20994055e-01 -4.20809150e-01 -1.15384388e+00 -9.23796058e-01
   1.34870124e+00  2.70328701e-01  4.28102493e-01 -8.73060346e-01
  -8.27196538e-01 -1.78212255e-01  2.53715575e-01 -7.96130598e-01
   6.70913830e-02 -1.65862784e-01  6.24196649e-01  5.77223420e-01
  -2.51911511e-03  5.56542039e-01 -2.63129234e-01 -8.16461205e-01
  -1.28449619e-01 -5.79017699e-01  8.03512394e-01  7.38689423e-01
  -3.83777730e-02  2.14488536e-01 -2.36342072e-01  7.16412127e-01
  -1.89463794e-01 -3.19703490e-01 -4.75020707e-02 -6.06434286e-01
   5.37770331e-01 -8.45368803e-01  5.64826846e-01  6.03419468e-02
   2.59027243e-01 -7.65886204e-03  2.73758024e-01 -1.61495507e-01
  -1.50359631e-01  9.53473866e-01  5.36458254e-01 -2.98926868e-02]]]
[ 2024-07-10 23:21:58,084  54 COMPONENTS - INFO - Finding top 10 similar products by calculating cosine similarity]
[ 2024-07-10 23:22:24,586  61 COMPONENTS - INFO - Found top 10 similar products and they are ['The Return of the Exorcist', 'The Manipulator', 'Baba Yaga', 'Wolf Garden', 'Lips of Blood', 'There Is a Monster', 'Unknown Visitor', 'Midnight Faces', 'Xpiation', 'House of Terrors']]
[ 2024-07-10 23:22:31,536  97 werkzeug - INFO - 127.0.0.1 - - [10/Jul/2024 23:22:31] "POST /predict HTTP/1.1" 200 -]
[ 2024-07-10 23:22:31,551  97 werkzeug - INFO - 127.0.0.1 - - [10/Jul/2024 23:22:31] "[33mGET /null HTTP/1.1[0m" 404 -]
[ 2024-07-10 23:23:30,862  24 COMPONENTS - INFO - Doing text preprocessing]
[ 2024-07-10 23:23:30,876  31 COMPONENTS - INFO - Text preprocessing done. After text preprocessing X is :   description
0      [hush]]
[ 2024-07-10 23:23:30,876  32 COMPONENTS - INFO - Loading the w2vModel]
[ 2024-07-10 23:23:31,072  36 COMPONENTS - INFO - Loaded w2vModel]
[ 2024-07-10 23:23:31,073  37 COMPONENTS - INFO - Applying w2vModel on input X]
[ 2024-07-10 23:23:31,074  42 COMPONENTS - INFO - Applied w2vModel on input X. X = Empty DataFrame
Columns: [description]
Index: []]
[ 2024-07-10 23:23:31,074  43 COMPONENTS - INFO - Loading the pcaModel]
[ 2024-07-10 23:23:31,074  47 COMPONENTS - INFO - Loaded pcamodel]
[ 2024-07-10 23:23:31,074  48 COMPONENTS - INFO - Applying pcamodel on input X]
[ 2024-07-10 23:23:31,086  53 COMPONENTS - INFO - Applied pcamodel on input X. X = [[-1.5904725e+00  2.9669070e-01 -4.6921518e-02  1.7523225e-01
   1.5212486e+00  2.6670375e-01 -1.3492639e+00 -8.9277393e-01
  -1.1016862e+00  4.8306590e-01  2.9362285e-01  8.9405008e-02
   2.8957936e-01 -1.6179185e-01  1.5456238e-01 -6.1073852e-01
   3.5537490e-01 -5.2179104e-01 -4.6423808e-01  4.7082466e-01
   9.4404620e-01  4.9967730e-01 -5.9003198e-01 -8.1594014e-01
   5.3363252e-01 -1.3634846e-01 -2.2385122e-01 -4.0218979e-01
   6.8919921e-01  1.1780746e+00  4.2475873e-01 -4.8964191e-02
   3.3969200e-01  1.7026757e-01  3.9931810e-01  1.6220527e-02
   9.9150890e-01 -4.0313743e-02  5.8129698e-01  5.2561127e-02
  -2.4100350e-01  2.9293346e-01  6.2865448e-01 -1.2337647e-01
  -4.8844367e-01 -3.2040220e-01  7.7175409e-01 -9.4535255e-01
  -1.5847185e-01 -4.8127791e-01  4.2262596e-01 -6.1689919e-01
  -1.6344166e-01 -5.3075588e-01 -1.0361010e+00 -5.4083294e-01
   9.9447179e-01  5.7503116e-01  2.9150850e-01 -6.1553246e-01
  -5.9616846e-01 -4.2152128e-01 -1.4689910e-01 -5.5168933e-01
  -4.1830102e-01 -4.5943856e-01 -4.5168447e-01 -2.6944509e-02
  -6.7274064e-01  2.2387983e-01  6.7297131e-01 -1.7464308e-01
  -5.9845483e-01 -5.2640412e-04  3.3652452e-01  6.2895250e-01
  -1.9386802e-02  1.4348948e-01 -5.6115359e-01 -4.1778073e-02
  -3.9606418e-02  1.1811075e-01 -5.6069368e-01 -8.8559970e-02
  -3.1235540e-01  9.8477626e-01  2.3402554e-01  6.7967230e-01
  -6.5180443e-02  7.8811109e-01  2.8493398e-01  1.2024538e-01
   1.1509161e+00  1.5343887e-02  2.8836394e-02 -2.3865207e-01
   9.4341189e-01 -2.3044743e-01 -2.3305812e-01 -2.9861706e-01]]]
[ 2024-07-10 23:23:31,086  54 COMPONENTS - INFO - Finding top 10 similar products by calculating cosine similarity]
[ 2024-07-10 23:23:58,162  61 COMPONENTS - INFO - Found top 10 similar products and they are ['Roger Touhy Gangster', 'The Asphalt Jungle', 'The Valachi Papers', 'Tons of Money', 'Silver Bears', 'The Big Guy', 'Milano rovente', 'The Singing Hill', 'Cheathos A Political Comedy', '30 Minutes or Less']]
[ 2024-07-10 23:24:03,596  97 werkzeug - INFO - 127.0.0.1 - - [10/Jul/2024 23:24:03] "POST /predict HTTP/1.1" 200 -]
[ 2024-07-10 23:25:03,480  24 COMPONENTS - INFO - Doing text preprocessing]
[ 2024-07-10 23:25:03,490  31 COMPONENTS - INFO - Text preprocessing done. After text preprocessing X is :                                          description
0  [moview, comedy, also, thriller, one, women, k...]
[ 2024-07-10 23:25:03,490  32 COMPONENTS - INFO - Loading the w2vModel]
[ 2024-07-10 23:25:03,697  36 COMPONENTS - INFO - Loaded w2vModel]
[ 2024-07-10 23:25:03,697  37 COMPONENTS - INFO - Applying w2vModel on input X]
[ 2024-07-10 23:25:03,699  42 COMPONENTS - INFO - Applied w2vModel on input X. X = Empty DataFrame
Columns: [description]
Index: []]
[ 2024-07-10 23:25:03,699  43 COMPONENTS - INFO - Loading the pcaModel]
[ 2024-07-10 23:25:03,700  47 COMPONENTS - INFO - Loaded pcamodel]
[ 2024-07-10 23:25:03,700  48 COMPONENTS - INFO - Applying pcamodel on input X]
[ 2024-07-10 23:25:03,701  53 COMPONENTS - INFO - Applied pcamodel on input X. X = [[-2.73354864e+00  2.81388640e+00  1.13955116e+00 -1.10980773e+00
   1.54465074e-02 -1.38939416e+00 -4.92306560e-01  1.07407069e+00
   1.13277018e+00 -6.03223622e-01  1.36439812e+00 -7.39896476e-01
   2.48572543e-01  6.56879187e-01  7.84124434e-01  1.25539100e+00
   6.91215694e-01  2.43983889e+00 -1.03866005e+00 -3.60741210e+00
  -1.23167551e+00 -1.02824831e+00 -1.50561798e+00 -1.23557961e+00
  -1.28710759e+00 -7.30102211e-02 -6.79709315e-01  5.03176808e-01
  -3.56448531e-01 -2.88315266e-02  8.22182715e-01 -5.10009348e-01
  -5.56545556e-01  3.10229927e-01 -1.06061888e+00 -9.30973172e-01
  -9.17360783e-01 -1.24114733e-02  2.77499050e-01 -6.51796162e-01
   4.99150991e-01 -2.63608724e-01 -3.26868981e-01  1.78731665e-01
   1.24739654e-01 -6.06008053e-01  2.70918328e-02  4.65469778e-01
   7.60729134e-01 -4.28571761e-01  8.98964703e-01  3.69523764e-02
  -2.79826811e-03 -1.81255266e-01  8.37715328e-01  3.26924354e-01
   7.68116713e-01  2.08330631e-01  3.57033193e-01  4.28919077e-01
   3.43849182e-01  7.17766225e-01  6.46286458e-02  4.51248288e-01
   2.18548719e-02 -4.41801071e-01  9.75327909e-01  3.51640493e-01
  -3.84770334e-01  2.10983753e-01  7.04615772e-01 -3.38267624e-01
  -2.35336781e-01  5.39550960e-01 -9.75802317e-02  9.79700029e-01
   7.14937031e-01 -7.18331218e-01 -1.18056977e+00  9.31930244e-01
  -6.25328183e-01  8.83565366e-01 -5.03480852e-01  6.59625828e-02
  -4.02118862e-01  6.10914379e-02 -2.24343799e-02 -2.25539207e-01
  -2.53173441e-01  2.94090778e-01 -1.20145986e-02 -2.24174351e-01
   2.93499678e-01 -1.49881184e-01  2.91692495e-01  7.40041733e-01
   2.54956093e-02  1.21257067e+00  1.00325108e+00 -1.70569681e-02]]]
[ 2024-07-10 23:25:03,701  54 COMPONENTS - INFO - Finding top 10 similar products by calculating cosine similarity]
[ 2024-07-10 23:25:30,079  61 COMPONENTS - INFO - Found top 10 similar products and they are ['State of Mind', 'The Abduction of Lorelei', 'The Eye of Silence', 'WitchHunt', 'The Very Edge', 'Didnt Say Good Bye', 'Bugaw', 'Treasure Trouble', 'The Life Zone', 'Love Camp']]
[ 2024-07-10 23:25:36,676  97 werkzeug - INFO - 127.0.0.1 - - [10/Jul/2024 23:25:36] "POST /predict HTTP/1.1" 200 -]
[ 2024-07-10 23:25:36,692  97 werkzeug - INFO - 127.0.0.1 - - [10/Jul/2024 23:25:36] "[33mGET /null HTTP/1.1[0m" 404 -]
[ 2024-07-10 23:27:16,637  97 werkzeug - INFO - 127.0.0.1 - - [10/Jul/2024 23:27:16] "[33mGET /null HTTP/1.1[0m" 404 -]
[ 2024-07-10 23:46:08,338  97 werkzeug - INFO - 127.0.0.1 - - [10/Jul/2024 23:46:08] "GET /predict HTTP/1.1" 200 -]
[ 2024-07-10 23:47:03,417  24 COMPONENTS - INFO - Doing text preprocessing]
[ 2024-07-10 23:47:03,448  31 COMPONENTS - INFO - Text preprocessing done. After text preprocessing X is :                                          description
0  [movie, dinosaurs, people, little, horror, thr...]
[ 2024-07-10 23:47:03,448  32 COMPONENTS - INFO - Loading the w2vModel]
[ 2024-07-10 23:47:03,646  36 COMPONENTS - INFO - Loaded w2vModel]
[ 2024-07-10 23:47:03,647  37 COMPONENTS - INFO - Applying w2vModel on input X]
[ 2024-07-10 23:47:03,651  42 COMPONENTS - INFO - Applied w2vModel on input X. X = Empty DataFrame
Columns: [description]
Index: []]
[ 2024-07-10 23:47:03,651  43 COMPONENTS - INFO - Loading the pcaModel]
[ 2024-07-10 23:47:03,654  47 COMPONENTS - INFO - Loaded pcamodel]
[ 2024-07-10 23:47:03,654  48 COMPONENTS - INFO - Applying pcamodel on input X]
[ 2024-07-10 23:47:03,669  53 COMPONENTS - INFO - Applied pcamodel on input X. X = [[ 0.18754405 -0.789632   -2.7328324   3.0946634  -2.690498   -0.18204921
  -0.3837613   2.5755162   1.1848258   0.07997366 -0.37928104  1.3371694
   0.4835178  -1.0768423  -0.8258082   0.63661706  0.756158    1.1726627
   2.0729277  -1.1748934  -0.98006564  0.6921027   1.8683665   0.23090042
   0.5833832  -1.2397722  -1.3462033   0.20500866  0.85556173 -1.0249736
   2.0367947   0.23246217 -0.48358065 -0.18997109  1.3664503  -0.3881832
   0.67546874 -0.01882338  0.4897199   0.20994963  0.39863428 -0.11880853
  -0.2535556   0.06013892 -0.69314414 -0.7002884   0.0672183   0.30356482
  -0.34677887 -0.62380314 -0.48202264 -0.610522    0.29232126  0.945114
  -0.7855193   0.44522956 -0.5560284  -0.9112705  -0.09956916  0.6403524
   0.8244194   0.10002303 -0.10465798  0.6392772  -0.13464688 -0.51662916
   0.45225602 -0.44232106 -0.9022305  -0.18952958  0.06550684  1.1020916
   0.5454313   0.20585233  0.03961719 -0.12775663 -0.8447232   0.02265673
  -1.5585058  -0.23346746  1.098012    0.2009306  -0.32761714 -0.6511142
  -1.2211988  -0.03699126  0.71845037 -0.7195855  -0.7285066   0.58040094
   0.34503505 -0.5683948   0.22014514 -0.5613619  -0.55809814  0.43298173
   0.6390676  -0.05351109  0.62716913 -0.05770205]]]
[ 2024-07-10 23:47:03,669  54 COMPONENTS - INFO - Finding top 10 similar products by calculating cosine similarity]
[ 2024-07-10 23:47:06,412  24 COMPONENTS - INFO - Doing text preprocessing]
[ 2024-07-10 23:47:06,537  31 COMPONENTS - INFO - Text preprocessing done. After text preprocessing X is :                                          description
0  [movie, dinosaurs, people, little, horror, thr...]
[ 2024-07-10 23:47:06,537  32 COMPONENTS - INFO - Loading the w2vModel]
[ 2024-07-10 23:47:06,773  36 COMPONENTS - INFO - Loaded w2vModel]
[ 2024-07-10 23:47:06,773  37 COMPONENTS - INFO - Applying w2vModel on input X]
[ 2024-07-10 23:47:06,774  42 COMPONENTS - INFO - Applied w2vModel on input X. X = Empty DataFrame
Columns: [description]
Index: []]
[ 2024-07-10 23:47:06,774  43 COMPONENTS - INFO - Loading the pcaModel]
[ 2024-07-10 23:47:06,774  47 COMPONENTS - INFO - Loaded pcamodel]
[ 2024-07-10 23:47:06,774  48 COMPONENTS - INFO - Applying pcamodel on input X]
[ 2024-07-10 23:47:06,775  53 COMPONENTS - INFO - Applied pcamodel on input X. X = [[ 0.18754405 -0.789632   -2.7328324   3.0946634  -2.690498   -0.18204921
  -0.3837613   2.5755162   1.1848258   0.07997366 -0.37928104  1.3371694
   0.4835178  -1.0768423  -0.8258082   0.63661706  0.756158    1.1726627
   2.0729277  -1.1748934  -0.98006564  0.6921027   1.8683665   0.23090042
   0.5833832  -1.2397722  -1.3462033   0.20500866  0.85556173 -1.0249736
   2.0367947   0.23246217 -0.48358065 -0.18997109  1.3664503  -0.3881832
   0.67546874 -0.01882338  0.4897199   0.20994963  0.39863428 -0.11880853
  -0.2535556   0.06013892 -0.69314414 -0.7002884   0.0672183   0.30356482
  -0.34677887 -0.62380314 -0.48202264 -0.610522    0.29232126  0.945114
  -0.7855193   0.44522956 -0.5560284  -0.9112705  -0.09956916  0.6403524
   0.8244194   0.10002303 -0.10465798  0.6392772  -0.13464688 -0.51662916
   0.45225602 -0.44232106 -0.9022305  -0.18952958  0.06550684  1.1020916
   0.5454313   0.20585233  0.03961719 -0.12775663 -0.8447232   0.02265673
  -1.5585058  -0.23346746  1.098012    0.2009306  -0.32761714 -0.6511142
  -1.2211988  -0.03699126  0.71845037 -0.7195855  -0.7285066   0.58040094
   0.34503505 -0.5683948   0.22014514 -0.5613619  -0.55809814  0.43298173
   0.6390676  -0.05351109  0.62716913 -0.05770205]]]
[ 2024-07-10 23:47:06,775  54 COMPONENTS - INFO - Finding top 10 similar products by calculating cosine similarity]
[ 2024-07-10 23:47:34,105  61 COMPONENTS - INFO - Found top 10 similar products and they are ['Adventure at the Center of the Earth', 'The Mister Burger Show', 'Terrortory 2', 'Trashtastic', 'Adventures in Dinosaur City', 'Blood Clots', 'Skippers Jam', 'League of Superheroes', 'Creature from Cannibal Creek  Get Me Pictures', 'Mini Pet Pals  The Four Seasons']]
[ 2024-07-10 23:47:41,374  97 werkzeug - INFO - 127.0.0.1 - - [10/Jul/2024 23:47:41] "POST /predict HTTP/1.1" 200 -]
[ 2024-07-10 23:47:58,384  61 COMPONENTS - INFO - Found top 10 similar products and they are ['Adventure at the Center of the Earth', 'The Mister Burger Show', 'Terrortory 2', 'Trashtastic', 'Adventures in Dinosaur City', 'Blood Clots', 'Skippers Jam', 'League of Superheroes', 'Creature from Cannibal Creek  Get Me Pictures', 'Mini Pet Pals  The Four Seasons']]
[ 2024-07-10 23:48:03,497  97 werkzeug - INFO - 127.0.0.1 - - [10/Jul/2024 23:48:03] "POST /predict HTTP/1.1" 200 -]
[ 2024-07-10 23:48:27,397  24 COMPONENTS - INFO - Doing text preprocessing]
[ 2024-07-10 23:48:27,406  31 COMPONENTS - INFO - Text preprocessing done. After text preprocessing X is :                                          description
0  [movie, dinosaurs, people, little, horror, thr...]
[ 2024-07-10 23:48:27,406  32 COMPONENTS - INFO - Loading the w2vModel]
[ 2024-07-10 23:48:27,630  36 COMPONENTS - INFO - Loaded w2vModel]
[ 2024-07-10 23:48:27,630  37 COMPONENTS - INFO - Applying w2vModel on input X]
[ 2024-07-10 23:48:27,631  42 COMPONENTS - INFO - Applied w2vModel on input X. X = Empty DataFrame
Columns: [description]
Index: []]
[ 2024-07-10 23:48:27,631  43 COMPONENTS - INFO - Loading the pcaModel]
[ 2024-07-10 23:48:27,632  47 COMPONENTS - INFO - Loaded pcamodel]
[ 2024-07-10 23:48:27,632  48 COMPONENTS - INFO - Applying pcamodel on input X]
[ 2024-07-10 23:48:27,643  53 COMPONENTS - INFO - Applied pcamodel on input X. X = [[ 0.18754405 -0.789632   -2.7328324   3.0946634  -2.690498   -0.18204921
  -0.3837613   2.5755162   1.1848258   0.07997366 -0.37928104  1.3371694
   0.4835178  -1.0768423  -0.8258082   0.63661706  0.756158    1.1726627
   2.0729277  -1.1748934  -0.98006564  0.6921027   1.8683665   0.23090042
   0.5833832  -1.2397722  -1.3462033   0.20500866  0.85556173 -1.0249736
   2.0367947   0.23246217 -0.48358065 -0.18997109  1.3664503  -0.3881832
   0.67546874 -0.01882338  0.4897199   0.20994963  0.39863428 -0.11880853
  -0.2535556   0.06013892 -0.69314414 -0.7002884   0.0672183   0.30356482
  -0.34677887 -0.62380314 -0.48202264 -0.610522    0.29232126  0.945114
  -0.7855193   0.44522956 -0.5560284  -0.9112705  -0.09956916  0.6403524
   0.8244194   0.10002303 -0.10465798  0.6392772  -0.13464688 -0.51662916
   0.45225602 -0.44232106 -0.9022305  -0.18952958  0.06550684  1.1020916
   0.5454313   0.20585233  0.03961719 -0.12775663 -0.8447232   0.02265673
  -1.5585058  -0.23346746  1.098012    0.2009306  -0.32761714 -0.6511142
  -1.2211988  -0.03699126  0.71845037 -0.7195855  -0.7285066   0.58040094
   0.34503505 -0.5683948   0.22014514 -0.5613619  -0.55809814  0.43298173
   0.6390676  -0.05351109  0.62716913 -0.05770205]]]
[ 2024-07-10 23:48:27,644  54 COMPONENTS - INFO - Finding top 10 similar products by calculating cosine similarity]
[ 2024-07-10 23:48:55,271  61 COMPONENTS - INFO - Found top 10 similar products and they are ['Adventure at the Center of the Earth', 'The Mister Burger Show', 'Terrortory 2', 'Trashtastic', 'Adventures in Dinosaur City', 'Blood Clots', 'Skippers Jam', 'League of Superheroes', 'Creature from Cannibal Creek  Get Me Pictures', 'Mini Pet Pals  The Four Seasons']]
[ 2024-07-10 23:49:00,648  97 werkzeug - INFO - 127.0.0.1 - - [10/Jul/2024 23:49:00] "POST /predict HTTP/1.1" 200 -]
[ 2024-07-10 23:51:42,276  24 COMPONENTS - INFO - Doing text preprocessing]
[ 2024-07-10 23:51:42,289  31 COMPONENTS - INFO - Text preprocessing done. After text preprocessing X is :                                          description
0  [movie, dinosaurs, people, little, horror, thr...]
[ 2024-07-10 23:51:42,289  32 COMPONENTS - INFO - Loading the w2vModel]
[ 2024-07-10 23:51:42,520  36 COMPONENTS - INFO - Loaded w2vModel]
[ 2024-07-10 23:51:42,520  37 COMPONENTS - INFO - Applying w2vModel on input X]
[ 2024-07-10 23:51:42,522  42 COMPONENTS - INFO - Applied w2vModel on input X. X = Empty DataFrame
Columns: [description]
Index: []]
[ 2024-07-10 23:51:42,522  43 COMPONENTS - INFO - Loading the pcaModel]
[ 2024-07-10 23:51:42,522  47 COMPONENTS - INFO - Loaded pcamodel]
[ 2024-07-10 23:51:42,522  48 COMPONENTS - INFO - Applying pcamodel on input X]
[ 2024-07-10 23:51:42,523  53 COMPONENTS - INFO - Applied pcamodel on input X. X = [[ 0.18754405 -0.789632   -2.7328324   3.0946634  -2.690498   -0.18204921
  -0.3837613   2.5755162   1.1848258   0.07997366 -0.37928104  1.3371694
   0.4835178  -1.0768423  -0.8258082   0.63661706  0.756158    1.1726627
   2.0729277  -1.1748934  -0.98006564  0.6921027   1.8683665   0.23090042
   0.5833832  -1.2397722  -1.3462033   0.20500866  0.85556173 -1.0249736
   2.0367947   0.23246217 -0.48358065 -0.18997109  1.3664503  -0.3881832
   0.67546874 -0.01882338  0.4897199   0.20994963  0.39863428 -0.11880853
  -0.2535556   0.06013892 -0.69314414 -0.7002884   0.0672183   0.30356482
  -0.34677887 -0.62380314 -0.48202264 -0.610522    0.29232126  0.945114
  -0.7855193   0.44522956 -0.5560284  -0.9112705  -0.09956916  0.6403524
   0.8244194   0.10002303 -0.10465798  0.6392772  -0.13464688 -0.51662916
   0.45225602 -0.44232106 -0.9022305  -0.18952958  0.06550684  1.1020916
   0.5454313   0.20585233  0.03961719 -0.12775663 -0.8447232   0.02265673
  -1.5585058  -0.23346746  1.098012    0.2009306  -0.32761714 -0.6511142
  -1.2211988  -0.03699126  0.71845037 -0.7195855  -0.7285066   0.58040094
   0.34503505 -0.5683948   0.22014514 -0.5613619  -0.55809814  0.43298173
   0.6390676  -0.05351109  0.62716913 -0.05770205]]]
[ 2024-07-10 23:51:42,523  54 COMPONENTS - INFO - Finding top 10 similar products by calculating cosine similarity]
[ 2024-07-10 23:51:47,025  24 COMPONENTS - INFO - Doing text preprocessing]
[ 2024-07-10 23:51:47,336  31 COMPONENTS - INFO - Text preprocessing done. After text preprocessing X is :                                          description
0  [movie, dinosaurs, people, little, horror, thr...]
[ 2024-07-10 23:51:47,336  32 COMPONENTS - INFO - Loading the w2vModel]
[ 2024-07-10 23:51:47,452  24 COMPONENTS - INFO - Doing text preprocessing]
[ 2024-07-10 23:51:47,543  31 COMPONENTS - INFO - Text preprocessing done. After text preprocessing X is :                                          description
0  [movie, dinosaurs, people, little, horror, thr...]
[ 2024-07-10 23:51:47,543  32 COMPONENTS - INFO - Loading the w2vModel]
[ 2024-07-10 23:51:47,588  36 COMPONENTS - INFO - Loaded w2vModel]
[ 2024-07-10 23:51:47,591  37 COMPONENTS - INFO - Applying w2vModel on input X]
[ 2024-07-10 23:51:47,624  42 COMPONENTS - INFO - Applied w2vModel on input X. X = Empty DataFrame
Columns: [description]
Index: []]
[ 2024-07-10 23:51:47,637  43 COMPONENTS - INFO - Loading the pcaModel]
[ 2024-07-10 23:51:47,695  47 COMPONENTS - INFO - Loaded pcamodel]
[ 2024-07-10 23:51:47,697  48 COMPONENTS - INFO - Applying pcamodel on input X]
[ 2024-07-10 23:51:47,711  53 COMPONENTS - INFO - Applied pcamodel on input X. X = [[ 0.18754405 -0.789632   -2.7328324   3.0946634  -2.690498   -0.18204921
  -0.3837613   2.5755162   1.1848258   0.07997366 -0.37928104  1.3371694
   0.4835178  -1.0768423  -0.8258082   0.63661706  0.756158    1.1726627
   2.0729277  -1.1748934  -0.98006564  0.6921027   1.8683665   0.23090042
   0.5833832  -1.2397722  -1.3462033   0.20500866  0.85556173 -1.0249736
   2.0367947   0.23246217 -0.48358065 -0.18997109  1.3664503  -0.3881832
   0.67546874 -0.01882338  0.4897199   0.20994963  0.39863428 -0.11880853
  -0.2535556   0.06013892 -0.69314414 -0.7002884   0.0672183   0.30356482
  -0.34677887 -0.62380314 -0.48202264 -0.610522    0.29232126  0.945114
  -0.7855193   0.44522956 -0.5560284  -0.9112705  -0.09956916  0.6403524
   0.8244194   0.10002303 -0.10465798  0.6392772  -0.13464688 -0.51662916
   0.45225602 -0.44232106 -0.9022305  -0.18952958  0.06550684  1.1020916
   0.5454313   0.20585233  0.03961719 -0.12775663 -0.8447232   0.02265673
  -1.5585058  -0.23346746  1.098012    0.2009306  -0.32761714 -0.6511142
  -1.2211988  -0.03699126  0.71845037 -0.7195855  -0.7285066   0.58040094
   0.34503505 -0.5683948   0.22014514 -0.5613619  -0.55809814  0.43298173
   0.6390676  -0.05351109  0.62716913 -0.05770205]]]
[ 2024-07-10 23:51:47,711  54 COMPONENTS - INFO - Finding top 10 similar products by calculating cosine similarity]
[ 2024-07-10 23:51:47,798  36 COMPONENTS - INFO - Loaded w2vModel]
[ 2024-07-10 23:51:47,798  37 COMPONENTS - INFO - Applying w2vModel on input X]
[ 2024-07-10 23:51:47,799  42 COMPONENTS - INFO - Applied w2vModel on input X. X = Empty DataFrame
Columns: [description]
Index: []]
[ 2024-07-10 23:51:47,799  43 COMPONENTS - INFO - Loading the pcaModel]
[ 2024-07-10 23:51:47,800  47 COMPONENTS - INFO - Loaded pcamodel]
[ 2024-07-10 23:51:47,800  48 COMPONENTS - INFO - Applying pcamodel on input X]
[ 2024-07-10 23:51:47,802  53 COMPONENTS - INFO - Applied pcamodel on input X. X = [[ 0.18754405 -0.789632   -2.7328324   3.0946634  -2.690498   -0.18204921
  -0.3837613   2.5755162   1.1848258   0.07997366 -0.37928104  1.3371694
   0.4835178  -1.0768423  -0.8258082   0.63661706  0.756158    1.1726627
   2.0729277  -1.1748934  -0.98006564  0.6921027   1.8683665   0.23090042
   0.5833832  -1.2397722  -1.3462033   0.20500866  0.85556173 -1.0249736
   2.0367947   0.23246217 -0.48358065 -0.18997109  1.3664503  -0.3881832
   0.67546874 -0.01882338  0.4897199   0.20994963  0.39863428 -0.11880853
  -0.2535556   0.06013892 -0.69314414 -0.7002884   0.0672183   0.30356482
  -0.34677887 -0.62380314 -0.48202264 -0.610522    0.29232126  0.945114
  -0.7855193   0.44522956 -0.5560284  -0.9112705  -0.09956916  0.6403524
   0.8244194   0.10002303 -0.10465798  0.6392772  -0.13464688 -0.51662916
   0.45225602 -0.44232106 -0.9022305  -0.18952958  0.06550684  1.1020916
   0.5454313   0.20585233  0.03961719 -0.12775663 -0.8447232   0.02265673
  -1.5585058  -0.23346746  1.098012    0.2009306  -0.32761714 -0.6511142
  -1.2211988  -0.03699126  0.71845037 -0.7195855  -0.7285066   0.58040094
   0.34503505 -0.5683948   0.22014514 -0.5613619  -0.55809814  0.43298173
   0.6390676  -0.05351109  0.62716913 -0.05770205]]]
[ 2024-07-10 23:51:47,802  54 COMPONENTS - INFO - Finding top 10 similar products by calculating cosine similarity]
[ 2024-07-10 23:51:52,482  97 werkzeug - INFO - 127.0.0.1 - - [10/Jul/2024 23:51:52] "GET /predict HTTP/1.1" 200 -]
[ 2024-07-10 23:51:56,678  24 COMPONENTS - INFO - Doing text preprocessing]
[ 2024-07-10 23:51:56,793  31 COMPONENTS - INFO - Text preprocessing done. After text preprocessing X is :                                          description
0  [movie, dinosaurs, people, little, horror, thr...]
[ 2024-07-10 23:51:56,794  32 COMPONENTS - INFO - Loading the w2vModel]
[ 2024-07-10 23:51:56,999  36 COMPONENTS - INFO - Loaded w2vModel]
[ 2024-07-10 23:51:57,002  37 COMPONENTS - INFO - Applying w2vModel on input X]
[ 2024-07-10 23:51:57,005  42 COMPONENTS - INFO - Applied w2vModel on input X. X = Empty DataFrame
Columns: [description]
Index: []]
[ 2024-07-10 23:51:57,009  43 COMPONENTS - INFO - Loading the pcaModel]
[ 2024-07-10 23:51:57,023  47 COMPONENTS - INFO - Loaded pcamodel]
[ 2024-07-10 23:51:57,023  48 COMPONENTS - INFO - Applying pcamodel on input X]
[ 2024-07-10 23:51:57,024  53 COMPONENTS - INFO - Applied pcamodel on input X. X = [[ 0.18754405 -0.789632   -2.7328324   3.0946634  -2.690498   -0.18204921
  -0.3837613   2.5755162   1.1848258   0.07997366 -0.37928104  1.3371694
   0.4835178  -1.0768423  -0.8258082   0.63661706  0.756158    1.1726627
   2.0729277  -1.1748934  -0.98006564  0.6921027   1.8683665   0.23090042
   0.5833832  -1.2397722  -1.3462033   0.20500866  0.85556173 -1.0249736
   2.0367947   0.23246217 -0.48358065 -0.18997109  1.3664503  -0.3881832
   0.67546874 -0.01882338  0.4897199   0.20994963  0.39863428 -0.11880853
  -0.2535556   0.06013892 -0.69314414 -0.7002884   0.0672183   0.30356482
  -0.34677887 -0.62380314 -0.48202264 -0.610522    0.29232126  0.945114
  -0.7855193   0.44522956 -0.5560284  -0.9112705  -0.09956916  0.6403524
   0.8244194   0.10002303 -0.10465798  0.6392772  -0.13464688 -0.51662916
   0.45225602 -0.44232106 -0.9022305  -0.18952958  0.06550684  1.1020916
   0.5454313   0.20585233  0.03961719 -0.12775663 -0.8447232   0.02265673
  -1.5585058  -0.23346746  1.098012    0.2009306  -0.32761714 -0.6511142
  -1.2211988  -0.03699126  0.71845037 -0.7195855  -0.7285066   0.58040094
   0.34503505 -0.5683948   0.22014514 -0.5613619  -0.55809814  0.43298173
   0.6390676  -0.05351109  0.62716913 -0.05770205]]]
[ 2024-07-10 23:51:57,024  54 COMPONENTS - INFO - Finding top 10 similar products by calculating cosine similarity]
[ 2024-07-10 23:52:19,066  61 COMPONENTS - INFO - Found top 10 similar products and they are ['Adventure at the Center of the Earth', 'The Mister Burger Show', 'Terrortory 2', 'Trashtastic', 'Adventures in Dinosaur City', 'Blood Clots', 'Skippers Jam', 'League of Superheroes', 'Creature from Cannibal Creek  Get Me Pictures', 'Mini Pet Pals  The Four Seasons']]
[ 2024-07-10 23:52:22,476  24 COMPONENTS - INFO - Doing text preprocessing]
[ 2024-07-10 23:52:22,604  31 COMPONENTS - INFO - Text preprocessing done. After text preprocessing X is :                                          description
0  [movie, dinosaurs, people, little, horror, thr...]
[ 2024-07-10 23:52:22,623  32 COMPONENTS - INFO - Loading the w2vModel]
[ 2024-07-10 23:52:23,057  36 COMPONENTS - INFO - Loaded w2vModel]
[ 2024-07-10 23:52:23,062  37 COMPONENTS - INFO - Applying w2vModel on input X]
[ 2024-07-10 23:52:23,068  42 COMPONENTS - INFO - Applied w2vModel on input X. X = Empty DataFrame
Columns: [description]
Index: []]
[ 2024-07-10 23:52:23,068  43 COMPONENTS - INFO - Loading the pcaModel]
[ 2024-07-10 23:52:23,092  47 COMPONENTS - INFO - Loaded pcamodel]
[ 2024-07-10 23:52:23,093  48 COMPONENTS - INFO - Applying pcamodel on input X]
[ 2024-07-10 23:52:23,097  53 COMPONENTS - INFO - Applied pcamodel on input X. X = [[ 0.18754405 -0.789632   -2.7328324   3.0946634  -2.690498   -0.18204921
  -0.3837613   2.5755162   1.1848258   0.07997366 -0.37928104  1.3371694
   0.4835178  -1.0768423  -0.8258082   0.63661706  0.756158    1.1726627
   2.0729277  -1.1748934  -0.98006564  0.6921027   1.8683665   0.23090042
   0.5833832  -1.2397722  -1.3462033   0.20500866  0.85556173 -1.0249736
   2.0367947   0.23246217 -0.48358065 -0.18997109  1.3664503  -0.3881832
   0.67546874 -0.01882338  0.4897199   0.20994963  0.39863428 -0.11880853
  -0.2535556   0.06013892 -0.69314414 -0.7002884   0.0672183   0.30356482
  -0.34677887 -0.62380314 -0.48202264 -0.610522    0.29232126  0.945114
  -0.7855193   0.44522956 -0.5560284  -0.9112705  -0.09956916  0.6403524
   0.8244194   0.10002303 -0.10465798  0.6392772  -0.13464688 -0.51662916
   0.45225602 -0.44232106 -0.9022305  -0.18952958  0.06550684  1.1020916
   0.5454313   0.20585233  0.03961719 -0.12775663 -0.8447232   0.02265673
  -1.5585058  -0.23346746  1.098012    0.2009306  -0.32761714 -0.6511142
  -1.2211988  -0.03699126  0.71845037 -0.7195855  -0.7285066   0.58040094
   0.34503505 -0.5683948   0.22014514 -0.5613619  -0.55809814  0.43298173
   0.6390676  -0.05351109  0.62716913 -0.05770205]]]
[ 2024-07-10 23:52:23,097  54 COMPONENTS - INFO - Finding top 10 similar products by calculating cosine similarity]
[ 2024-07-10 23:52:23,247  24 COMPONENTS - INFO - Doing text preprocessing]
[ 2024-07-10 23:52:23,412  31 COMPONENTS - INFO - Text preprocessing done. After text preprocessing X is :                                          description
0  [movie, dinosaurs, people, little, horror, thr...]
[ 2024-07-10 23:52:23,412  32 COMPONENTS - INFO - Loading the w2vModel]
[ 2024-07-10 23:52:23,635  36 COMPONENTS - INFO - Loaded w2vModel]
[ 2024-07-10 23:52:23,641  37 COMPONENTS - INFO - Applying w2vModel on input X]
[ 2024-07-10 23:52:23,648  42 COMPONENTS - INFO - Applied w2vModel on input X. X = Empty DataFrame
Columns: [description]
Index: []]
[ 2024-07-10 23:52:23,649  43 COMPONENTS - INFO - Loading the pcaModel]
[ 2024-07-10 23:52:23,689  47 COMPONENTS - INFO - Loaded pcamodel]
[ 2024-07-10 23:52:23,708  48 COMPONENTS - INFO - Applying pcamodel on input X]
[ 2024-07-10 23:52:23,709  53 COMPONENTS - INFO - Applied pcamodel on input X. X = [[ 0.18754405 -0.789632   -2.7328324   3.0946634  -2.690498   -0.18204921
  -0.3837613   2.5755162   1.1848258   0.07997366 -0.37928104  1.3371694
   0.4835178  -1.0768423  -0.8258082   0.63661706  0.756158    1.1726627
   2.0729277  -1.1748934  -0.98006564  0.6921027   1.8683665   0.23090042
   0.5833832  -1.2397722  -1.3462033   0.20500866  0.85556173 -1.0249736
   2.0367947   0.23246217 -0.48358065 -0.18997109  1.3664503  -0.3881832
   0.67546874 -0.01882338  0.4897199   0.20994963  0.39863428 -0.11880853
  -0.2535556   0.06013892 -0.69314414 -0.7002884   0.0672183   0.30356482
  -0.34677887 -0.62380314 -0.48202264 -0.610522    0.29232126  0.945114
  -0.7855193   0.44522956 -0.5560284  -0.9112705  -0.09956916  0.6403524
   0.8244194   0.10002303 -0.10465798  0.6392772  -0.13464688 -0.51662916
   0.45225602 -0.44232106 -0.9022305  -0.18952958  0.06550684  1.1020916
   0.5454313   0.20585233  0.03961719 -0.12775663 -0.8447232   0.02265673
  -1.5585058  -0.23346746  1.098012    0.2009306  -0.32761714 -0.6511142
  -1.2211988  -0.03699126  0.71845037 -0.7195855  -0.7285066   0.58040094
   0.34503505 -0.5683948   0.22014514 -0.5613619  -0.55809814  0.43298173
   0.6390676  -0.05351109  0.62716913 -0.05770205]]]
[ 2024-07-10 23:52:23,709  54 COMPONENTS - INFO - Finding top 10 similar products by calculating cosine similarity]
[ 2024-07-10 23:52:25,653  97 werkzeug - INFO - 127.0.0.1 - - [10/Jul/2024 23:52:25] "POST /predict HTTP/1.1" 200 -]
[ 2024-07-10 23:53:40,978  61 COMPONENTS - INFO - Found top 10 similar products and they are ['Adventure at the Center of the Earth', 'The Mister Burger Show', 'Terrortory 2', 'Trashtastic', 'Adventures in Dinosaur City', 'Blood Clots', 'Skippers Jam', 'League of Superheroes', 'Creature from Cannibal Creek  Get Me Pictures', 'Mini Pet Pals  The Four Seasons']]
[ 2024-07-10 23:53:50,506  97 werkzeug - INFO - 127.0.0.1 - - [10/Jul/2024 23:53:50] "POST /predict HTTP/1.1" 200 -]
[ 2024-07-10 23:54:00,244  61 COMPONENTS - INFO - Found top 10 similar products and they are ['Adventure at the Center of the Earth', 'The Mister Burger Show', 'Terrortory 2', 'Trashtastic', 'Adventures in Dinosaur City', 'Blood Clots', 'Skippers Jam', 'League of Superheroes', 'Creature from Cannibal Creek  Get Me Pictures', 'Mini Pet Pals  The Four Seasons']]
[ 2024-07-10 23:54:08,072  97 werkzeug - INFO - 127.0.0.1 - - [10/Jul/2024 23:54:08] "POST /predict HTTP/1.1" 200 -]
[ 2024-07-10 23:54:08,443  24 COMPONENTS - INFO - Doing text preprocessing]
[ 2024-07-10 23:54:08,487  24 COMPONENTS - INFO - Doing text preprocessing]
[ 2024-07-10 23:54:08,714  24 COMPONENTS - INFO - Doing text preprocessing]
[ 2024-07-10 23:54:09,476  31 COMPONENTS - INFO - Text preprocessing done. After text preprocessing X is :                                          description
0  [movie, dinosaurs, people, little, horror, thr...]
[ 2024-07-10 23:54:09,495  32 COMPONENTS - INFO - Loading the w2vModel]
[ 2024-07-10 23:54:09,525  31 COMPONENTS - INFO - Text preprocessing done. After text preprocessing X is :                                          description
0  [movie, dinosaurs, people, little, horror, thr...]
[ 2024-07-10 23:54:09,525  32 COMPONENTS - INFO - Loading the w2vModel]
[ 2024-07-10 23:54:09,550  31 COMPONENTS - INFO - Text preprocessing done. After text preprocessing X is :                                          description
0  [movie, dinosaurs, people, little, horror, thr...]
[ 2024-07-10 23:54:09,629  32 COMPONENTS - INFO - Loading the w2vModel]
[ 2024-07-10 23:54:11,048  36 COMPONENTS - INFO - Loaded w2vModel]
[ 2024-07-10 23:54:11,052  37 COMPONENTS - INFO - Applying w2vModel on input X]
[ 2024-07-10 23:54:11,061  36 COMPONENTS - INFO - Loaded w2vModel]
[ 2024-07-10 23:54:11,074  37 COMPONENTS - INFO - Applying w2vModel on input X]
[ 2024-07-10 23:54:11,123  42 COMPONENTS - INFO - Applied w2vModel on input X. X = Empty DataFrame
Columns: [description]
Index: []]
[ 2024-07-10 23:54:11,134  43 COMPONENTS - INFO - Loading the pcaModel]
[ 2024-07-10 23:54:11,134  36 COMPONENTS - INFO - Loaded w2vModel]
[ 2024-07-10 23:54:11,168  42 COMPONENTS - INFO - Applied w2vModel on input X. X = Empty DataFrame
Columns: [description]
Index: []]
[ 2024-07-10 23:54:11,182  37 COMPONENTS - INFO - Applying w2vModel on input X]
[ 2024-07-10 23:54:11,187  43 COMPONENTS - INFO - Loading the pcaModel]
[ 2024-07-10 23:54:11,212  42 COMPONENTS - INFO - Applied w2vModel on input X. X = Empty DataFrame
Columns: [description]
Index: []]
[ 2024-07-10 23:54:11,214  47 COMPONENTS - INFO - Loaded pcamodel]
[ 2024-07-10 23:54:11,256  43 COMPONENTS - INFO - Loading the pcaModel]
[ 2024-07-10 23:54:11,256  48 COMPONENTS - INFO - Applying pcamodel on input X]
[ 2024-07-10 23:54:11,316  53 COMPONENTS - INFO - Applied pcamodel on input X. X = [[ 0.18754405 -0.789632   -2.7328324   3.0946634  -2.690498   -0.18204921
  -0.3837613   2.5755162   1.1848258   0.07997366 -0.37928104  1.3371694
   0.4835178  -1.0768423  -0.8258082   0.63661706  0.756158    1.1726627
   2.0729277  -1.1748934  -0.98006564  0.6921027   1.8683665   0.23090042
   0.5833832  -1.2397722  -1.3462033   0.20500866  0.85556173 -1.0249736
   2.0367947   0.23246217 -0.48358065 -0.18997109  1.3664503  -0.3881832
   0.67546874 -0.01882338  0.4897199   0.20994963  0.39863428 -0.11880853
  -0.2535556   0.06013892 -0.69314414 -0.7002884   0.0672183   0.30356482
  -0.34677887 -0.62380314 -0.48202264 -0.610522    0.29232126  0.945114
  -0.7855193   0.44522956 -0.5560284  -0.9112705  -0.09956916  0.6403524
   0.8244194   0.10002303 -0.10465798  0.6392772  -0.13464688 -0.51662916
   0.45225602 -0.44232106 -0.9022305  -0.18952958  0.06550684  1.1020916
   0.5454313   0.20585233  0.03961719 -0.12775663 -0.8447232   0.02265673
  -1.5585058  -0.23346746  1.098012    0.2009306  -0.32761714 -0.6511142
  -1.2211988  -0.03699126  0.71845037 -0.7195855  -0.7285066   0.58040094
   0.34503505 -0.5683948   0.22014514 -0.5613619  -0.55809814  0.43298173
   0.6390676  -0.05351109  0.62716913 -0.05770205]]]
[ 2024-07-10 23:54:11,318  47 COMPONENTS - INFO - Loaded pcamodel]
[ 2024-07-10 23:54:11,327  54 COMPONENTS - INFO - Finding top 10 similar products by calculating cosine similarity]
[ 2024-07-10 23:54:11,360  48 COMPONENTS - INFO - Applying pcamodel on input X]
[ 2024-07-10 23:54:11,363  47 COMPONENTS - INFO - Loaded pcamodel]
[ 2024-07-10 23:54:11,378  53 COMPONENTS - INFO - Applied pcamodel on input X. X = [[ 0.18754405 -0.789632   -2.7328324   3.0946634  -2.690498   -0.18204921
  -0.3837613   2.5755162   1.1848258   0.07997366 -0.37928104  1.3371694
   0.4835178  -1.0768423  -0.8258082   0.63661706  0.756158    1.1726627
   2.0729277  -1.1748934  -0.98006564  0.6921027   1.8683665   0.23090042
   0.5833832  -1.2397722  -1.3462033   0.20500866  0.85556173 -1.0249736
   2.0367947   0.23246217 -0.48358065 -0.18997109  1.3664503  -0.3881832
   0.67546874 -0.01882338  0.4897199   0.20994963  0.39863428 -0.11880853
  -0.2535556   0.06013892 -0.69314414 -0.7002884   0.0672183   0.30356482
  -0.34677887 -0.62380314 -0.48202264 -0.610522    0.29232126  0.945114
  -0.7855193   0.44522956 -0.5560284  -0.9112705  -0.09956916  0.6403524
   0.8244194   0.10002303 -0.10465798  0.6392772  -0.13464688 -0.51662916
   0.45225602 -0.44232106 -0.9022305  -0.18952958  0.06550684  1.1020916
   0.5454313   0.20585233  0.03961719 -0.12775663 -0.8447232   0.02265673
  -1.5585058  -0.23346746  1.098012    0.2009306  -0.32761714 -0.6511142
  -1.2211988  -0.03699126  0.71845037 -0.7195855  -0.7285066   0.58040094
   0.34503505 -0.5683948   0.22014514 -0.5613619  -0.55809814  0.43298173
   0.6390676  -0.05351109  0.62716913 -0.05770205]]]
[ 2024-07-10 23:54:11,399  48 COMPONENTS - INFO - Applying pcamodel on input X]
[ 2024-07-10 23:54:11,417  54 COMPONENTS - INFO - Finding top 10 similar products by calculating cosine similarity]
[ 2024-07-10 23:54:11,453  53 COMPONENTS - INFO - Applied pcamodel on input X. X = [[ 0.18754405 -0.789632   -2.7328324   3.0946634  -2.690498   -0.18204921
  -0.3837613   2.5755162   1.1848258   0.07997366 -0.37928104  1.3371694
   0.4835178  -1.0768423  -0.8258082   0.63661706  0.756158    1.1726627
   2.0729277  -1.1748934  -0.98006564  0.6921027   1.8683665   0.23090042
   0.5833832  -1.2397722  -1.3462033   0.20500866  0.85556173 -1.0249736
   2.0367947   0.23246217 -0.48358065 -0.18997109  1.3664503  -0.3881832
   0.67546874 -0.01882338  0.4897199   0.20994963  0.39863428 -0.11880853
  -0.2535556   0.06013892 -0.69314414 -0.7002884   0.0672183   0.30356482
  -0.34677887 -0.62380314 -0.48202264 -0.610522    0.29232126  0.945114
  -0.7855193   0.44522956 -0.5560284  -0.9112705  -0.09956916  0.6403524
   0.8244194   0.10002303 -0.10465798  0.6392772  -0.13464688 -0.51662916
   0.45225602 -0.44232106 -0.9022305  -0.18952958  0.06550684  1.1020916
   0.5454313   0.20585233  0.03961719 -0.12775663 -0.8447232   0.02265673
  -1.5585058  -0.23346746  1.098012    0.2009306  -0.32761714 -0.6511142
  -1.2211988  -0.03699126  0.71845037 -0.7195855  -0.7285066   0.58040094
   0.34503505 -0.5683948   0.22014514 -0.5613619  -0.55809814  0.43298173
   0.6390676  -0.05351109  0.62716913 -0.05770205]]]
[ 2024-07-10 23:54:11,476  54 COMPONENTS - INFO - Finding top 10 similar products by calculating cosine similarity]
[ 2024-07-10 23:54:16,627  61 COMPONENTS - INFO - Found top 10 similar products and they are ['Adventure at the Center of the Earth', 'The Mister Burger Show', 'Terrortory 2', 'Trashtastic', 'Adventures in Dinosaur City', 'Blood Clots', 'Skippers Jam', 'League of Superheroes', 'Creature from Cannibal Creek  Get Me Pictures', 'Mini Pet Pals  The Four Seasons']]
[ 2024-07-10 23:54:25,256  97 werkzeug - INFO - 127.0.0.1 - - [10/Jul/2024 23:54:25] "POST /predict HTTP/1.1" 200 -]
[ 2024-07-10 23:54:26,003  24 COMPONENTS - INFO - Doing text preprocessing]
[ 2024-07-10 23:54:27,025  31 COMPONENTS - INFO - Text preprocessing done. After text preprocessing X is :                                          description
0  [movie, dinosaurs, people, little, horror, thr...]
[ 2024-07-10 23:54:27,041  32 COMPONENTS - INFO - Loading the w2vModel]
[ 2024-07-10 23:54:27,408  36 COMPONENTS - INFO - Loaded w2vModel]
[ 2024-07-10 23:54:27,408  37 COMPONENTS - INFO - Applying w2vModel on input X]
[ 2024-07-10 23:54:27,458  42 COMPONENTS - INFO - Applied w2vModel on input X. X = Empty DataFrame
Columns: [description]
Index: []]
[ 2024-07-10 23:54:27,459  43 COMPONENTS - INFO - Loading the pcaModel]
[ 2024-07-10 23:54:27,482  47 COMPONENTS - INFO - Loaded pcamodel]
[ 2024-07-10 23:54:27,482  48 COMPONENTS - INFO - Applying pcamodel on input X]
[ 2024-07-10 23:54:27,483  53 COMPONENTS - INFO - Applied pcamodel on input X. X = [[ 0.18754405 -0.789632   -2.7328324   3.0946634  -2.690498   -0.18204921
  -0.3837613   2.5755162   1.1848258   0.07997366 -0.37928104  1.3371694
   0.4835178  -1.0768423  -0.8258082   0.63661706  0.756158    1.1726627
   2.0729277  -1.1748934  -0.98006564  0.6921027   1.8683665   0.23090042
   0.5833832  -1.2397722  -1.3462033   0.20500866  0.85556173 -1.0249736
   2.0367947   0.23246217 -0.48358065 -0.18997109  1.3664503  -0.3881832
   0.67546874 -0.01882338  0.4897199   0.20994963  0.39863428 -0.11880853
  -0.2535556   0.06013892 -0.69314414 -0.7002884   0.0672183   0.30356482
  -0.34677887 -0.62380314 -0.48202264 -0.610522    0.29232126  0.945114
  -0.7855193   0.44522956 -0.5560284  -0.9112705  -0.09956916  0.6403524
   0.8244194   0.10002303 -0.10465798  0.6392772  -0.13464688 -0.51662916
   0.45225602 -0.44232106 -0.9022305  -0.18952958  0.06550684  1.1020916
   0.5454313   0.20585233  0.03961719 -0.12775663 -0.8447232   0.02265673
  -1.5585058  -0.23346746  1.098012    0.2009306  -0.32761714 -0.6511142
  -1.2211988  -0.03699126  0.71845037 -0.7195855  -0.7285066   0.58040094
   0.34503505 -0.5683948   0.22014514 -0.5613619  -0.55809814  0.43298173
   0.6390676  -0.05351109  0.62716913 -0.05770205]]]
[ 2024-07-10 23:54:27,483  54 COMPONENTS - INFO - Finding top 10 similar products by calculating cosine similarity]
[ 2024-07-10 23:54:45,927  61 COMPONENTS - INFO - Found top 10 similar products and they are ['Adventure at the Center of the Earth', 'The Mister Burger Show', 'Terrortory 2', 'Trashtastic', 'Adventures in Dinosaur City', 'Blood Clots', 'Skippers Jam', 'League of Superheroes', 'Creature from Cannibal Creek  Get Me Pictures', 'Mini Pet Pals  The Four Seasons']]
[ 2024-07-10 23:54:53,295  61 COMPONENTS - INFO - Found top 10 similar products and they are ['Adventure at the Center of the Earth', 'The Mister Burger Show', 'Terrortory 2', 'Trashtastic', 'Adventures in Dinosaur City', 'Blood Clots', 'Skippers Jam', 'League of Superheroes', 'Creature from Cannibal Creek  Get Me Pictures', 'Mini Pet Pals  The Four Seasons']]
[ 2024-07-10 23:54:58,837  97 werkzeug - INFO - 127.0.0.1 - - [10/Jul/2024 23:54:58] "POST /predict HTTP/1.1" 200 -]
[ 2024-07-10 23:55:01,700  97 werkzeug - INFO - 127.0.0.1 - - [10/Jul/2024 23:55:01] "POST /predict HTTP/1.1" 200 -]
[ 2024-07-10 23:56:19,540  61 COMPONENTS - INFO - Found top 10 similar products and they are ['Adventure at the Center of the Earth', 'The Mister Burger Show', 'Terrortory 2', 'Trashtastic', 'Adventures in Dinosaur City', 'Blood Clots', 'Skippers Jam', 'League of Superheroes', 'Creature from Cannibal Creek  Get Me Pictures', 'Mini Pet Pals  The Four Seasons']]
[ 2024-07-10 23:56:25,649  97 werkzeug - INFO - 127.0.0.1 - - [10/Jul/2024 23:56:25] "POST /predict HTTP/1.1" 200 -]
[ 2024-07-10 23:56:34,019  61 COMPONENTS - INFO - Found top 10 similar products and they are ['Adventure at the Center of the Earth', 'The Mister Burger Show', 'Terrortory 2', 'Trashtastic', 'Adventures in Dinosaur City', 'Blood Clots', 'Skippers Jam', 'League of Superheroes', 'Creature from Cannibal Creek  Get Me Pictures', 'Mini Pet Pals  The Four Seasons']]
[ 2024-07-10 23:56:35,206  61 COMPONENTS - INFO - Found top 10 similar products and they are ['Adventure at the Center of the Earth', 'The Mister Burger Show', 'Terrortory 2', 'Trashtastic', 'Adventures in Dinosaur City', 'Blood Clots', 'Skippers Jam', 'League of Superheroes', 'Creature from Cannibal Creek  Get Me Pictures', 'Mini Pet Pals  The Four Seasons']]
[ 2024-07-10 23:56:36,421  61 COMPONENTS - INFO - Found top 10 similar products and they are ['Adventure at the Center of the Earth', 'The Mister Burger Show', 'Terrortory 2', 'Trashtastic', 'Adventures in Dinosaur City', 'Blood Clots', 'Skippers Jam', 'League of Superheroes', 'Creature from Cannibal Creek  Get Me Pictures', 'Mini Pet Pals  The Four Seasons']]
[ 2024-07-10 23:56:40,808  97 werkzeug - INFO - 127.0.0.1 - - [10/Jul/2024 23:56:40] "POST /predict HTTP/1.1" 200 -]
[ 2024-07-10 23:56:42,129  97 werkzeug - INFO - 127.0.0.1 - - [10/Jul/2024 23:56:42] "POST /predict HTTP/1.1" 200 -]
[ 2024-07-10 23:56:44,690  97 werkzeug - INFO - 127.0.0.1 - - [10/Jul/2024 23:56:44] "POST /predict HTTP/1.1" 200 -]
[ 2024-07-10 23:57:40,545  97 werkzeug - INFO -  * Detected change in '/Users/sanketsaxena/Desktop/recommendationSystem/src/utils.py', reloading]
