[ 2024-07-09 00:26:36,906  20 COMPONENTS - INFO - Starting Data Ingestion]
[ 2024-07-09 00:26:37,940  24 COMPONENTS - INFO - Data Ingestion completed]
[ 2024-07-09 00:26:37,940  28 COMPONENTS - INFO - Text Cleaning and Preprocessing Started]
[ 2024-07-09 00:26:37,940  29 COMPONENTS - INFO - Removing all the NaN values from the title column]
[ 2024-07-09 00:26:38,138  35 COMPONENTS - INFO - Removed all NaN Values from title column]
[ 2024-07-09 00:26:38,138  36 COMPONENTS - INFO - Applying the function to concatenate two columns to form Single Title Description]
[ 2024-07-09 00:26:38,374  40 COMPONENTS - INFO - Function applied]
[ 2024-07-09 00:26:38,374  41 COMPONENTS - INFO - Removing duplicates]
[ 2024-07-09 00:26:38,393  45 COMPONENTS - INFO - Removed duplicates from titleDesc Column]
[ 2024-07-09 00:26:38,393  46 COMPONENTS - INFO - Dropping unnecessary Columns]
[ 2024-07-09 00:26:38,403  50 COMPONENTS - INFO - Dropeed unnecessary Columns. Remaining columns are : Index(['Unnamed: 0', 'title', 'average_rating', 'rating_number', 'description',
       'images', 'store', 'parent_asin', 'titleDesc'],
      dtype='object')]
[ 2024-07-09 00:26:38,404  51 COMPONENTS - INFO - Lowering the case of titleDescr column]
[ 2024-07-09 00:26:38,419  55 COMPONENTS - INFO - Lowered the case of titleDesc column]
[ 2024-07-09 00:26:38,419  56 COMPONENTS - INFO - Removing Punctuations from the titleDesc column]
[ 2024-07-09 00:26:38,564  60 COMPONENTS - INFO - Removed Punctuations from the titleDesc column]
[ 2024-07-09 00:26:38,564  61 COMPONENTS - INFO - Removing stopwords from the titleDescr column]
[ 2024-07-09 00:27:37,774  65 COMPONENTS - INFO - Removed stopwords from the titleDescr column, Example value looks like : genuine leather belt men single prong metal buckle brown 4648]
[ 2024-07-09 00:27:37,774  66 COMPONENTS - INFO - Spliting the titleDescr column into list and removing duplicate words]
[ 2024-07-09 00:27:37,983  70 COMPONENTS - INFO - Splited the titleDescr column into list and removed duplicate words]
[ 2024-07-09 00:27:37,983  71 COMPONENTS - INFO - Removing all the NaN values from the titleDescr column]
[ 2024-07-09 00:27:38,120  77 COMPONENTS - INFO - Removed all NaN Values from titleDescr column]
[ 2024-07-09 00:27:38,120  78 COMPONENTS - INFO - Text Cleaning and Preprocessing completed]
[ 2024-07-09 00:27:38,120  79 COMPONENTS - INFO - Saving the transformed df into Artifact Folder]
[ 2024-07-09 00:27:39,453  83 COMPONENTS - INFO - Saved the transformed df into Artifact Folder]
