[ 2024-07-09 01:39:49,785  21 COMPONENTS - INFO - Starting Data Ingestion]
[ 2024-07-09 01:39:50,842  25 COMPONENTS - INFO - Data Ingestion completed]
[ 2024-07-09 01:39:50,842  28 COMPONENTS - INFO - Text Cleaning and Preprocessing Started]
[ 2024-07-09 01:39:50,842  29 COMPONENTS - INFO - Removing all the NaN values from the title column]
[ 2024-07-09 01:39:51,037  35 COMPONENTS - INFO - Removed all NaN Values from title column]
[ 2024-07-09 01:39:51,037  36 COMPONENTS - INFO - Applying the function to concatenate two columns to form Single Title Description]
[ 2024-07-09 01:39:51,282  40 COMPONENTS - INFO - Function applied]
[ 2024-07-09 01:39:51,282  41 COMPONENTS - INFO - Removing duplicates]
[ 2024-07-09 01:39:51,300  45 COMPONENTS - INFO - Removed duplicates from titleDesc Column]
[ 2024-07-09 01:39:51,300  46 COMPONENTS - INFO - Dropping unnecessary Columns]
[ 2024-07-09 01:39:51,308  50 COMPONENTS - INFO - Dropped unnecessary Columns. Remaining columns are : Index(['Unnamed: 0', 'title', 'average_rating', 'rating_number', 'description',
       'images', 'store', 'parent_asin', 'titleDesc'],
      dtype='object')]
[ 2024-07-09 01:39:51,308  51 COMPONENTS - INFO - Lowering the case of titleDescr column]
[ 2024-07-09 01:39:51,322  55 COMPONENTS - INFO - Lowered the case of titleDesc column]
[ 2024-07-09 01:39:51,322  56 COMPONENTS - INFO - Removing Punctuations from the titleDesc column]
[ 2024-07-09 01:39:51,465  60 COMPONENTS - INFO - Removed Punctuations from the titleDesc column]
[ 2024-07-09 01:39:51,465  61 COMPONENTS - INFO - Removing stopwords from the titleDescr column]
[ 2024-07-09 01:40:50,534  65 COMPONENTS - INFO - Removed stopwords from the titleDescr column, Example value looks like : genuine leather belt men single prong metal buckle brown 4648]
[ 2024-07-09 01:40:50,534  66 COMPONENTS - INFO - Spliting the titleDescr column into list and removing duplicate words]
[ 2024-07-09 01:40:50,736  70 COMPONENTS - INFO - Splited the titleDescr column into list and removed duplicate words]
[ 2024-07-09 01:40:50,737  71 COMPONENTS - INFO - Removing all the NaN values from the titleDescr column]
[ 2024-07-09 01:40:50,872  77 COMPONENTS - INFO - Removed all NaN Values from titleDescr column]
[ 2024-07-09 01:40:50,872  78 COMPONENTS - INFO - Text Cleaning and Preprocessing completed]
[ 2024-07-09 01:40:50,872  79 COMPONENTS - INFO - Saving the transformed df into Artifact Folder]
[ 2024-07-09 01:40:52,093  83 COMPONENTS - INFO - Saved the transformed df into Artifact Folder]
