[ 2024-07-09 01:35:08,233  21 COMPONENTS - INFO - Starting Data Ingestion]
[ 2024-07-09 01:35:09,402  25 COMPONENTS - INFO - Data Ingestion completed]
[ 2024-07-09 01:35:09,403  28 COMPONENTS - INFO - Text Cleaning and Preprocessing Started]
[ 2024-07-09 01:35:09,403  29 COMPONENTS - INFO - Removing all the NaN values from the title column]
[ 2024-07-09 01:35:09,626  35 COMPONENTS - INFO - Removed all NaN Values from title column]
[ 2024-07-09 01:35:09,626  36 COMPONENTS - INFO - Applying the function to concatenate two columns to form Single Title Description]
[ 2024-07-09 01:35:09,883  40 COMPONENTS - INFO - Function applied]
[ 2024-07-09 01:35:09,883  41 COMPONENTS - INFO - Removing duplicates]
[ 2024-07-09 01:35:09,902  45 COMPONENTS - INFO - Removed duplicates from titleDesc Column]
[ 2024-07-09 01:35:09,903  46 COMPONENTS - INFO - Dropping unnecessary Columns]
[ 2024-07-09 01:35:09,913  50 COMPONENTS - INFO - Dropped unnecessary Columns. Remaining columns are : Index(['Unnamed: 0', 'title', 'average_rating', 'rating_number', 'description',
       'images', 'store', 'parent_asin', 'titleDesc'],
      dtype='object')]
[ 2024-07-09 01:35:09,913  51 COMPONENTS - INFO - Lowering the case of titleDescr column]
[ 2024-07-09 01:35:09,929  55 COMPONENTS - INFO - Lowered the case of titleDesc column]
[ 2024-07-09 01:35:09,929  56 COMPONENTS - INFO - Removing Punctuations from the titleDesc column]
[ 2024-07-09 01:35:10,089  60 COMPONENTS - INFO - Removed Punctuations from the titleDesc column]
[ 2024-07-09 01:35:10,089  61 COMPONENTS - INFO - Removing stopwords from the titleDescr column]
[ 2024-07-09 01:36:14,553  65 COMPONENTS - INFO - Removed stopwords from the titleDescr column, Example value looks like : genuine leather belt men single prong metal buckle brown 4648]
[ 2024-07-09 01:36:14,553  66 COMPONENTS - INFO - Spliting the titleDescr column into list and removing duplicate words]
[ 2024-07-09 01:36:14,803  70 COMPONENTS - INFO - Splited the titleDescr column into list and removed duplicate words]
[ 2024-07-09 01:36:14,803  71 COMPONENTS - INFO - Removing all the NaN values from the titleDescr column]
[ 2024-07-09 01:36:14,955  77 COMPONENTS - INFO - Removed all NaN Values from titleDescr column]
[ 2024-07-09 01:36:14,955  78 COMPONENTS - INFO - Text Cleaning and Preprocessing completed]
[ 2024-07-09 01:36:14,955  79 COMPONENTS - INFO - Saving the transformed df into Artifact Folder]
[ 2024-07-09 01:36:16,284  83 COMPONENTS - INFO - Saved the transformed df into Artifact Folder]
