[ 2024-07-09 01:42:30,834  21 COMPONENTS - INFO - Starting Data Ingestion]
[ 2024-07-09 01:42:31,892  25 COMPONENTS - INFO - Data Ingestion completed]
[ 2024-07-09 01:42:31,892  28 COMPONENTS - INFO - Text Cleaning and Preprocessing Started]
[ 2024-07-09 01:42:31,892  29 COMPONENTS - INFO - Removing all the NaN values from the title column]
[ 2024-07-09 01:42:32,092  35 COMPONENTS - INFO - Removed all NaN Values from title column]
[ 2024-07-09 01:42:32,093  36 COMPONENTS - INFO - Applying the function to concatenate two columns to form Single Title Description]
[ 2024-07-09 01:42:32,335  40 COMPONENTS - INFO - Function applied]
[ 2024-07-09 01:42:32,335  41 COMPONENTS - INFO - Removing duplicates]
[ 2024-07-09 01:42:32,354  45 COMPONENTS - INFO - Removed duplicates from titleDesc Column]
[ 2024-07-09 01:42:32,354  46 COMPONENTS - INFO - Dropping unnecessary Columns]
[ 2024-07-09 01:42:32,362  50 COMPONENTS - INFO - Dropped unnecessary Columns. Remaining columns are : Index(['Unnamed: 0', 'title', 'average_rating', 'rating_number', 'description',
       'images', 'store', 'parent_asin', 'titleDesc'],
      dtype='object')]
[ 2024-07-09 01:42:32,363  51 COMPONENTS - INFO - Lowering the case of titleDescr column]
[ 2024-07-09 01:42:32,377  55 COMPONENTS - INFO - Lowered the case of titleDesc column]
[ 2024-07-09 01:42:32,377  56 COMPONENTS - INFO - Removing Punctuations from the titleDesc column]
[ 2024-07-09 01:42:32,522  60 COMPONENTS - INFO - Removed Punctuations from the titleDesc column]
[ 2024-07-09 01:42:32,522  61 COMPONENTS - INFO - Removing stopwords from the titleDescr column]
[ 2024-07-09 01:43:31,668  65 COMPONENTS - INFO - Removed stopwords from the titleDescr column, Example value looks like : genuine leather belt men single prong metal buckle brown 4648]
[ 2024-07-09 01:43:31,668  66 COMPONENTS - INFO - Spliting the titleDescr column into list and removing duplicate words]
[ 2024-07-09 01:43:31,848  70 COMPONENTS - INFO - Splited the titleDescr column into list and removed duplicate words]
[ 2024-07-09 01:43:31,848  71 COMPONENTS - INFO - Removing all the NaN values from the titleDescr column]
[ 2024-07-09 01:43:31,986  77 COMPONENTS - INFO - Removed all NaN Values from titleDescr column]
[ 2024-07-09 01:43:31,986  78 COMPONENTS - INFO - Text Cleaning and Preprocessing completed]
[ 2024-07-09 01:43:31,986  79 COMPONENTS - INFO - Saving the transformed df into Artifact Folder]
[ 2024-07-09 01:43:33,189  83 COMPONENTS - INFO - Saved the transformed df into Artifact Folder]
