[ 2024-07-09 18:16:17,909  24 COMPONENTS - INFO - Doing text preprocessing]
[ 2024-07-09 18:16:17,912  31 COMPONENTS - INFO - Text preprocessing done. After text preprocessing X is :           titleDesc
0  [olive, satchel]]
[ 2024-07-09 18:16:17,912  32 COMPONENTS - INFO - Loading the w2vModel]
[ 2024-07-09 18:16:18,057  36 COMPONENTS - INFO - Loaded w2vModel]
[ 2024-07-09 18:16:18,057  37 COMPONENTS - INFO - Applying w2vModel on input X]
[ 2024-07-09 18:16:18,058  42 COMPONENTS - INFO - Applied w2vModel on input X. X = Empty DataFrame
Columns: [titleDesc]
Index: []]
[ 2024-07-09 18:16:18,058  43 COMPONENTS - INFO - Loading the pcaModel]
[ 2024-07-09 18:16:18,071  47 COMPONENTS - INFO - Loaded pcamodel]
[ 2024-07-09 18:16:18,071  48 COMPONENTS - INFO - Applying pcamodel on input X]
[ 2024-07-09 18:16:18,072  53 COMPONENTS - INFO - Applied pcamodel on input X. X = [[-1.6887486  -0.7636367   2.3430946   1.2185135  -2.6881251   4.891631
   0.48312894  1.9382948  -1.6513542  -1.592494    2.3600504  -4.1833324
  -1.1057149   2.31665    -1.7629005   0.08657035  0.83511955  0.29509908
  -1.6316051   0.81972384  2.7583346  -0.4353919  -0.6880587  -0.16313857
  -0.13034664  0.3329424  -0.2590219   0.316114   -0.421812   -0.20757711
   0.56029594  0.39045456 -1.4192722  -0.43900672 -0.47982183  1.0173029
   1.2136393   0.4014967   0.966663   -0.75474244 -1.1064812  -1.2758523
  -0.49163148  0.39753765 -0.13269164 -0.8934022   0.7362274   0.355284
   0.08137026  0.07705714]]]
[ 2024-07-09 18:16:18,072  54 COMPONENTS - INFO - Finding top 10 similar products by calculating cosine similarity]
