[ 2024-07-09 18:14:21,455  24 COMPONENTS - INFO - Doing text preprocessing]
[ 2024-07-09 18:14:21,462  31 COMPONENTS - INFO - Text preprocessing done. After text preprocessing X is :                                            titleDesc
0  [western, black, belts, women, fashion, womens...]
[ 2024-07-09 18:14:21,462  32 COMPONENTS - INFO - Loading the w2vModel]
[ 2024-07-09 18:14:21,617  36 COMPONENTS - INFO - Loaded w2vModel]
[ 2024-07-09 18:14:21,617  37 COMPONENTS - INFO - Applying w2vModel on input X]
[ 2024-07-09 18:14:21,618  42 COMPONENTS - INFO - Applied w2vModel on input X. X = Empty DataFrame
Columns: [titleDesc]
Index: []]
[ 2024-07-09 18:14:21,618  43 COMPONENTS - INFO - Loading the pcaModel]
[ 2024-07-09 18:14:21,631  47 COMPONENTS - INFO - Loaded pcamodel]
[ 2024-07-09 18:14:21,631  48 COMPONENTS - INFO - Applying pcamodel on input X]
[ 2024-07-09 18:14:21,632  53 COMPONENTS - INFO - Applied pcamodel on input X. X = [[ 1.4646535  -0.17924057  2.148984    0.06677717 -1.151122    0.5948629
  -1.6114593   1.5999635   0.6110268   1.8366804  -0.38870224 -1.0068942
  -0.11662816 -0.86502576 -0.59010655 -1.649174    0.3048159   0.7483915
   1.4505941   0.2125462  -0.0648206  -1.0311631  -0.23219725  0.4669338
   0.9859568   1.020249    0.7113239   0.466289    0.23140278  0.5757795
  -0.9244845   0.11792845  0.47210565 -0.05683631  0.29851872 -0.42176914
  -0.3103729   0.00371997 -0.06575324  0.07592906 -0.61935264 -0.65050626
   0.34757197 -0.09838959 -0.1669043  -0.14674695  0.35543093 -0.15212822
   0.18923846  0.03555882]]]
[ 2024-07-09 18:14:21,632  54 COMPONENTS - INFO - Finding top 10 similar products by calculating cosine similarity]
[ 2024-07-09 18:14:56,186  24 COMPONENTS - INFO - Doing text preprocessing]
[ 2024-07-09 18:14:56,190  31 COMPONENTS - INFO - Text preprocessing done. After text preprocessing X is :                                            titleDesc
0  [steve, madden, womens, quilt, barrel, satchel...]
[ 2024-07-09 18:14:56,190  32 COMPONENTS - INFO - Loading the w2vModel]
[ 2024-07-09 18:14:56,330  36 COMPONENTS - INFO - Loaded w2vModel]
[ 2024-07-09 18:14:56,330  37 COMPONENTS - INFO - Applying w2vModel on input X]
[ 2024-07-09 18:14:56,331  42 COMPONENTS - INFO - Applied w2vModel on input X. X = Empty DataFrame
Columns: [titleDesc]
Index: []]
[ 2024-07-09 18:14:56,331  43 COMPONENTS - INFO - Loading the pcaModel]
[ 2024-07-09 18:14:56,340  47 COMPONENTS - INFO - Loaded pcamodel]
[ 2024-07-09 18:14:56,340  48 COMPONENTS - INFO - Applying pcamodel on input X]
[ 2024-07-09 18:14:56,341  53 COMPONENTS - INFO - Applied pcamodel on input X. X = [[-1.3886294   0.37753627  1.1772578   0.21037295 -1.6226914   2.4651527
  -0.35500938  0.6267116  -0.16703267 -1.8606379   1.9521173  -1.1681192
  -1.0288672  -0.183315   -0.4160437  -0.31292152  0.11982414 -0.311486
  -0.944813    0.8988491   1.518582   -0.7452004  -0.93786967  0.35048494
   0.56756127  0.7325401  -0.40831316 -0.47400412 -0.34768748 -0.12247871
   0.47989795  0.15289885 -0.2025082  -0.31949082 -0.6029801  -0.07685861
   0.0482423   0.21569052  0.07622115 -0.15383762 -0.28809577 -0.4803128
  -0.00324055 -0.06878759  0.29765975 -0.17887393 -0.09381571 -0.07691675
   0.5933618  -0.6458884 ]]]
[ 2024-07-09 18:14:56,341  54 COMPONENTS - INFO - Finding top 10 similar products by calculating cosine similarity]
