[ 2024-07-09 19:14:44,209  97 werkzeug - WARNING -  * Debugger is active!]
[ 2024-07-09 19:14:44,217  97 werkzeug - INFO -  * Debugger PIN: 121-992-361]
[ 2024-07-09 19:14:48,401  24 COMPONENTS - INFO - Doing text preprocessing]
[ 2024-07-09 19:14:48,416  31 COMPONENTS - INFO - Text preprocessing done. After text preprocessing X is :        titleDesc
0  [blue, shirt]]
[ 2024-07-09 19:14:48,416  32 COMPONENTS - INFO - Loading the w2vModel]
[ 2024-07-09 19:14:48,593  36 COMPONENTS - INFO - Loaded w2vModel]
[ 2024-07-09 19:14:48,593  37 COMPONENTS - INFO - Applying w2vModel on input X]
[ 2024-07-09 19:14:48,594  42 COMPONENTS - INFO - Applied w2vModel on input X. X = Empty DataFrame
Columns: [titleDesc]
Index: []]
[ 2024-07-09 19:14:48,594  43 COMPONENTS - INFO - Loading the pcaModel]
[ 2024-07-09 19:14:48,610  47 COMPONENTS - INFO - Loaded pcamodel]
[ 2024-07-09 19:14:48,611  48 COMPONENTS - INFO - Applying pcamodel on input X]
[ 2024-07-09 19:14:48,612  53 COMPONENTS - INFO - Applied pcamodel on input X. X = [[ 5.5848684  -0.6535342  -3.3887196   1.3834126   0.22220549  3.0059628
   2.7595272  -0.46127957  0.5406365   2.533091    0.973883   -0.67153525
  -0.03914082  0.99224865 -1.310003   -0.14851654  0.13638595  0.22449797
   1.0988866  -0.40215847  1.059368   -0.6022719   0.4025533   0.03322768
  -0.1188709  -1.5151331   1.0073597   1.0694262  -0.5308927   0.4324348
   1.6753933  -0.12063034 -0.90945965 -1.0030919  -0.16129458  0.12321007
  -2.0414367  -2.550655    0.4250852  -0.36496684  0.07740837  0.59481215
   1.478532    2.3606436  -0.48233694 -1.8780761   0.1624353  -0.01284474
  -1.8543279   0.40052593]]]
[ 2024-07-09 19:14:48,612  54 COMPONENTS - INFO - Finding top 10 similar products by calculating cosine similarity]
[ 2024-07-09 19:14:57,654  61 COMPONENTS - INFO - Found top 10 similar products and they are ['suck shirt xl navy blue', 'john lennon blue black plaid shirt xlarge', 'awdis kids short sleeve cool polo shirt sapphire blue 78', 'sslr mens summer shirts short sleeve aloha shirt hawaiian men small blue rose 168118', 'daupanzees mens pineapple short sleeve orange shirt aloha cotton hawaiian shirts yellow xl', 'yuezoon mens button shirt shortsleeve regularfit blue casual shirts grey large', 'cartoon hands cali tshirt shirts large royal blue', 'rashbi mens blue dress shirt medium', 'sslr mens cotton button short sleeve hawaiian shirt 4xlarge blue 16847', 'daupanzees mens hawaiian flamingos shirts floral printed tropical unisex casual short sleeve aloha vacation button island shirt navy blue xxl']]
[ 2024-07-09 19:14:57,676  97 werkzeug - INFO - 127.0.0.1 - - [09/Jul/2024 19:14:57] "POST /predict HTTP/1.1" 200 -]
[ 2024-07-09 19:15:57,101  24 COMPONENTS - INFO - Doing text preprocessing]
[ 2024-07-09 19:15:57,110  31 COMPONENTS - INFO - Text preprocessing done. After text preprocessing X is :        titleDesc
0  [blue, shirt]]
[ 2024-07-09 19:15:57,111  32 COMPONENTS - INFO - Loading the w2vModel]
[ 2024-07-09 19:15:57,195  36 COMPONENTS - INFO - Loaded w2vModel]
[ 2024-07-09 19:15:57,196  37 COMPONENTS - INFO - Applying w2vModel on input X]
[ 2024-07-09 19:15:57,198  42 COMPONENTS - INFO - Applied w2vModel on input X. X = Empty DataFrame
Columns: [titleDesc]
Index: []]
[ 2024-07-09 19:15:57,198  43 COMPONENTS - INFO - Loading the pcaModel]
[ 2024-07-09 19:15:57,199  47 COMPONENTS - INFO - Loaded pcamodel]
[ 2024-07-09 19:15:57,199  48 COMPONENTS - INFO - Applying pcamodel on input X]
[ 2024-07-09 19:15:57,201  53 COMPONENTS - INFO - Applied pcamodel on input X. X = [[ 5.5848684  -0.6535342  -3.3887196   1.3834126   0.22220549  3.0059628
   2.7595272  -0.46127957  0.5406365   2.533091    0.973883   -0.67153525
  -0.03914082  0.99224865 -1.310003   -0.14851654  0.13638595  0.22449797
   1.0988866  -0.40215847  1.059368   -0.6022719   0.4025533   0.03322768
  -0.1188709  -1.5151331   1.0073597   1.0694262  -0.5308927   0.4324348
   1.6753933  -0.12063034 -0.90945965 -1.0030919  -0.16129458  0.12321007
  -2.0414367  -2.550655    0.4250852  -0.36496684  0.07740837  0.59481215
   1.478532    2.3606436  -0.48233694 -1.8780761   0.1624353  -0.01284474
  -1.8543279   0.40052593]]]
[ 2024-07-09 19:15:57,201  54 COMPONENTS - INFO - Finding top 10 similar products by calculating cosine similarity]
[ 2024-07-09 19:16:06,256  61 COMPONENTS - INFO - Found top 10 similar products and they are ['suck shirt xl navy blue', 'john lennon blue black plaid shirt xlarge', 'awdis kids short sleeve cool polo shirt sapphire blue 78', 'sslr mens summer shirts short sleeve aloha shirt hawaiian men small blue rose 168118', 'daupanzees mens pineapple short sleeve orange shirt aloha cotton hawaiian shirts yellow xl', 'yuezoon mens button shirt shortsleeve regularfit blue casual shirts grey large', 'cartoon hands cali tshirt shirts large royal blue', 'rashbi mens blue dress shirt medium', 'sslr mens cotton button short sleeve hawaiian shirt 4xlarge blue 16847', 'daupanzees mens hawaiian flamingos shirts floral printed tropical unisex casual short sleeve aloha vacation button island shirt navy blue xxl']]
[ 2024-07-09 19:16:06,275  97 werkzeug - INFO - 127.0.0.1 - - [09/Jul/2024 19:16:06] "POST /predict HTTP/1.1" 200 -]
[ 2024-07-09 19:17:28,089  24 COMPONENTS - INFO - Doing text preprocessing]
[ 2024-07-09 19:17:28,098  31 COMPONENTS - INFO - Text preprocessing done. After text preprocessing X is :        titleDesc
0  [blue, shirt]]
[ 2024-07-09 19:17:28,099  32 COMPONENTS - INFO - Loading the w2vModel]
[ 2024-07-09 19:17:28,164  36 COMPONENTS - INFO - Loaded w2vModel]
[ 2024-07-09 19:17:28,164  37 COMPONENTS - INFO - Applying w2vModel on input X]
[ 2024-07-09 19:17:28,166  42 COMPONENTS - INFO - Applied w2vModel on input X. X = Empty DataFrame
Columns: [titleDesc]
Index: []]
[ 2024-07-09 19:17:28,166  43 COMPONENTS - INFO - Loading the pcaModel]
[ 2024-07-09 19:17:28,167  47 COMPONENTS - INFO - Loaded pcamodel]
[ 2024-07-09 19:17:28,167  48 COMPONENTS - INFO - Applying pcamodel on input X]
[ 2024-07-09 19:17:28,168  53 COMPONENTS - INFO - Applied pcamodel on input X. X = [[ 5.5848684  -0.6535342  -3.3887196   1.3834126   0.22220549  3.0059628
   2.7595272  -0.46127957  0.5406365   2.533091    0.973883   -0.67153525
  -0.03914082  0.99224865 -1.310003   -0.14851654  0.13638595  0.22449797
   1.0988866  -0.40215847  1.059368   -0.6022719   0.4025533   0.03322768
  -0.1188709  -1.5151331   1.0073597   1.0694262  -0.5308927   0.4324348
   1.6753933  -0.12063034 -0.90945965 -1.0030919  -0.16129458  0.12321007
  -2.0414367  -2.550655    0.4250852  -0.36496684  0.07740837  0.59481215
   1.478532    2.3606436  -0.48233694 -1.8780761   0.1624353  -0.01284474
  -1.8543279   0.40052593]]]
[ 2024-07-09 19:17:28,168  54 COMPONENTS - INFO - Finding top 10 similar products by calculating cosine similarity]
[ 2024-07-09 19:17:37,384  61 COMPONENTS - INFO - Found top 10 similar products and they are ['suck shirt xl navy blue', 'john lennon blue black plaid shirt xlarge', 'awdis kids short sleeve cool polo shirt sapphire blue 78', 'sslr mens summer shirts short sleeve aloha shirt hawaiian men small blue rose 168118', 'daupanzees mens pineapple short sleeve orange shirt aloha cotton hawaiian shirts yellow xl', 'yuezoon mens button shirt shortsleeve regularfit blue casual shirts grey large', 'cartoon hands cali tshirt shirts large royal blue', 'rashbi mens blue dress shirt medium', 'sslr mens cotton button short sleeve hawaiian shirt 4xlarge blue 16847', 'daupanzees mens hawaiian flamingos shirts floral printed tropical unisex casual short sleeve aloha vacation button island shirt navy blue xxl']]
[ 2024-07-09 19:17:37,406  97 werkzeug - INFO - 127.0.0.1 - - [09/Jul/2024 19:17:37] "POST /predict HTTP/1.1" 200 -]
[ 2024-07-09 19:18:16,865  97 werkzeug - INFO -  * Detected change in '/Users/sanketsaxena/Desktop/recommendationSystem/application.py', reloading]
